#
# There is insufficient memory for the Java Runtime Environment to continue.
# Native memory allocation (mmap) failed to map 113246208 bytes for committing reserved memory.
# Possible reasons:
#   The system is out of physical RAM or swap space
#   In 32 bit mode, the process size limit was hit
# Possible solutions:
#   Reduce memory load on the system
#   Increase physical memory or swap space
#   Check if swap backing store is full
#   Use 64 bit Java on a 64 bit OS
#   Decrease Java heap size (-Xmx/-Xms)
#   Decrease number of Java threads
#   Decrease Java thread stack sizes (-Xss)
#   Set larger code cache with -XX:ReservedCodeCacheSize=
# This output file may be truncated or incomplete.
#
#  Out of Memory Error (os_linux.cpp:2673), pid=18013, tid=139885261309696
#
# JRE version: Java(TM) SE Runtime Environment (8.0_45-b14) (build 1.8.0_45-b14)
# Java VM: Java HotSpot(TM) 64-Bit Server VM (25.45-b02 mixed mode linux-amd64 compressed oops)
# Failed to write core dump. Core dumps have been disabled. To enable core dumping, try "ulimit -c unlimited" before starting Java again
#

---------------  T H R E A D  ---------------

Current thread (0x00007f39ac1c7000):  VMThread [stack: 0x00007f39933f4000,0x00007f39934f5000] [id=18030]

Stack: [0x00007f39933f4000,0x00007f39934f5000],  sp=0x00007f39934f3060,  free space=1020k
Native frames: (J=compiled Java code, j=interpreted, Vv=VM code, C=native code)
V  [libjvm.so+0xaac99a]  VMError::report_and_die()+0x2ba
V  [libjvm.so+0x4f333b]  report_vm_out_of_memory(char const*, int, unsigned long, VMErrorType, char const*)+0x8b
V  [libjvm.so+0x90e7c3]  os::Linux::commit_memory_impl(char*, unsigned long, bool)+0x103
V  [libjvm.so+0x90ed19]  os::pd_commit_memory(char*, unsigned long, unsigned long, bool)+0x29
V  [libjvm.so+0x90867a]  os::commit_memory(char*, unsigned long, unsigned long, bool)+0x2a
V  [libjvm.so+0x97bac3]  PSVirtualSpace::expand_by(unsigned long)+0x53
V  [libjvm.so+0x97cec8]  PSYoungGen::resize_generation(unsigned long, unsigned long)+0xf8
V  [libjvm.so+0x97c022]  PSYoungGen::resize(unsigned long, unsigned long)+0x22
V  [libjvm.so+0x9792fb]  PSScavenge::invoke_no_policy()+0xf7b
V  [libjvm.so+0x979a81]  PSScavenge::invoke()+0x41
V  [libjvm.so+0x932050]  ParallelScavengeHeap::failed_mem_allocate(unsigned long)+0x70
V  [libjvm.so+0xaae1d7]  VM_ParallelGCFailedAllocation::doit()+0x97
V  [libjvm.so+0xab59c5]  VM_Operation::evaluate()+0x55
V  [libjvm.so+0xab3d9a]  VMThread::evaluate_operation(VM_Operation*)+0xba
V  [libjvm.so+0xab411e]  VMThread::loop()+0x1ce
V  [libjvm.so+0xab4590]  VMThread::run()+0x70
V  [libjvm.so+0x910de8]  java_start(Thread*)+0x108

VM_Operation (0x00007f39b2b149f0): ParallelGCFailedAllocation, mode: safepoint, requested by thread 0x00007f39ac00a000


---------------  P R O C E S S  ---------------

Java Threads: ( => current thread )
  0x00007f39ac214800 JavaThread "Service Thread" daemon [_thread_blocked, id=18038, stack(0x00007f39923a0000,0x00007f39924a1000)]
  0x00007f39ac20f800 JavaThread "C1 CompilerThread3" daemon [_thread_blocked, id=18037, stack(0x00007f39924a1000,0x00007f39925a2000)]
  0x00007f39ac20d800 JavaThread "C2 CompilerThread2" daemon [_thread_in_native, id=18036, stack(0x00007f39925a2000,0x00007f39926a3000)]
  0x00007f39ac20b800 JavaThread "C2 CompilerThread1" daemon [_thread_blocked, id=18035, stack(0x00007f39926a3000,0x00007f39927a4000)]
  0x00007f39ac208800 JavaThread "C2 CompilerThread0" daemon [_thread_blocked, id=18034, stack(0x00007f39927a4000,0x00007f39928a5000)]
  0x00007f39ac207800 JavaThread "Signal Dispatcher" daemon [_thread_blocked, id=18033, stack(0x00007f39928a5000,0x00007f39929a6000)]
  0x00007f39ac1ce000 JavaThread "Finalizer" daemon [_thread_blocked, id=18032, stack(0x00007f39931f2000,0x00007f39932f3000)]
  0x00007f39ac1cc000 JavaThread "Reference Handler" daemon [_thread_blocked, id=18031, stack(0x00007f39932f3000,0x00007f39933f4000)]
  0x00007f39ac00a000 JavaThread "main" [_thread_blocked, id=18021, stack(0x00007f39b2a16000,0x00007f39b2b17000)]

Other Threads:
=>0x00007f39ac1c7000 VMThread [stack: 0x00007f39933f4000,0x00007f39934f5000] [id=18030]
  0x00007f39ac217000 WatcherThread [stack: 0x00007f399229f000,0x00007f39923a0000] [id=18039]

VM state:at safepoint (normal execution)

VM Mutex/Monitor currently owned by a thread:  ([mutex/lock_event])
[0x00007f39ac0062c0] Threads_lock - owner thread: 0x00007f39ac1c7000
[0x00007f39ac0067c0] Heap_lock - owner thread: 0x00007f39ac00a000

Heap:
 PSYoungGen      total 107520K, used 12792K [0x00000000eab00000, 0x00000000f2200000, 0x0000000100000000)
  eden space 94720K, 0% used [0x00000000eab00000,0x00000000eab00000,0x00000000f0780000)
  from space 12800K, 99% used [0x00000000f0780000,0x00000000f13fe358,0x00000000f1400000)
  to   space 11264K, 0% used [0x00000000f1400000,0x00000000f1400000,0x00000000f1f00000)
 ParOldGen       total 62976K, used 34988K [0x00000000c0000000, 0x00000000c3d80000, 0x00000000eab00000)
  object space 62976K, 55% used [0x00000000c0000000,0x00000000c222b360,0x00000000c3d80000)
 Metaspace       used 5979K, capacity 7152K, committed 7296K, reserved 1056768K
  class space    used 565K, capacity 616K, committed 640K, reserved 1048576K

Card table byte_map: [0x00007f399c40c000,0x00007f399c60d000] byte_map_base: 0x00007f399be0c000

Marking Bits: (ParMarkBitMap*) 0x00007f39b1eec760
 Begin Bits: [0x00007f3999c04000, 0x00007f399ac04000)
 End Bits:   [0x00007f399ac04000, 0x00007f399bc04000)

Polling page: 0x00007f39b2b33000

CodeCache: size=245760Kb used=7439Kb max_used=7439Kb free=238320Kb
 bounds [0x00007f399c9cd000, 0x00007f399d11d000, 0x00007f39ab9cd000]
 total_blobs=1966 nmethods=1703 adapters=177
 compilation: enabled

Compilation events (10 events):
Event: 8,183 Thread 0x00007f39ac20f800 1754       2       com.android.dx.dex.file.ClassDefItem::<init> (110 bytes)
Event: 8,184 Thread 0x00007f39ac20f800 nmethod 1754 0x00007f399d104a50 code [0x00007f399d104c20, 0x00007f399d105248]
Event: 8,184 Thread 0x00007f39ac20f800 1755       2       com.android.dx.dex.cf.AttributeTranslator::translateEnclosingMethod (50 bytes)
Event: 8,184 Thread 0x00007f39ac20f800 nmethod 1755 0x00007f399d103e50 code [0x00007f399d104040, 0x00007f399d1045c8]
Event: 8,184 Thread 0x00007f39ac20f800 1756       2       com.android.dx.dex.cf.AttributeTranslator::translateInnerClasses (356 bytes)
Event: 8,186 Thread 0x00007f39ac20f800 nmethod 1756 0x00007f399d100b50 code [0x00007f399d100f20, 0x00007f399d102298]
Event: 8,187 Thread 0x00007f39ac20f800 1757   !   2       com.android.dx.dex.cf.CfTranslator::processFields (251 bytes)
Event: 8,189 Thread 0x00007f39ac20f800 nmethod 1757 0x00007f399d115450 code [0x00007f399d1157a0, 0x00007f399d1164a8]
Event: 8,190 Thread 0x00007f39ac20f800 1758       2       com.android.dx.cf.code.SwitchList::add (35 bytes)
Event: 8,190 Thread 0x00007f39ac20f800 nmethod 1758 0x00007f399d100450 code [0x00007f399d100600, 0x00007f399d100938]

GC Heap History (10 events):
Event: 4,157 GC heap after
Heap after GC invocations=2 (full 0):
 PSYoungGen      total 27648K, used 3573K [0x00000000eab00000, 0x00000000ee100000, 0x0000000100000000)
  eden space 24064K, 0% used [0x00000000eab00000,0x00000000eab00000,0x00000000ec280000)
  from space 3584K, 99% used [0x00000000ec600000,0x00000000ec97d410,0x00000000ec980000)
  to   space 3584K, 0% used [0x00000000ec280000,0x00000000ec280000,0x00000000ec600000)
 ParOldGen       total 62976K, used 5520K [0x00000000c0000000, 0x00000000c3d80000, 0x00000000eab00000)
  object space 62976K, 8% used [0x00000000c0000000,0x00000000c05642c8,0x00000000c3d80000)
 Metaspace       used 5709K, capacity 6960K, committed 7040K, reserved 1056768K
  class space    used 546K, capacity 616K, committed 640K, reserved 1048576K
}
Event: 4,774 GC heap before
{Heap before GC invocations=3 (full 0):
 PSYoungGen      total 27648K, used 27637K [0x00000000eab00000, 0x00000000ee100000, 0x0000000100000000)
  eden space 24064K, 100% used [0x00000000eab00000,0x00000000ec280000,0x00000000ec280000)
  from space 3584K, 99% used [0x00000000ec600000,0x00000000ec97d410,0x00000000ec980000)
  to   space 3584K, 0% used [0x00000000ec280000,0x00000000ec280000,0x00000000ec600000)
 ParOldGen       total 62976K, used 5520K [0x00000000c0000000, 0x00000000c3d80000, 0x00000000eab00000)
  object space 62976K, 8% used [0x00000000c0000000,0x00000000c05642c8,0x00000000c3d80000)
 Metaspace       used 5777K, capacity 7024K, committed 7296K, reserved 1056768K
  class space    used 546K, capacity 616K, committed 640K, reserved 1048576K
Event: 4,813 GC heap after
Heap after GC invocations=3 (full 0):
 PSYoungGen      total 27648K, used 3567K [0x00000000eab00000, 0x00000000ee100000, 0x0000000100000000)
  eden space 24064K, 0% used [0x00000000eab00000,0x00000000eab00000,0x00000000ec280000)
  from space 3584K, 99% used [0x00000000ec280000,0x00000000ec5fbc60,0x00000000ec600000)
  to   space 3584K, 0% used [0x00000000edd80000,0x00000000edd80000,0x00000000ee100000)
 ParOldGen       total 62976K, used 9216K [0x00000000c0000000, 0x00000000c3d80000, 0x00000000eab00000)
  object space 62976K, 14% used [0x00000000c0000000,0x00000000c09002e0,0x00000000c3d80000)
 Metaspace       used 5777K, capacity 7024K, committed 7296K, reserved 1056768K
  class space    used 546K, capacity 616K, committed 640K, reserved 1048576K
}
Event: 5,174 GC heap before
{Heap before GC invocations=4 (full 0):
 PSYoungGen      total 27648K, used 27631K [0x00000000eab00000, 0x00000000ee100000, 0x0000000100000000)
  eden space 24064K, 100% used [0x00000000eab00000,0x00000000ec280000,0x00000000ec280000)
  from space 3584K, 99% used [0x00000000ec280000,0x00000000ec5fbc60,0x00000000ec600000)
  to   space 3584K, 0% used [0x00000000edd80000,0x00000000edd80000,0x00000000ee100000)
 ParOldGen       total 62976K, used 9216K [0x00000000c0000000, 0x00000000c3d80000, 0x00000000eab00000)
  object space 62976K, 14% used [0x00000000c0000000,0x00000000c09002e0,0x00000000c3d80000)
 Metaspace       used 5799K, capacity 7024K, committed 7296K, reserved 1056768K
  class space    used 546K, capacity 616K, committed 640K, reserved 1048576K
Event: 5,210 GC heap after
Heap after GC invocations=4 (full 0):
 PSYoungGen      total 51712K, used 3583K [0x00000000eab00000, 0x00000000ee100000, 0x0000000100000000)
  eden space 48128K, 0% used [0x00000000eab00000,0x00000000eab00000,0x00000000eda00000)
  from space 3584K, 99% used [0x00000000edd80000,0x00000000ee0ffed8,0x00000000ee100000)
  to   space 3584K, 0% used [0x00000000eda00000,0x00000000eda00000,0x00000000edd80000)
 ParOldGen       total 62976K, used 13088K [0x00000000c0000000, 0x00000000c3d80000, 0x00000000eab00000)
  object space 62976K, 20% used [0x00000000c0000000,0x00000000c0cc83d8,0x00000000c3d80000)
 Metaspace       used 5799K, capacity 7024K, committed 7296K, reserved 1056768K
  class space    used 546K, capacity 616K, committed 640K, reserved 1048576K
}
Event: 5,947 GC heap before
{Heap before GC invocations=5 (full 0):
 PSYoungGen      total 51712K, used 51711K [0x00000000eab00000, 0x00000000ee100000, 0x0000000100000000)
  eden space 48128K, 100% used [0x00000000eab00000,0x00000000eda00000,0x00000000eda00000)
  from space 3584K, 99% used [0x00000000edd80000,0x00000000ee0ffed8,0x00000000ee100000)
  to   space 3584K, 0% used [0x00000000eda00000,0x00000000eda00000,0x00000000edd80000)
 ParOldGen       total 62976K, used 13088K [0x00000000c0000000, 0x00000000c3d80000, 0x00000000eab00000)
  object space 62976K, 20% used [0x00000000c0000000,0x00000000c0cc83d8,0x00000000c3d80000)
 Metaspace       used 5832K, capacity 7088K, committed 7296K, reserved 1056768K
  class space    used 546K, capacity 616K, committed 640K, reserved 1048576K
Event: 6,021 GC heap after
Heap after GC invocations=5 (full 0):
 PSYoungGen      total 51712K, used 3583K [0x00000000eab00000, 0x00000000f1f00000, 0x0000000100000000)
  eden space 48128K, 0% used [0x00000000eab00000,0x00000000eab00000,0x00000000eda00000)
  from space 3584K, 99% used [0x00000000eda00000,0x00000000edd7fcc0,0x00000000edd80000)
  to   space 11264K, 0% used [0x00000000f1400000,0x00000000f1400000,0x00000000f1f00000)
 ParOldGen       total 62976K, used 21129K [0x00000000c0000000, 0x00000000c3d80000, 0x00000000eab00000)
  object space 62976K, 33% used [0x00000000c0000000,0x00000000c14a24f0,0x00000000c3d80000)
 Metaspace       used 5832K, capacity 7088K, committed 7296K, reserved 1056768K
  class space    used 546K, capacity 616K, committed 640K, reserved 1048576K
}
Event: 6,534 GC heap before
{Heap before GC invocations=6 (full 0):
 PSYoungGen      total 51712K, used 51711K [0x00000000eab00000, 0x00000000f1f00000, 0x0000000100000000)
  eden space 48128K, 100% used [0x00000000eab00000,0x00000000eda00000,0x00000000eda00000)
  from space 3584K, 99% used [0x00000000eda00000,0x00000000edd7fcc0,0x00000000edd80000)
  to   space 11264K, 0% used [0x00000000f1400000,0x00000000f1400000,0x00000000f1f00000)
 ParOldGen       total 62976K, used 21129K [0x00000000c0000000, 0x00000000c3d80000, 0x00000000eab00000)
  object space 62976K, 33% used [0x00000000c0000000,0x00000000c14a24f0,0x00000000c3d80000)
 Metaspace       used 5835K, capacity 7088K, committed 7296K, reserved 1056768K
  class space    used 546K, capacity 616K, committed 640K, reserved 1048576K
Event: 6,613 GC heap after
Heap after GC invocations=6 (full 0):
 PSYoungGen      total 105984K, used 11257K [0x00000000eab00000, 0x00000000f2200000, 0x0000000100000000)
  eden space 94720K, 0% used [0x00000000eab00000,0x00000000eab00000,0x00000000f0780000)
  from space 11264K, 99% used [0x00000000f1400000,0x00000000f1efe708,0x00000000f1f00000)
  to   space 12800K, 0% used [0x00000000f0780000,0x00000000f0780000,0x00000000f1400000)
 ParOldGen       total 62976K, used 21248K [0x00000000c0000000, 0x00000000c3d80000, 0x00000000eab00000)
  object space 62976K, 33% used [0x00000000c0000000,0x00000000c14c0330,0x00000000c3d80000)
 Metaspace       used 5835K, capacity 7088K, committed 7296K, reserved 1056768K
  class space    used 546K, capacity 616K, committed 640K, reserved 1048576K
}
Event: 8,212 GC heap before
{Heap before GC invocations=7 (full 0):
 PSYoungGen      total 105984K, used 105977K [0x00000000eab00000, 0x00000000f2200000, 0x0000000100000000)
  eden space 94720K, 100% used [0x00000000eab00000,0x00000000f0780000,0x00000000f0780000)
  from space 11264K, 99% used [0x00000000f1400000,0x00000000f1efe708,0x00000000f1f00000)
  to   space 12800K, 0% used [0x00000000f0780000,0x00000000f0780000,0x00000000f1400000)
 ParOldGen       total 62976K, used 21248K [0x00000000c0000000, 0x00000000c3d80000, 0x00000000eab00000)
  object space 62976K, 33% used [0x00000000c0000000,0x00000000c14c0330,0x00000000c3d80000)
 Metaspace       used 5979K, capacity 7152K, committed 7296K, reserved 1056768K
  class space    used 565K, capacity 616K, committed 640K, reserved 1048576K

Deoptimization events (10 events):
Event: 5,850 Thread 0x00007f39ac00a000 Uncommon trap: reason=bimorphic action=maybe_recompile pc=0x00007f399d042e88 method=com.android.dx.ssa.SCCP.simulatePhi(Lcom/android/dx/ssa/PhiInsn;)V @ 124
Event: 5,850 Thread 0x00007f39ac00a000 Uncommon trap: reason=bimorphic action=maybe_recompile pc=0x00007f399d042ef8 method=com.android.dx.ssa.SCCP.setLatticeValueTo(IILcom/android/dx/rop/cst/Constant;)Z @ 43
Event: 5,850 Thread 0x00007f39ac00a000 Uncommon trap: reason=bimorphic action=maybe_recompile pc=0x00007f399d042ef8 method=com.android.dx.ssa.SCCP.setLatticeValueTo(IILcom/android/dx/rop/cst/Constant;)Z @ 43
Event: 7,383 Thread 0x00007f39ac00a000 Uncommon trap: reason=unstable_if action=reinterpret pc=0x00007f399cd20150 method=java.util.HashMap.putVal(ILjava/lang/Object;Ljava/lang/Object;ZZ)Ljava/lang/Object; @ 162
Event: 7,393 Thread 0x00007f39ac00a000 Uncommon trap: reason=unstable_if action=reinterpret pc=0x00007f399d053338 method=java.util.HashMap.getNode(ILjava/lang/Object;)Ljava/util/HashMap$Node; @ 84
Event: 7,522 Thread 0x00007f39ac00a000 Uncommon trap: reason=class_check action=maybe_recompile pc=0x00007f399d0c27fc method=com.android.dx.cf.code.RopperMachine.run(Lcom/android/dx/cf/code/Frame;II)V @ 988
Event: 7,725 Thread 0x00007f39ac00a000 Uncommon trap: reason=class_check action=maybe_recompile pc=0x00007f399d0c27fc method=com.android.dx.cf.code.RopperMachine.run(Lcom/android/dx/cf/code/Frame;II)V @ 988
Event: 7,783 Thread 0x00007f39ac00a000 Uncommon trap: reason=unstable_if action=reinterpret pc=0x00007f399d07132c method=java.util.HashMap.getNode(ILjava/lang/Object;)Ljava/util/HashMap$Node; @ 84
Event: 7,858 Thread 0x00007f39ac00a000 Uncommon trap: reason=class_check action=maybe_recompile pc=0x00007f399d0c27fc method=com.android.dx.cf.code.RopperMachine.run(Lcom/android/dx/cf/code/Frame;II)V @ 988
Event: 8,035 Thread 0x00007f39ac00a000 Uncommon trap: reason=class_check action=maybe_recompile pc=0x00007f399d0c27fc method=com.android.dx.cf.code.RopperMachine.run(Lcom/android/dx/cf/code/Frame;II)V @ 988

Internal exceptions (6 events):
Event: 0,242 Thread 0x00007f39ac00a000 Exception <a 'java/lang/NoSuchMethodError': Method sun.misc.Unsafe.defineClass(Ljava/lang/String;[BII)Ljava/lang/Class; name or signature does not match> (0x00000000eab12a38) thrown at [/RE-WORK/workspace/8-2-build-linux-amd64/jdk8u45/3457/hotspot/src/sha
Event: 0,242 Thread 0x00007f39ac00a000 Exception <a 'java/lang/NoSuchMethodError': Method sun.misc.Unsafe.prefetchRead(Ljava/lang/Object;J)V name or signature does not match> (0x00000000eab12cc8) thrown at [/RE-WORK/workspace/8-2-build-linux-amd64/jdk8u45/3457/hotspot/src/share/vm/prims/jni.cp
Event: 3,594 Thread 0x00007f39ac00a000 Implicit null exception at 0x00007f399cd1f922 to 0x00007f399cd1fa16
Event: 7,391 Thread 0x00007f39ac00a000 Exception <a 'java/lang/ArrayIndexOutOfBoundsException': 18> (0x00000000edae5200) thrown at [/RE-WORK/workspace/8-2-build-linux-amd64/jdk8u45/3457/hotspot/src/share/vm/interpreter/interpreterRuntime.cpp, line 366]
Event: 7,392 Thread 0x00007f39ac00a000 Exception <a 'java/lang/ArrayIndexOutOfBoundsException'> (0x00000000edae6cd0) thrown at [/RE-WORK/workspace/8-2-build-linux-amd64/jdk8u45/3457/hotspot/src/share/vm/runtime/sharedRuntime.cpp, line 605]
Event: 7,392 Thread 0x00007f39ac00a000 Exception <a 'java/lang/ArrayIndexOutOfBoundsException'> (0x00000000edae7f08) thrown at [/RE-WORK/workspace/8-2-build-linux-amd64/jdk8u45/3457/hotspot/src/share/vm/runtime/sharedRuntime.cpp, line 605]

Events (10 events):
Event: 7,783 Thread 0x00007f39ac00a000 Uncommon trap: trap_request=0xffffff65 fr.pc=0x00007f399d07132c
Event: 7,783 Thread 0x00007f39ac00a000 DEOPT PACKING pc=0x00007f399d07132c sp=0x00007f39b2b14330
Event: 7,783 Thread 0x00007f39ac00a000 DEOPT UNPACKING pc=0x00007f399c9d2229 sp=0x00007f39b2b142c8 mode 2
Event: 7,858 Thread 0x00007f39ac00a000 Uncommon trap: trap_request=0xffffffde fr.pc=0x00007f399d0c27fc
Event: 7,858 Thread 0x00007f39ac00a000 DEOPT PACKING pc=0x00007f399d0c27fc sp=0x00007f39b2b14360
Event: 7,858 Thread 0x00007f39ac00a000 DEOPT UNPACKING pc=0x00007f399c9d2229 sp=0x00007f39b2b14308 mode 2
Event: 8,035 Thread 0x00007f39ac00a000 Uncommon trap: trap_request=0xffffffde fr.pc=0x00007f399d0c27fc
Event: 8,035 Thread 0x00007f39ac00a000 DEOPT PACKING pc=0x00007f399d0c27fc sp=0x00007f39b2b14360
Event: 8,035 Thread 0x00007f39ac00a000 DEOPT UNPACKING pc=0x00007f399c9d2229 sp=0x00007f39b2b14308 mode 2
Event: 8,212 Executing VM operation: ParallelGCFailedAllocation


Dynamic libraries:
00400000-00401000 r-xp 00000000 fc:01 3280464                            /usr/lib/jvm/java-8-oracle/jre/bin/java
00600000-00601000 rw-p 00000000 fc:01 3280464                            /usr/lib/jvm/java-8-oracle/jre/bin/java
01687000-016a8000 rw-p 00000000 00:00 0                                  [heap]
c0000000-c3d80000 rw-p 00000000 00:00 0 
c3d80000-eab00000 ---p 00000000 00:00 0 
eab00000-f2200000 rw-p 00000000 00:00 0 
f8e00000-100000000 ---p 00000000 00:00 0 
100000000-1000a0000 rw-p 00000000 00:00 0 
1000a0000-140000000 ---p 00000000 00:00 0 
7f393c000000-7f393c021000 rw-p 00000000 00:00 0 
7f393c021000-7f3940000000 ---p 00000000 00:00 0 
7f3944000000-7f3944a82000 rw-p 00000000 00:00 0 
7f3944a82000-7f3948000000 ---p 00000000 00:00 0 
7f3948000000-7f3948021000 rw-p 00000000 00:00 0 
7f3948021000-7f394c000000 ---p 00000000 00:00 0 
7f394c000000-7f394d0fd000 rw-p 00000000 00:00 0 
7f394d0fd000-7f3950000000 ---p 00000000 00:00 0 
7f3950000000-7f395067d000 rw-p 00000000 00:00 0 
7f395067d000-7f3954000000 ---p 00000000 00:00 0 
7f3954000000-7f3954021000 rw-p 00000000 00:00 0 
7f3954021000-7f3958000000 ---p 00000000 00:00 0 
7f3958000000-7f3958f13000 rw-p 00000000 00:00 0 
7f3958f13000-7f395c000000 ---p 00000000 00:00 0 
7f395c000000-7f395c021000 rw-p 00000000 00:00 0 
7f395c021000-7f3960000000 ---p 00000000 00:00 0 
7f3960000000-7f3960021000 rw-p 00000000 00:00 0 
7f3960021000-7f3964000000 ---p 00000000 00:00 0 
7f3964000000-7f3964021000 rw-p 00000000 00:00 0 
7f3964021000-7f3968000000 ---p 00000000 00:00 0 
7f3968000000-7f396828a000 rw-p 00000000 00:00 0 
7f396828a000-7f396c000000 ---p 00000000 00:00 0 
7f396c000000-7f396c021000 rw-p 00000000 00:00 0 
7f396c021000-7f3970000000 ---p 00000000 00:00 0 
7f3974000000-7f3974021000 rw-p 00000000 00:00 0 
7f3974021000-7f3978000000 ---p 00000000 00:00 0 
7f397c000000-7f397c021000 rw-p 00000000 00:00 0 
7f397c021000-7f3980000000 ---p 00000000 00:00 0 
7f3984000000-7f3984021000 rw-p 00000000 00:00 0 
7f3984021000-7f3988000000 ---p 00000000 00:00 0 
7f3988000000-7f3988021000 rw-p 00000000 00:00 0 
7f3988021000-7f398c000000 ---p 00000000 00:00 0 
7f398c000000-7f398c021000 rw-p 00000000 00:00 0 
7f398c021000-7f3990000000 ---p 00000000 00:00 0 
7f399229f000-7f39922a0000 ---p 00000000 00:00 0 
7f39922a0000-7f39923a0000 rw-p 00000000 00:00 0                          [stack:18039]
7f39923a0000-7f39923a3000 ---p 00000000 00:00 0 
7f39923a3000-7f39924a1000 rw-p 00000000 00:00 0                          [stack:18038]
7f39924a1000-7f39924a4000 ---p 00000000 00:00 0 
7f39924a4000-7f39925a2000 rw-p 00000000 00:00 0                          [stack:18037]
7f39925a2000-7f39925a5000 ---p 00000000 00:00 0 
7f39925a5000-7f39926a3000 rw-p 00000000 00:00 0                          [stack:18036]
7f39926a3000-7f39926a6000 ---p 00000000 00:00 0 
7f39926a6000-7f39927a4000 rw-p 00000000 00:00 0                          [stack:18035]
7f39927a4000-7f39927a7000 ---p 00000000 00:00 0 
7f39927a7000-7f39928a5000 rw-p 00000000 00:00 0                          [stack:18034]
7f39928a5000-7f39928a8000 ---p 00000000 00:00 0 
7f39928a8000-7f39929a6000 rw-p 00000000 00:00 0                          [stack:18033]
7f39929a6000-7f39931f2000 r--p 00000000 fc:01 3021646                    /usr/lib/locale/locale-archive
7f39931f2000-7f39931f5000 ---p 00000000 00:00 0 
7f39931f5000-7f39932f3000 rw-p 00000000 00:00 0                          [stack:18032]
7f39932f3000-7f39932f6000 ---p 00000000 00:00 0 
7f39932f6000-7f39933f4000 rw-p 00000000 00:00 0                          [stack:18031]
7f39933f4000-7f39933f5000 ---p 00000000 00:00 0 
7f39933f5000-7f3994000000 rw-p 00000000 00:00 0                          [stack:18030]
7f3994000000-7f3994021000 rw-p 00000000 00:00 0 
7f3994021000-7f3998000000 ---p 00000000 00:00 0 
7f399801b000-7f399902b000 rw-p 00000000 00:00 0 
7f399902b000-7f3999204000 r--s 03d09000 fc:01 3027746                    /usr/lib/jvm/java-8-oracle/jre/lib/rt.jar
7f3999204000-7f3999884000 rw-p 00000000 00:00 0 
7f3999884000-7f3999a04000 ---p 00000000 00:00 0 
7f3999a04000-7f399bc04000 rw-p 00000000 00:00 0 
7f399bc04000-7f399bc05000 ---p 00000000 00:00 0 
7f399bc05000-7f399bd05000 rw-p 00000000 00:00 0                          [stack:18029]
7f399bd05000-7f399bd06000 ---p 00000000 00:00 0 
7f399bd06000-7f399be06000 rw-p 00000000 00:00 0                          [stack:18028]
7f399be06000-7f399be07000 ---p 00000000 00:00 0 
7f399be07000-7f399bf07000 rw-p 00000000 00:00 0                          [stack:18027]
7f399bf07000-7f399bf08000 ---p 00000000 00:00 0 
7f399bf08000-7f399c008000 rw-p 00000000 00:00 0                          [stack:18026]
7f399c008000-7f399c009000 ---p 00000000 00:00 0 
7f399c009000-7f399c109000 rw-p 00000000 00:00 0                          [stack:18025]
7f399c109000-7f399c10a000 ---p 00000000 00:00 0 
7f399c10a000-7f399c20a000 rw-p 00000000 00:00 0                          [stack:18024]
7f399c20a000-7f399c20b000 ---p 00000000 00:00 0 
7f399c20b000-7f399c30b000 rw-p 00000000 00:00 0                          [stack:18023]
7f399c30b000-7f399c30c000 ---p 00000000 00:00 0 
7f399c30c000-7f399c42b000 rw-p 00000000 00:00 0                          [stack:18022]
7f399c42b000-7f399c561000 ---p 00000000 00:00 0 
7f399c561000-7f399c59d000 rw-p 00000000 00:00 0 
7f399c59d000-7f399c60c000 ---p 00000000 00:00 0 
7f399c60c000-7f399c62b000 rw-p 00000000 00:00 0 
7f399c62b000-7f399c9cd000 ---p 00000000 00:00 0 
7f399c9cd000-7f399d11d000 rwxp 00000000 00:00 0 
7f399d11d000-7f39ab9cd000 ---p 00000000 00:00 0 
7f39ab9cd000-7f39ab9e7000 r-xp 00000000 fc:01 3026470                    /usr/lib/jvm/java-8-oracle/jre/lib/amd64/libzip.so
7f39ab9e7000-7f39abbe7000 ---p 0001a000 fc:01 3026470                    /usr/lib/jvm/java-8-oracle/jre/lib/amd64/libzip.so
7f39abbe7000-7f39abbe8000 rw-p 0001a000 fc:01 3026470                    /usr/lib/jvm/java-8-oracle/jre/lib/amd64/libzip.so
7f39abbe8000-7f39abbf3000 r-xp 00000000 fc:01 8261846                    /lib/x86_64-linux-gnu/libnss_files-2.19.so
7f39abbf3000-7f39abdf2000 ---p 0000b000 fc:01 8261846                    /lib/x86_64-linux-gnu/libnss_files-2.19.so
7f39abdf2000-7f39abdf3000 r--p 0000a000 fc:01 8261846                    /lib/x86_64-linux-gnu/libnss_files-2.19.so
7f39abdf3000-7f39abdf4000 rw-p 0000b000 fc:01 8261846                    /lib/x86_64-linux-gnu/libnss_files-2.19.so
7f39abdf4000-7f39abdff000 r-xp 00000000 fc:01 8261866                    /lib/x86_64-linux-gnu/libnss_nis-2.19.so
7f39abdff000-7f39abffe000 ---p 0000b000 fc:01 8261866                    /lib/x86_64-linux-gnu/libnss_nis-2.19.so
7f39abffe000-7f39abfff000 r--p 0000a000 fc:01 8261866                    /lib/x86_64-linux-gnu/libnss_nis-2.19.so
7f39abfff000-7f39ac000000 rw-p 0000b000 fc:01 8261866                    /lib/x86_64-linux-gnu/libnss_nis-2.19.so
7f39ac000000-7f39ac4da000 rw-p 00000000 00:00 0 
7f39ac4da000-7f39b0000000 ---p 00000000 00:00 0 
7f39b0016000-7f39b00ab000 rw-p 00000000 00:00 0 
7f39b00ab000-7f39b01e2000 ---p 00000000 00:00 0 
7f39b01e2000-7f39b01f9000 r-xp 00000000 fc:01 8261855                    /lib/x86_64-linux-gnu/libnsl-2.19.so
7f39b01f9000-7f39b03f8000 ---p 00017000 fc:01 8261855                    /lib/x86_64-linux-gnu/libnsl-2.19.so
7f39b03f8000-7f39b03f9000 r--p 00016000 fc:01 8261855                    /lib/x86_64-linux-gnu/libnsl-2.19.so
7f39b03f9000-7f39b03fa000 rw-p 00017000 fc:01 8261855                    /lib/x86_64-linux-gnu/libnsl-2.19.so
7f39b03fa000-7f39b03fc000 rw-p 00000000 00:00 0 
7f39b03fc000-7f39b0405000 r-xp 00000000 fc:01 8261854                    /lib/x86_64-linux-gnu/libnss_compat-2.19.so
7f39b0405000-7f39b0604000 ---p 00009000 fc:01 8261854                    /lib/x86_64-linux-gnu/libnss_compat-2.19.so
7f39b0604000-7f39b0605000 r--p 00008000 fc:01 8261854                    /lib/x86_64-linux-gnu/libnss_compat-2.19.so
7f39b0605000-7f39b0606000 rw-p 00009000 fc:01 8261854                    /lib/x86_64-linux-gnu/libnss_compat-2.19.so
7f39b0606000-7f39b0630000 r-xp 00000000 fc:01 3027711                    /usr/lib/jvm/java-8-oracle/jre/lib/amd64/libjava.so
7f39b0630000-7f39b0830000 ---p 0002a000 fc:01 3027711                    /usr/lib/jvm/java-8-oracle/jre/lib/amd64/libjava.so
7f39b0830000-7f39b0832000 rw-p 0002a000 fc:01 3027711                    /usr/lib/jvm/java-8-oracle/jre/lib/amd64/libjava.so
7f39b0832000-7f39b083f000 r-xp 00000000 fc:01 3027732                    /usr/lib/jvm/java-8-oracle/jre/lib/amd64/libverify.so
7f39b083f000-7f39b0a3f000 ---p 0000d000 fc:01 3027732                    /usr/lib/jvm/java-8-oracle/jre/lib/amd64/libverify.so
7f39b0a3f000-7f39b0a41000 rw-p 0000d000 fc:01 3027732                    /usr/lib/jvm/java-8-oracle/jre/lib/amd64/libverify.so
7f39b0a41000-7f39b0a48000 r-xp 00000000 fc:01 8261863                    /lib/x86_64-linux-gnu/librt-2.19.so
7f39b0a48000-7f39b0c47000 ---p 00007000 fc:01 8261863                    /lib/x86_64-linux-gnu/librt-2.19.so
7f39b0c47000-7f39b0c48000 r--p 00006000 fc:01 8261863                    /lib/x86_64-linux-gnu/librt-2.19.so
7f39b0c48000-7f39b0c49000 rw-p 00007000 fc:01 8261863                    /lib/x86_64-linux-gnu/librt-2.19.so
7f39b0c49000-7f39b0d4e000 r-xp 00000000 fc:01 8257562                    /lib/x86_64-linux-gnu/libm-2.19.so
7f39b0d4e000-7f39b0f4d000 ---p 00105000 fc:01 8257562                    /lib/x86_64-linux-gnu/libm-2.19.so
7f39b0f4d000-7f39b0f4e000 r--p 00104000 fc:01 8257562                    /lib/x86_64-linux-gnu/libm-2.19.so
7f39b0f4e000-7f39b0f4f000 rw-p 00105000 fc:01 8257562                    /lib/x86_64-linux-gnu/libm-2.19.so
7f39b0f4f000-7f39b1bfd000 r-xp 00000000 fc:01 3027722                    /usr/lib/jvm/java-8-oracle/jre/lib/amd64/server/libjvm.so
7f39b1bfd000-7f39b1dfc000 ---p 00cae000 fc:01 3027722                    /usr/lib/jvm/java-8-oracle/jre/lib/amd64/server/libjvm.so
7f39b1dfc000-7f39b1ed3000 rw-p 00cad000 fc:01 3027722                    /usr/lib/jvm/java-8-oracle/jre/lib/amd64/server/libjvm.so
7f39b1ed3000-7f39b1f17000 rw-p 00000000 00:00 0 
7f39b1f17000-7f39b20d2000 r-xp 00000000 fc:01 8261860                    /lib/x86_64-linux-gnu/libc-2.19.so
7f39b20d2000-7f39b22d1000 ---p 001bb000 fc:01 8261860                    /lib/x86_64-linux-gnu/libc-2.19.so
7f39b22d1000-7f39b22d5000 r--p 001ba000 fc:01 8261860                    /lib/x86_64-linux-gnu/libc-2.19.so
7f39b22d5000-7f39b22d7000 rw-p 001be000 fc:01 8261860                    /lib/x86_64-linux-gnu/libc-2.19.so
7f39b22d7000-7f39b22dc000 rw-p 00000000 00:00 0 
7f39b22dc000-7f39b22df000 r-xp 00000000 fc:01 8261849                    /lib/x86_64-linux-gnu/libdl-2.19.so
7f39b22df000-7f39b24de000 ---p 00003000 fc:01 8261849                    /lib/x86_64-linux-gnu/libdl-2.19.so
7f39b24de000-7f39b24df000 r--p 00002000 fc:01 8261849                    /lib/x86_64-linux-gnu/libdl-2.19.so
7f39b24df000-7f39b24e0000 rw-p 00003000 fc:01 8261849                    /lib/x86_64-linux-gnu/libdl-2.19.so
7f39b24e0000-7f39b24f5000 r-xp 00000000 fc:01 3026473                    /usr/lib/jvm/java-8-oracle/jre/lib/amd64/jli/libjli.so
7f39b24f5000-7f39b26f5000 ---p 00015000 fc:01 3026473                    /usr/lib/jvm/java-8-oracle/jre/lib/amd64/jli/libjli.so
7f39b26f5000-7f39b26f6000 rw-p 00015000 fc:01 3026473                    /usr/lib/jvm/java-8-oracle/jre/lib/amd64/jli/libjli.so
7f39b26f6000-7f39b270f000 r-xp 00000000 fc:01 8261861                    /lib/x86_64-linux-gnu/libpthread-2.19.so
7f39b270f000-7f39b290e000 ---p 00019000 fc:01 8261861                    /lib/x86_64-linux-gnu/libpthread-2.19.so
7f39b290e000-7f39b290f000 r--p 00018000 fc:01 8261861                    /lib/x86_64-linux-gnu/libpthread-2.19.so
7f39b290f000-7f39b2910000 rw-p 00019000 fc:01 8261861                    /lib/x86_64-linux-gnu/libpthread-2.19.so
7f39b2910000-7f39b2914000 rw-p 00000000 00:00 0 
7f39b2914000-7f39b2937000 r-xp 00000000 fc:01 8261857                    /lib/x86_64-linux-gnu/ld-2.19.so
7f39b2946000-7f39b2947000 rw-p 00000000 00:00 0 
7f39b2947000-7f39b2958000 r--s 000c3000 00:1a 12583516                   /home/victorpaul/.gradle/caches/modules-2/files-2.1/com.fasterxml.jackson.core/jackson-databind/2.2.2/3c8f6018eaa72d43b261181e801e6f8676c16ef6/jackson-databind-2.2.2.jar
7f39b2958000-7f39b2a16000 rw-p 00000000 00:00 0 
7f39b2a16000-7f39b2a19000 ---p 00000000 00:00 0 
7f39b2a19000-7f39b2b1b000 rw-p 00000000 00:00 0                          [stack:18021]
7f39b2b1b000-7f39b2b2a000 r--s 000dd000 00:1a 11666570                   /home/victorpaul/Android/Sdk/build-tools/21.1.2/lib/dx.jar
7f39b2b2a000-7f39b2b32000 rw-s 00000000 fc:01 13632334                   /tmp/hsperfdata_victorpaul/18013
7f39b2b32000-7f39b2b33000 rw-p 00000000 00:00 0 
7f39b2b33000-7f39b2b34000 ---p 00000000 00:00 0 
7f39b2b34000-7f39b2b36000 rw-p 00000000 00:00 0 
7f39b2b36000-7f39b2b37000 r--p 00022000 fc:01 8261857                    /lib/x86_64-linux-gnu/ld-2.19.so
7f39b2b37000-7f39b2b38000 rw-p 00023000 fc:01 8261857                    /lib/x86_64-linux-gnu/ld-2.19.so
7f39b2b38000-7f39b2b39000 rw-p 00000000 00:00 0 
7fff4600b000-7fff4602c000 rw-p 00000000 00:00 0                          [stack]
7fff4615a000-7fff4615c000 r-xp 00000000 00:00 0                          [vdso]
7fff4615c000-7fff4615e000 r--p 00000000 00:00 0                          [vvar]
ffffffffff600000-ffffffffff601000 r-xp 00000000 00:00 0                  [vsyscall]

VM Arguments:
jvm_args: -Xmx1024M 
java_command: /home/victorpaul/Android/Sdk/build-tools/21.1.2/lib/dx.jar --dex --output /home/victorpaul/android/pebble/app/build/intermediates/pre-dexed/debug/jackson-databind-2.2.2-c2cca43b151bc9b84fdd21aa0dc74bf2b8383e93.jar /home/victorpaul/.gradle/caches/modules-2/files-2.1/com.fasterxml.jackson.core/jackson-databind/2.2.2/3c8f6018eaa72d43b261181e801e6f8676c16ef6/jackson-databind-2.2.2.jar
java_class_path (initial): /home/victorpaul/Android/Sdk/build-tools/21.1.2/lib/dx.jar
Launcher Type: SUN_STANDARD

Environment Variables:
CLASSPATH=/home/victorpaul/android-studio/bin/../lib/bootstrap.jar:/home/victorpaul/android-studio/bin/../lib/extensions.jar:/home/victorpaul/android-studio/bin/../lib/util.jar:/home/victorpaul/android-studio/bin/../lib/jdom.jar:/home/victorpaul/android-studio/bin/../lib/log4j.jar:/home/victorpaul/android-studio/bin/../lib/trove4j.jar:/home/victorpaul/android-studio/bin/../lib/jna.jar:/usr/lib/jvm/java-8-oracle/lib/tools.jar
PATH=/usr/local/sbin:/usr/local/bin:/usr/sbin:/usr/bin:/sbin:/bin:/usr/games:/usr/local/games:/home/victorpaul/Android/Sdk/platform-tools
LD_LIBRARY_PATH=/home/victorpaul/android-studio/bin:
SHELL=/bin/bash
DISPLAY=:0

Signal Handlers:
SIGSEGV: [libjvm.so+0xaad1e0], sa_mask[0]=11111111011111111101111111111110, sa_flags=SA_RESTART|SA_SIGINFO
SIGBUS: [libjvm.so+0xaad1e0], sa_mask[0]=11111111011111111101111111111110, sa_flags=SA_RESTART|SA_SIGINFO
SIGFPE: [libjvm.so+0x90b450], sa_mask[0]=11111111011111111101111111111110, sa_flags=SA_RESTART|SA_SIGINFO
SIGPIPE: [libjvm.so+0x90b450], sa_mask[0]=11111111011111111101111111111110, sa_flags=SA_RESTART|SA_SIGINFO
SIGXFSZ: [libjvm.so+0x90b450], sa_mask[0]=11111111011111111101111111111110, sa_flags=SA_RESTART|SA_SIGINFO
SIGILL: [libjvm.so+0x90b450], sa_mask[0]=11111111011111111101111111111110, sa_flags=SA_RESTART|SA_SIGINFO
SIGUSR1: SIG_DFL, sa_mask[0]=00000000000000000000000000000000, sa_flags=none
SIGUSR2: [libjvm.so+0x90ca90], sa_mask[0]=00100000000000000000000000000000, sa_flags=SA_RESTART|SA_SIGINFO
SIGHUP: [libjvm.so+0x90dde0], sa_mask[0]=11111111011111111101111111111110, sa_flags=SA_RESTART|SA_SIGINFO
SIGINT: [libjvm.so+0x90dde0], sa_mask[0]=11111111011111111101111111111110, sa_flags=SA_RESTART|SA_SIGINFO
SIGTERM: [libjvm.so+0x90dde0], sa_mask[0]=11111111011111111101111111111110, sa_flags=SA_RESTART|SA_SIGINFO
SIGQUIT: [libjvm.so+0x90dde0], sa_mask[0]=11111111011111111101111111111110, sa_flags=SA_RESTART|SA_SIGINFO


---------------  S Y S T E M  ---------------

OS:DISTRIB_ID=Ubuntu
DISTRIB_RELEASE=14.04
DISTRIB_CODENAME=trusty
DISTRIB_DESCRIPTION="Ubuntu 14.04.2 LTS"

uname:Linux 3.16.0-34-generic #47~14.04.1-Ubuntu SMP Fri Apr 10 17:49:16 UTC 2015 x86_64
libc:glibc 2.19 NPTL 2.19 
rlimit: STACK 8192k, CORE 0k, NPROC 23200, NOFILE 4096, AS infinity
load average:10,25 8,80 4,14

/proc/meminfo:
MemTotal:        5970844 kB
MemFree:          109492 kB
MemAvailable:      61848 kB
Buffers:             444 kB
Cached:           880704 kB
SwapCached:            0 kB
Active:          4816184 kB
Inactive:         766884 kB
Active(anon):    4806976 kB
Inactive(anon):   759308 kB
Active(file):       9208 kB
Inactive(file):     7576 kB
Unevictable:        1632 kB
Mlocked:            1632 kB
SwapTotal:             0 kB
SwapFree:              0 kB
Dirty:               168 kB
Writeback:             0 kB
AnonPages:       4708724 kB
Mapped:           224936 kB
Shmem:            859376 kB
Slab:             122440 kB
SReclaimable:      56872 kB
SUnreclaim:        65568 kB
KernelStack:       15152 kB
PageTables:        62116 kB
NFS_Unstable:          0 kB
Bounce:                0 kB
WritebackTmp:          0 kB
CommitLimit:     2985420 kB
Committed_AS:   12484768 kB
VmallocTotal:   34359738367 kB
VmallocUsed:      359108 kB
VmallocChunk:   34359250936 kB
HardwareCorrupted:     0 kB
AnonHugePages:    557056 kB
HugePages_Total:       0
HugePages_Free:        0
HugePages_Rsvd:        0
HugePages_Surp:        0
Hugepagesize:       2048 kB
DirectMap4k:      151944 kB
DirectMap2M:     5998592 kB
DirectMap1G:           0 kB


CPU:total 8 (4 cores per cpu, 2 threads per core) family 6 model 60 stepping 3, cmov, cx8, fxsr, mmx, sse, sse2, sse3, ssse3, sse4.1, sse4.2, popcnt, avx, avx2, aes, clmul, erms, rtm, lzcnt, ht, tsc, tscinvbit, bmi1, bmi2

/proc/cpuinfo:
processor	: 0
vendor_id	: GenuineIntel
cpu family	: 6
model		: 60
model name	: Intel(R) Core(TM) i7-4790 CPU @ 3.60GHz
stepping	: 3
microcode	: 0x17
cpu MHz		: 3799.968
cache size	: 8192 KB
physical id	: 0
siblings	: 8
core id		: 0
cpu cores	: 4
apicid		: 0
initial apicid	: 0
fpu		: yes
fpu_exception	: yes
cpuid level	: 13
wp		: yes
flags		: fpu vme de pse tsc msr pae mce cx8 apic sep mtrr pge mca cmov pat pse36 clflush dts acpi mmx fxsr sse sse2 ss ht tm pbe syscall nx pdpe1gb rdtscp lm constant_tsc arch_perfmon pebs bts rep_good nopl xtopology nonstop_tsc aperfmperf eagerfpu pni pclmulqdq dtes64 monitor ds_cpl vmx smx est tm2 ssse3 fma cx16 xtpr pdcm pcid sse4_1 sse4_2 x2apic movbe popcnt tsc_deadline_timer aes xsave avx f16c rdrand lahf_lm abm ida arat xsaveopt pln pts dtherm tpr_shadow vnmi flexpriority ept vpid fsgsbase tsc_adjust bmi1 hle avx2 smep bmi2 erms invpcid rtm
bogomips	: 7200.00
clflush size	: 64
cache_alignment	: 64
address sizes	: 39 bits physical, 48 bits virtual
power management:

processor	: 1
vendor_id	: GenuineIntel
cpu family	: 6
model		: 60
model name	: Intel(R) Core(TM) i7-4790 CPU @ 3.60GHz
stepping	: 3
microcode	: 0x17
cpu MHz		: 3799.968
cache size	: 8192 KB
physical id	: 0
siblings	: 8
core id		: 1
cpu cores	: 4
apicid		: 2
initial apicid	: 2
fpu		: yes
fpu_exception	: yes
cpuid level	: 13
wp		: yes
flags		: fpu vme de pse tsc msr pae mce cx8 apic sep mtrr pge mca cmov pat pse36 clflush dts acpi mmx fxsr sse sse2 ss ht tm pbe syscall nx pdpe1gb rdtscp lm constant_tsc arch_perfmon pebs bts rep_good nopl xtopology nonstop_tsc aperfmperf eagerfpu pni pclmulqdq dtes64 monitor ds_cpl vmx smx est tm2 ssse3 fma cx16 xtpr pdcm pcid sse4_1 sse4_2 x2apic movbe popcnt tsc_deadline_timer aes xsave avx f16c rdrand lahf_lm abm ida arat xsaveopt pln pts dtherm tpr_shadow vnmi flexpriority ept vpid fsgsbase tsc_adjust bmi1 hle avx2 smep bmi2 erms invpcid rtm
bogomips	: 7200.00
clflush size	: 64
cache_alignment	: 64
address sizes	: 39 bits physical, 48 bits virtual
power management:

processor	: 2
vendor_id	: GenuineIntel
cpu family	: 6
model		: 60
model name	: Intel(R) Core(TM) i7-4790 CPU @ 3.60GHz
stepping	: 3
microcode	: 0x17
cpu MHz		: 3799.968
cache size	: 8192 KB
physical id	: 0
siblings	: 8
core id		: 2
cpu cores	: 4
apicid		: 4
initial apicid	: 4
fpu		: yes
fpu_exception	: yes
cpuid level	: 13
wp		: yes
flags		: fpu vme de pse tsc msr pae mce cx8 apic sep mtrr pge mca cmov pat pse36 clflush dts acpi mmx fxsr sse sse2 ss ht tm pbe syscall nx pdpe1gb rdtscp lm constant_tsc arch_perfmon pebs bts rep_good nopl xtopology nonstop_tsc aperfmperf eagerfpu pni pclmulqdq dtes64 monitor ds_cpl vmx smx est tm2 ssse3 fma cx16 xtpr pdcm pcid sse4_1 sse4_2 x2apic movbe popcnt tsc_deadline_timer aes xsave avx f16c rdrand lahf_lm abm ida arat xsaveopt pln pts dtherm tpr_shadow vnmi flexpriority ept vpid fsgsbase tsc_adjust bmi1 hle avx2 smep bmi2 erms invpcid rtm
bogomips	: 7200.00
clflush size	: 64
cache_alignment	: 64
address sizes	: 39 bits physical, 48 bits virtual
power management:

processor	: 3
vendor_id	: GenuineIntel
cpu family	: 6
model		: 60
model name	: Intel(R) Core(TM) i7-4790 CPU @ 3.60GHz
stepping	: 3
microcode	: 0x17
cpu MHz		: 3799.968
cache size	: 8192 KB
physical id	: 0
siblings	: 8
core id		: 3
cpu cores	: 4
apicid		: 6
initial apicid	: 6
fpu		: yes
fpu_exception	: yes
cpuid level	: 13
wp		: yes
flags		: fpu vme de pse tsc msr pae mce cx8 apic sep mtrr pge mca cmov pat pse36 clflush dts acpi mmx fxsr sse sse2 ss ht tm pbe syscall nx pdpe1gb rdtscp lm constant_tsc arch_perfmon pebs bts rep_good nopl xtopology nonstop_tsc aperfmperf eagerfpu pni pclmulqdq dtes64 monitor ds_cpl vmx smx est tm2 ssse3 fma cx16 xtpr pdcm pcid sse4_1 sse4_2 x2apic movbe popcnt tsc_deadline_timer aes xsave avx f16c rdrand lahf_lm abm ida arat xsaveopt pln pts dtherm tpr_shadow vnmi flexpriority ept vpid fsgsbase tsc_adjust bmi1 hle avx2 smep bmi2 erms invpcid rtm
bogomips	: 7200.00
clflush size	: 64
cache_alignment	: 64
address sizes	: 39 bits physical, 48 bits virtual
power management:

processor	: 4
vendor_id	: GenuineIntel
cpu family	: 6
model		: 60
model name	: Intel(R) Core(TM) i7-4790 CPU @ 3.60GHz
stepping	: 3
microcode	: 0x17
cpu MHz		: 3799.968
cache size	: 8192 KB
physical id	: 0
siblings	: 8
core id		: 0
cpu cores	: 4
apicid		: 1
initial apicid	: 1
fpu		: yes
fpu_exception	: yes
cpuid level	: 13
wp		: yes
flags		: fpu vme de pse tsc msr pae mce cx8 apic sep mtrr pge mca cmov pat pse36 clflush dts acpi mmx fxsr sse sse2 ss ht tm pbe syscall nx pdpe1gb rdtscp lm constant_tsc arch_perfmon pebs bts rep_good nopl xtopology nonstop_tsc aperfmperf eagerfpu pni pclmulqdq dtes64 monitor ds_cpl vmx smx est tm2 ssse3 fma cx16 xtpr pdcm pcid sse4_1 sse4_2 x2apic movbe popcnt tsc_deadline_timer aes xsave avx f16c rdrand lahf_lm abm ida arat xsaveopt pln pts dtherm tpr_shadow vnmi flexpriority ept vpid fsgsbase tsc_adjust bmi1 hle avx2 smep bmi2 erms invpcid rtm
bogomips	: 7200.00
clflush size	: 64
cache_alignment	: 64
address sizes	: 39 bits physical, 48 bits virtual
power management:

processor	: 5
vendor_id	: GenuineIntel
cpu family	: 6
model		: 60
model name	: Intel(R) Core(TM) i7-4790 CPU @ 3.60GHz
stepping	: 3
microcode	: 0x17
cpu MHz		: 3799.968
cache size	: 8192 KB
physical id	: 0
siblings	: 8
core id		: 1
cpu cores	: 4
apicid		: 3
initial apicid	: 3
fpu		: yes
fpu_exception	: yes
cpuid level	: 13
wp		: yes
flags		: fpu vme de pse tsc msr pae mce cx8 apic sep mtrr pge mca cmov pat pse36 clflush dts acpi mmx fxsr sse sse2 ss ht tm pbe syscall nx pdpe1gb rdtscp lm constant_tsc arch_perfmon pebs bts rep_good nopl xtopology nonstop_tsc aperfmperf eagerfpu pni pclmulqdq dtes64 monitor ds_cpl vmx smx est tm2 ssse3 fma cx16 xtpr pdcm pcid sse4_1 sse4_2 x2apic movbe popcnt tsc_deadline_timer aes xsave avx f16c rdrand lahf_lm abm ida arat xsaveopt pln pts dtherm tpr_shadow vnmi flexpriority ept vpid fsgsbase tsc_adjust bmi1 hle avx2 smep bmi2 erms invpcid rtm
bogomips	: 7200.00
clflush size	: 64
cache_alignment	: 64
address sizes	: 39 bits physical, 48 bits virtual
power management:

processor	: 6
vendor_id	: GenuineIntel
cpu family	: 6
model		: 60
model name	: Intel(R) Core(TM) i7-4790 CPU @ 3.60GHz
stepping	: 3
microcode	: 0x17
cpu MHz		: 3799.968
cache size	: 8192 KB
physical id	: 0
siblings	: 8
core id		: 2
cpu cores	: 4
apicid		: 5
initial apicid	: 5
fpu		: yes
fpu_exception	: yes
cpuid level	: 13
wp		: yes
flags		: fpu vme de pse tsc msr pae mce cx8 apic sep mtrr pge mca cmov pat pse36 clflush dts acpi mmx fxsr sse sse2 ss ht tm pbe syscall nx pdpe1gb rdtscp lm constant_tsc arch_perfmon pebs bts rep_good nopl xtopology nonstop_tsc aperfmperf eagerfpu pni pclmulqdq dtes64 monitor ds_cpl vmx smx est tm2 ssse3 fma cx16 xtpr pdcm pcid sse4_1 sse4_2 x2apic movbe popcnt tsc_deadline_timer aes xsave avx f16c rdrand lahf_lm abm ida arat xsaveopt pln pts dtherm tpr_shadow vnmi flexpriority ept vpid fsgsbase tsc_adjust bmi1 hle avx2 smep bmi2 erms invpcid rtm
bogomips	: 7200.00
clflush size	: 64
cache_alignment	: 64
address sizes	: 39 bits physical, 48 bits virtual
power management:

processor	: 7
vendor_id	: GenuineIntel
cpu family	: 6
model		: 60
model name	: Intel(R) Core(TM) i7-4790 CPU @ 3.60GHz
stepping	: 3
microcode	: 0x17
cpu MHz		: 3799.968
cache size	: 8192 KB
physical id	: 0
siblings	: 8
core id		: 3
cpu cores	: 4
apicid		: 7
initial apicid	: 7
fpu		: yes
fpu_exception	: yes
cpuid level	: 13
wp		: yes
flags		: fpu vme de pse tsc msr pae mce cx8 apic sep mtrr pge mca cmov pat pse36 clflush dts acpi mmx fxsr sse sse2 ss ht tm pbe syscall nx pdpe1gb rdtscp lm constant_tsc arch_perfmon pebs bts rep_good nopl xtopology nonstop_tsc aperfmperf eagerfpu pni pclmulqdq dtes64 monitor ds_cpl vmx smx est tm2 ssse3 fma cx16 xtpr pdcm pcid sse4_1 sse4_2 x2apic movbe popcnt tsc_deadline_timer aes xsave avx f16c rdrand lahf_lm abm ida arat xsaveopt pln pts dtherm tpr_shadow vnmi flexpriority ept vpid fsgsbase tsc_adjust bmi1 hle avx2 smep bmi2 erms invpcid rtm
bogomips	: 7200.00
clflush size	: 64
cache_alignment	: 64
address sizes	: 39 bits physical, 48 bits virtual
power management:



Memory: 4k page, physical 5970844k(112516k free), swap 0k(0k free)

vm_info: Java HotSpot(TM) 64-Bit Server VM (25.45-b02) for linux-amd64 JRE (1.8.0_45-b14), built on Apr 10 2015 10:07:45 by "java_re" with gcc 4.3.0 20080428 (Red Hat 4.3.0-8)

time: Fri Apr 24 13:11:08 2015
elapsed time: 8 seconds (0d 0h 0m 8s)

