#
# There is insufficient memory for the Java Runtime Environment to continue.
# Native memory allocation (mmap) failed to map 130023424 bytes for committing reserved memory.
# Possible reasons:
#   The system is out of physical RAM or swap space
#   In 32 bit mode, the process size limit was hit
# Possible solutions:
#   Reduce memory load on the system
#   Increase physical memory or swap space
#   Check if swap backing store is full
#   Use 64 bit Java on a 64 bit OS
#   Decrease Java heap size (-Xmx/-Xms)
#   Decrease number of Java threads
#   Decrease Java thread stack sizes (-Xss)
#   Set larger code cache with -XX:ReservedCodeCacheSize=
# This output file may be truncated or incomplete.
#
#  Out of Memory Error (os_linux.cpp:2673), pid=15714, tid=140341898311424
#
# JRE version: Java(TM) SE Runtime Environment (8.0_45-b14) (build 1.8.0_45-b14)
# Java VM: Java HotSpot(TM) 64-Bit Server VM (25.45-b02 mixed mode linux-amd64 compressed oops)
# Failed to write core dump. Core dumps have been disabled. To enable core dumping, try "ulimit -c unlimited" before starting Java again
#

---------------  T H R E A D  ---------------

Current thread (0x00007fa4141c7000):  VMThread [stack: 0x00007fa3e4eef000,0x00007fa3e4ff0000] [id=15813]

Stack: [0x00007fa3e4eef000,0x00007fa3e4ff0000],  sp=0x00007fa3e4fee1e0,  free space=1020k
Native frames: (J=compiled Java code, j=interpreted, Vv=VM code, C=native code)
V  [libjvm.so+0xaac99a]  VMError::report_and_die()+0x2ba
V  [libjvm.so+0x4f333b]  report_vm_out_of_memory(char const*, int, unsigned long, VMErrorType, char const*)+0x8b
V  [libjvm.so+0x90e7c3]  os::Linux::commit_memory_impl(char*, unsigned long, bool)+0x103
V  [libjvm.so+0x90ed19]  os::pd_commit_memory(char*, unsigned long, unsigned long, bool)+0x29
V  [libjvm.so+0x90867a]  os::commit_memory(char*, unsigned long, unsigned long, bool)+0x2a
V  [libjvm.so+0x97bac3]  PSVirtualSpace::expand_by(unsigned long)+0x53
V  [libjvm.so+0x97cec8]  PSYoungGen::resize_generation(unsigned long, unsigned long)+0xf8
V  [libjvm.so+0x97c022]  PSYoungGen::resize(unsigned long, unsigned long)+0x22
V  [libjvm.so+0x9792fb]  PSScavenge::invoke_no_policy()+0xf7b
V  [libjvm.so+0x979a81]  PSScavenge::invoke()+0x41
V  [libjvm.so+0x932050]  ParallelScavengeHeap::failed_mem_allocate(unsigned long)+0x70
V  [libjvm.so+0xaae1d7]  VM_ParallelGCFailedAllocation::doit()+0x97
V  [libjvm.so+0xab59c5]  VM_Operation::evaluate()+0x55
V  [libjvm.so+0xab3d9a]  VMThread::evaluate_operation(VM_Operation*)+0xba
V  [libjvm.so+0xab411e]  VMThread::loop()+0x1ce
V  [libjvm.so+0xab4590]  VMThread::run()+0x70
V  [libjvm.so+0x910de8]  java_start(Thread*)+0x108

VM_Operation (0x00007fa41c728960): ParallelGCFailedAllocation, mode: safepoint, requested by thread 0x00007fa41400a000


---------------  P R O C E S S  ---------------

Java Threads: ( => current thread )
  0x00007fa414214000 JavaThread "Service Thread" daemon [_thread_blocked, id=15891, stack(0x00007fa3cbdfe000,0x00007fa3cbeff000)]
  0x00007fa41420f000 JavaThread "C1 CompilerThread3" daemon [_thread_blocked, id=15890, stack(0x00007fa3cbeff000,0x00007fa3cc000000)]
  0x00007fa41420d800 JavaThread "C2 CompilerThread2" daemon [_thread_blocked, id=15889, stack(0x00007fa3e409d000,0x00007fa3e419e000)]
  0x00007fa41420b800 JavaThread "C2 CompilerThread1" daemon [_thread_blocked, id=15888, stack(0x00007fa3e419e000,0x00007fa3e429f000)]
  0x00007fa414208800 JavaThread "C2 CompilerThread0" daemon [_thread_in_native, id=15887, stack(0x00007fa3e429f000,0x00007fa3e43a0000)]
  0x00007fa414207000 JavaThread "Signal Dispatcher" daemon [_thread_blocked, id=15871, stack(0x00007fa3e43a0000,0x00007fa3e44a1000)]
  0x00007fa4141ce000 JavaThread "Finalizer" daemon [_thread_blocked, id=15830, stack(0x00007fa3e4ced000,0x00007fa3e4dee000)]
  0x00007fa4141cc000 JavaThread "Reference Handler" daemon [_thread_blocked, id=15829, stack(0x00007fa3e4dee000,0x00007fa3e4eef000)]
  0x00007fa41400a000 JavaThread "main" [_thread_blocked, id=15732, stack(0x00007fa41c62a000,0x00007fa41c72b000)]

Other Threads:
=>0x00007fa4141c7000 VMThread [stack: 0x00007fa3e4eef000,0x00007fa3e4ff0000] [id=15813]
  0x00007fa414216800 WatcherThread [stack: 0x00007fa3cbcfd000,0x00007fa3cbdfe000] [id=15892]

VM state:at safepoint (normal execution)

VM Mutex/Monitor currently owned by a thread:  ([mutex/lock_event])
[0x00007fa414006240] Threads_lock - owner thread: 0x00007fa4141c7000
[0x00007fa414006740] Heap_lock - owner thread: 0x00007fa41400a000

Heap:
 PSYoungGen      total 99840K, used 3576K [0x00000000eab00000, 0x00000000f1000000, 0x0000000100000000)
  eden space 96256K, 0% used [0x00000000eab00000,0x00000000eab00000,0x00000000f0900000)
  from space 3584K, 99% used [0x00000000f0900000,0x00000000f0c7e268,0x00000000f0c80000)
  to   space 3584K, 0% used [0x00000000f0c80000,0x00000000f0c80000,0x00000000f1000000)
 ParOldGen       total 62976K, used 34650K [0x00000000c0000000, 0x00000000c3d80000, 0x00000000eab00000)
  object space 62976K, 55% used [0x00000000c0000000,0x00000000c21d6b18,0x00000000c3d80000)
 Metaspace       used 6020K, capacity 7152K, committed 7296K, reserved 1056768K
  class space    used 571K, capacity 616K, committed 640K, reserved 1048576K

Card table byte_map: [0x00007fa419202000,0x00007fa419403000] byte_map_base: 0x00007fa418c02000

Marking Bits: (ParMarkBitMap*) 0x00007fa41bb00760
 Begin Bits: [0x00007fa3e6000000, 0x00007fa3e7000000)
 End Bits:   [0x00007fa3e7000000, 0x00007fa3e8000000)

Polling page: 0x00007fa41c747000

CodeCache: size=245760Kb used=7640Kb max_used=7640Kb free=238119Kb
 bounds [0x00007fa405000000, 0x00007fa405780000, 0x00007fa414000000]
 total_blobs=2032 nmethods=1768 adapters=178
 compilation: enabled

Compilation events (10 events):
Event: 30,388 Thread 0x00007fa41420f000 1826 %     3       java.util.HashMap::getNode @ 98 (148 bytes)
Event: 30,389 Thread 0x00007fa41420f000 nmethod 1826% 0x00007fa405779410 code [0x00007fa405779620, 0x00007fa40577a348]
Event: 30,389 Thread 0x00007fa41420f000 1827       3       java.util.HashMap::getNode (148 bytes)
Event: 30,390 Thread 0x00007fa41420f000 nmethod 1827 0x00007fa40577a7d0 code [0x00007fa40577a9e0, 0x00007fa40577b648]
Event: 30,396 Thread 0x00007fa41420f000 1828       2       com.android.dx.rop.cst.CstLiteral32::getLongBits (6 bytes)
Event: 30,396 Thread 0x00007fa41420f000 nmethod 1828 0x00007fa40577bad0 code [0x00007fa40577bc20, 0x00007fa40577bd70]
Event: 30,450 Thread 0x00007fa41420f000 1829       2       com.android.dx.dex.file.AnnotationsDirectoryItem::setClassAnnotations (45 bytes)
Event: 30,450 Thread 0x00007fa41420f000 nmethod 1829 0x00007fa40577be10 code [0x00007fa40577bfa0, 0x00007fa40577c308]
Event: 30,484 Thread 0x00007fa41420f000 1831       2       com.android.dx.ssa.ConstCollector$1::compare (13 bytes)
Event: 30,484 Thread 0x00007fa41420f000 nmethod 1831 0x00007fa40577c4d0 code [0x00007fa40577c640, 0x00007fa40577c808]

GC Heap History (9 events):
Event: 1,956 GC heap before
{Heap before GC invocations=1 (full 0):
 PSYoungGen      total 27648K, used 24064K [0x00000000eab00000, 0x00000000ec980000, 0x0000000100000000)
  eden space 24064K, 100% used [0x00000000eab00000,0x00000000ec280000,0x00000000ec280000)
  from space 3584K, 0% used [0x00000000ec600000,0x00000000ec600000,0x00000000ec980000)
  to   space 3584K, 0% used [0x00000000ec280000,0x00000000ec280000,0x00000000ec600000)
 ParOldGen       total 62976K, used 0K [0x00000000c0000000, 0x00000000c3d80000, 0x00000000eab00000)
  object space 62976K, 0% used [0x00000000c0000000,0x00000000c0000000,0x00000000c3d80000)
 Metaspace       used 5588K, capacity 6832K, committed 7040K, reserved 1056768K
  class space    used 551K, capacity 616K, committed 640K, reserved 1048576K
Event: 2,018 GC heap after
Heap after GC invocations=1 (full 0):
 PSYoungGen      total 27648K, used 3564K [0x00000000eab00000, 0x00000000ee100000, 0x0000000100000000)
  eden space 24064K, 0% used [0x00000000eab00000,0x00000000eab00000,0x00000000ec280000)
  from space 3584K, 99% used [0x00000000ec280000,0x00000000ec5fb0e0,0x00000000ec600000)
  to   space 3584K, 0% used [0x00000000edd80000,0x00000000edd80000,0x00000000ee100000)
 ParOldGen       total 62976K, used 1759K [0x00000000c0000000, 0x00000000c3d80000, 0x00000000eab00000)
  object space 62976K, 2% used [0x00000000c0000000,0x00000000c01b7ff0,0x00000000c3d80000)
 Metaspace       used 5588K, capacity 6832K, committed 7040K, reserved 1056768K
  class space    used 551K, capacity 616K, committed 640K, reserved 1048576K
}
Event: 2,664 GC heap before
{Heap before GC invocations=2 (full 0):
 PSYoungGen      total 27648K, used 27628K [0x00000000eab00000, 0x00000000ee100000, 0x0000000100000000)
  eden space 24064K, 100% used [0x00000000eab00000,0x00000000ec280000,0x00000000ec280000)
  from space 3584K, 99% used [0x00000000ec280000,0x00000000ec5fb0e0,0x00000000ec600000)
  to   space 3584K, 0% used [0x00000000edd80000,0x00000000edd80000,0x00000000ee100000)
 ParOldGen       total 62976K, used 1759K [0x00000000c0000000, 0x00000000c3d80000, 0x00000000eab00000)
  object space 62976K, 2% used [0x00000000c0000000,0x00000000c01b7ff0,0x00000000c3d80000)
 Metaspace       used 5780K, capacity 7024K, committed 7296K, reserved 1056768K
  class space    used 552K, capacity 616K, committed 640K, reserved 1048576K
Event: 2,719 GC heap after
Heap after GC invocations=2 (full 0):
 PSYoungGen      total 51712K, used 3577K [0x00000000eab00000, 0x00000000ee100000, 0x0000000100000000)
  eden space 48128K, 0% used [0x00000000eab00000,0x00000000eab00000,0x00000000eda00000)
  from space 3584K, 99% used [0x00000000edd80000,0x00000000ee0fe6b0,0x00000000ee100000)
  to   space 3584K, 0% used [0x00000000eda00000,0x00000000eda00000,0x00000000edd80000)
 ParOldGen       total 62976K, used 5493K [0x00000000c0000000, 0x00000000c3d80000, 0x00000000eab00000)
  object space 62976K, 8% used [0x00000000c0000000,0x00000000c055d770,0x00000000c3d80000)
 Metaspace       used 5780K, capacity 7024K, committed 7296K, reserved 1056768K
  class space    used 552K, capacity 616K, committed 640K, reserved 1048576K
}
Event: 4,406 GC heap before
{Heap before GC invocations=3 (full 0):
 PSYoungGen      total 51712K, used 51705K [0x00000000eab00000, 0x00000000ee100000, 0x0000000100000000)
  eden space 48128K, 100% used [0x00000000eab00000,0x00000000eda00000,0x00000000eda00000)
  from space 3584K, 99% used [0x00000000edd80000,0x00000000ee0fe6b0,0x00000000ee100000)
  to   space 3584K, 0% used [0x00000000eda00000,0x00000000eda00000,0x00000000edd80000)
 ParOldGen       total 62976K, used 5493K [0x00000000c0000000, 0x00000000c3d80000, 0x00000000eab00000)
  object space 62976K, 8% used [0x00000000c0000000,0x00000000c055d770,0x00000000c3d80000)
 Metaspace       used 5850K, capacity 7088K, committed 7296K, reserved 1056768K
  class space    used 553K, capacity 616K, committed 640K, reserved 1048576K
Event: 4,473 GC heap after
Heap after GC invocations=3 (full 0):
 PSYoungGen      total 51712K, used 3572K [0x00000000eab00000, 0x00000000f1000000, 0x0000000100000000)
  eden space 48128K, 0% used [0x00000000eab00000,0x00000000eab00000,0x00000000eda00000)
  from space 3584K, 99% used [0x00000000eda00000,0x00000000edd7d0c8,0x00000000edd80000)
  to   space 3584K, 0% used [0x00000000f0c80000,0x00000000f0c80000,0x00000000f1000000)
 ParOldGen       total 62976K, used 12662K [0x00000000c0000000, 0x00000000c3d80000, 0x00000000eab00000)
  object space 62976K, 20% used [0x00000000c0000000,0x00000000c0c5dad0,0x00000000c3d80000)
 Metaspace       used 5850K, capacity 7088K, committed 7296K, reserved 1056768K
  class space    used 553K, capacity 616K, committed 640K, reserved 1048576K
}
Event: 28,073 GC heap before
{Heap before GC invocations=4 (full 0):
 PSYoungGen      total 51712K, used 51700K [0x00000000eab00000, 0x00000000f1000000, 0x0000000100000000)
  eden space 48128K, 100% used [0x00000000eab00000,0x00000000eda00000,0x00000000eda00000)
  from space 3584K, 99% used [0x00000000eda00000,0x00000000edd7d0c8,0x00000000edd80000)
  to   space 3584K, 0% used [0x00000000f0c80000,0x00000000f0c80000,0x00000000f1000000)
 ParOldGen       total 62976K, used 12662K [0x00000000c0000000, 0x00000000c3d80000, 0x00000000eab00000)
  object space 62976K, 20% used [0x00000000c0000000,0x00000000c0c5dad0,0x00000000c3d80000)
 Metaspace       used 5985K, capacity 7088K, committed 7296K, reserved 1056768K
  class space    used 571K, capacity 616K, committed 640K, reserved 1048576K
Event: 28,173 GC heap after
Heap after GC invocations=4 (full 0):
 PSYoungGen      total 99840K, used 3558K [0x00000000eab00000, 0x00000000f1000000, 0x0000000100000000)
  eden space 96256K, 0% used [0x00000000eab00000,0x00000000eab00000,0x00000000f0900000)
  from space 3584K, 99% used [0x00000000f0c80000,0x00000000f0ff98d8,0x00000000f1000000)
  to   space 3584K, 0% used [0x00000000f0900000,0x00000000f0900000,0x00000000f0c80000)
 ParOldGen       total 62976K, used 20053K [0x00000000c0000000, 0x00000000c3d80000, 0x00000000eab00000)
  object space 62976K, 31% used [0x00000000c0000000,0x00000000c1395700,0x00000000c3d80000)
 Metaspace       used 5985K, capacity 7088K, committed 7296K, reserved 1056768K
  class space    used 571K, capacity 616K, committed 640K, reserved 1048576K
}
Event: 30,530 GC heap before
{Heap before GC invocations=5 (full 0):
 PSYoungGen      total 99840K, used 99814K [0x00000000eab00000, 0x00000000f1000000, 0x0000000100000000)
  eden space 96256K, 100% used [0x00000000eab00000,0x00000000f0900000,0x00000000f0900000)
  from space 3584K, 99% used [0x00000000f0c80000,0x00000000f0ff98d8,0x00000000f1000000)
  to   space 3584K, 0% used [0x00000000f0900000,0x00000000f0900000,0x00000000f0c80000)
 ParOldGen       total 62976K, used 20053K [0x00000000c0000000, 0x00000000c3d80000, 0x00000000eab00000)
  object space 62976K, 31% used [0x00000000c0000000,0x00000000c1395700,0x00000000c3d80000)
 Metaspace       used 6020K, capacity 7152K, committed 7296K, reserved 1056768K
  class space    used 571K, capacity 616K, committed 640K, reserved 1048576K

Deoptimization events (10 events):
Event: 5,247 Thread 0x00007fa41400a000 Uncommon trap: reason=unstable_if action=reinterpret pc=0x00007fa40556343c method=java.util.HashMap.putVal(ILjava/lang/Object;Ljava/lang/Object;ZZ)Ljava/lang/Object; @ 162
Event: 5,378 Thread 0x00007fa41400a000 Uncommon trap: reason=class_check action=maybe_recompile pc=0x00007fa405692294 method=com.android.dx.rop.code.RegisterSpec.withSimpleType()Lcom/android/dx/rop/code/RegisterSpec; @ 21
Event: 27,564 Thread 0x00007fa41400a000 Uncommon trap: reason=class_check action=maybe_recompile pc=0x00007fa4054b5f5c method=java.util.HashMap.putVal(ILjava/lang/Object;Ljava/lang/Object;ZZ)Ljava/lang/Object; @ 203
Event: 28,796 Thread 0x00007fa41400a000 Uncommon trap: reason=unstable_if action=reinterpret pc=0x00007fa405701bc0 method=java.util.HashMap.putVal(ILjava/lang/Object;Ljava/lang/Object;ZZ)Ljava/lang/Object; @ 109
Event: 29,572 Thread 0x00007fa41400a000 Uncommon trap: reason=unstable_if action=reinterpret pc=0x00007fa4057159ec method=com.android.dx.rop.cst.CstNat.equals(Ljava/lang/Object;)Z @ 25
Event: 29,611 Thread 0x00007fa41400a000 Uncommon trap: reason=class_check action=maybe_recompile pc=0x00007fa405692294 method=com.android.dx.rop.code.RegisterSpec.withSimpleType()Lcom/android/dx/rop/code/RegisterSpec; @ 21
Event: 29,613 Thread 0x00007fa41400a000 Uncommon trap: reason=class_check action=maybe_recompile pc=0x00007fa405692294 method=com.android.dx.rop.code.RegisterSpec.withSimpleType()Lcom/android/dx/rop/code/RegisterSpec; @ 21
Event: 29,639 Thread 0x00007fa41400a000 Uncommon trap: reason=class_check action=maybe_recompile pc=0x00007fa405692294 method=com.android.dx.rop.code.RegisterSpec.withSimpleType()Lcom/android/dx/rop/code/RegisterSpec; @ 21
Event: 29,903 Thread 0x00007fa41400a000 Uncommon trap: reason=unstable_if action=reinterpret pc=0x00007fa40571ea58 method=com.android.dx.cf.code.ByteCatchList.listFor(I)Lcom/android/dx/cf/code/ByteCatchList; @ 47
Event: 30,261 Thread 0x00007fa41400a000 Uncommon trap: reason=unstable_if action=reinterpret pc=0x00007fa4056b94c8 method=com.android.dx.ssa.SCCP.simulateStmt(Lcom/android/dx/ssa/SsaInsn;)V @ 59

Internal exceptions (7 events):
Event: 0,058 Thread 0x00007fa41400a000 Exception <a 'java/lang/NoSuchMethodError': Method sun.misc.Unsafe.defineClass(Ljava/lang/String;[BII)Ljava/lang/Class; name or signature does not match> (0x00000000eab12a38) thrown at [/RE-WORK/workspace/8-2-build-linux-amd64/jdk8u45/3457/hotspot/src/sha
Event: 0,058 Thread 0x00007fa41400a000 Exception <a 'java/lang/NoSuchMethodError': Method sun.misc.Unsafe.prefetchRead(Ljava/lang/Object;J)V name or signature does not match> (0x00000000eab12cc8) thrown at [/RE-WORK/workspace/8-2-build-linux-amd64/jdk8u45/3457/hotspot/src/share/vm/prims/jni.cp
Event: 2,524 Thread 0x00007fa41400a000 Implicit null exception at 0x00007fa4055695e7 to 0x00007fa40556b0b5
Event: 2,527 Thread 0x00007fa41400a000 Implicit null exception at 0x00007fa40555aec4 to 0x00007fa40555c63d
Event: 5,274 Thread 0x00007fa41400a000 Exception <a 'java/lang/ArrayIndexOutOfBoundsException': 18> (0x00000000ec068ce8) thrown at [/RE-WORK/workspace/8-2-build-linux-amd64/jdk8u45/3457/hotspot/src/share/vm/interpreter/interpreterRuntime.cpp, line 366]
Event: 5,275 Thread 0x00007fa41400a000 Exception <a 'java/lang/ArrayIndexOutOfBoundsException'> (0x00000000ec06a7b8) thrown at [/RE-WORK/workspace/8-2-build-linux-amd64/jdk8u45/3457/hotspot/src/share/vm/runtime/sharedRuntime.cpp, line 605]
Event: 5,289 Thread 0x00007fa41400a000 Exception <a 'java/lang/ArrayIndexOutOfBoundsException'> (0x00000000ec06b9f0) thrown at [/RE-WORK/workspace/8-2-build-linux-amd64/jdk8u45/3457/hotspot/src/share/vm/runtime/sharedRuntime.cpp, line 605]

Events (10 events):
Event: 29,639 Thread 0x00007fa41400a000 DEOPT UNPACKING pc=0x00007fa405005229 sp=0x00007fa41c728bb8 mode 2
Event: 29,903 Thread 0x00007fa41400a000 Uncommon trap: trap_request=0xffffff65 fr.pc=0x00007fa40571ea58
Event: 29,903 Thread 0x00007fa41400a000 DEOPT PACKING pc=0x00007fa40571ea58 sp=0x00007fa41c728b10
Event: 29,903 Thread 0x00007fa41400a000 DEOPT UNPACKING pc=0x00007fa405005229 sp=0x00007fa41c728960 mode 2
Event: 30,261 Thread 0x00007fa41400a000 Uncommon trap: trap_request=0xffffff65 fr.pc=0x00007fa4056b94c8
Event: 30,261 Thread 0x00007fa41400a000 DEOPT PACKING pc=0x00007fa4056b94c8 sp=0x00007fa41c728b00
Event: 30,261 Thread 0x00007fa41400a000 DEOPT UNPACKING pc=0x00007fa405005229 sp=0x00007fa41c728ae8 mode 2
Event: 30,390 Thread 0x00007fa41400a000 DEOPT PACKING pc=0x00007fa405689888 sp=0x00007fa41c728a40
Event: 30,390 Thread 0x00007fa41400a000 DEOPT UNPACKING pc=0x00007fa405047633 sp=0x00007fa41c728768 mode 0
Event: 30,530 Executing VM operation: ParallelGCFailedAllocation


Dynamic libraries:
00400000-00401000 r-xp 00000000 fc:01 3280464                            /usr/lib/jvm/java-8-oracle/jre/bin/java
00600000-00601000 rw-p 00000000 fc:01 3280464                            /usr/lib/jvm/java-8-oracle/jre/bin/java
01b46000-01b67000 rw-p 00000000 00:00 0                                  [heap]
c0000000-c3d80000 rw-p 00000000 00:00 0 
c3d80000-eab00000 ---p 00000000 00:00 0 
eab00000-f1000000 rw-p 00000000 00:00 0 
f8c00000-100000000 ---p 00000000 00:00 0 
100000000-1000a0000 rw-p 00000000 00:00 0 
1000a0000-140000000 ---p 00000000 00:00 0 
7fa3b0000000-7fa3b0021000 rw-p 00000000 00:00 0 
7fa3b0021000-7fa3b4000000 ---p 00000000 00:00 0 
7fa3b8000000-7fa3b89e8000 rw-p 00000000 00:00 0 
7fa3b89e8000-7fa3bc000000 ---p 00000000 00:00 0 
7fa3bc000000-7fa3bc021000 rw-p 00000000 00:00 0 
7fa3bc021000-7fa3c0000000 ---p 00000000 00:00 0 
7fa3c0000000-7fa3c12cd000 rw-p 00000000 00:00 0 
7fa3c12cd000-7fa3c4000000 ---p 00000000 00:00 0 
7fa3c4000000-7fa3c4f9f000 rw-p 00000000 00:00 0 
7fa3c4f9f000-7fa3c8000000 ---p 00000000 00:00 0 
7fa3cba49000-7fa3cbcfd000 rw-p 00000000 00:00 0 
7fa3cbcfd000-7fa3cbcfe000 ---p 00000000 00:00 0 
7fa3cbcfe000-7fa3cbdfe000 rw-p 00000000 00:00 0                          [stack:15892]
7fa3cbdfe000-7fa3cbe01000 ---p 00000000 00:00 0 
7fa3cbe01000-7fa3cbeff000 rw-p 00000000 00:00 0                          [stack:15891]
7fa3cbeff000-7fa3cbf02000 ---p 00000000 00:00 0 
7fa3cbf02000-7fa3cc000000 rw-p 00000000 00:00 0                          [stack:15890]
7fa3cc000000-7fa3cc021000 rw-p 00000000 00:00 0 
7fa3cc021000-7fa3d0000000 ---p 00000000 00:00 0 
7fa3d0000000-7fa3d1481000 rw-p 00000000 00:00 0 
7fa3d1481000-7fa3d4000000 ---p 00000000 00:00 0 
7fa3d4000000-7fa3d4021000 rw-p 00000000 00:00 0 
7fa3d4021000-7fa3d8000000 ---p 00000000 00:00 0 
7fa3d8000000-7fa3d8021000 rw-p 00000000 00:00 0 
7fa3d8021000-7fa3dc000000 ---p 00000000 00:00 0 
7fa3dc000000-7fa3dc28a000 rw-p 00000000 00:00 0 
7fa3dc28a000-7fa3e0000000 ---p 00000000 00:00 0 
7fa3e0000000-7fa3e0021000 rw-p 00000000 00:00 0 
7fa3e0021000-7fa3e4000000 ---p 00000000 00:00 0 
7fa3e409d000-7fa3e40a0000 ---p 00000000 00:00 0 
7fa3e40a0000-7fa3e419e000 rw-p 00000000 00:00 0                          [stack:15889]
7fa3e419e000-7fa3e41a1000 ---p 00000000 00:00 0 
7fa3e41a1000-7fa3e429f000 rw-p 00000000 00:00 0                          [stack:15888]
7fa3e429f000-7fa3e42a2000 ---p 00000000 00:00 0 
7fa3e42a2000-7fa3e43a0000 rw-p 00000000 00:00 0                          [stack:15887]
7fa3e43a0000-7fa3e43a3000 ---p 00000000 00:00 0 
7fa3e43a3000-7fa3e44a1000 rw-p 00000000 00:00 0                          [stack:15871]
7fa3e44a1000-7fa3e4ced000 r--p 00000000 fc:01 3021646                    /usr/lib/locale/locale-archive
7fa3e4ced000-7fa3e4cf0000 ---p 00000000 00:00 0 
7fa3e4cf0000-7fa3e4dee000 rw-p 00000000 00:00 0                          [stack:15830]
7fa3e4dee000-7fa3e4df1000 ---p 00000000 00:00 0 
7fa3e4df1000-7fa3e4eef000 rw-p 00000000 00:00 0                          [stack:15829]
7fa3e4eef000-7fa3e4ef0000 ---p 00000000 00:00 0 
7fa3e4ef0000-7fa3e8000000 rw-p 00000000 00:00 0                          [stack:15813]
7fa3e8000000-7fa3e8021000 rw-p 00000000 00:00 0 
7fa3e8021000-7fa3ec000000 ---p 00000000 00:00 0 
7fa3ec000000-7fa3ec021000 rw-p 00000000 00:00 0 
7fa3ec021000-7fa3f0000000 ---p 00000000 00:00 0 
7fa3f0000000-7fa3f0021000 rw-p 00000000 00:00 0 
7fa3f0021000-7fa3f4000000 ---p 00000000 00:00 0 
7fa3f4000000-7fa3f4021000 rw-p 00000000 00:00 0 
7fa3f4021000-7fa3f8000000 ---p 00000000 00:00 0 
7fa3f8000000-7fa3f8021000 rw-p 00000000 00:00 0 
7fa3f8021000-7fa3fc000000 ---p 00000000 00:00 0 
7fa3fc000000-7fa3fc021000 rw-p 00000000 00:00 0 
7fa3fc021000-7fa400000000 ---p 00000000 00:00 0 
7fa400000000-7fa400021000 rw-p 00000000 00:00 0 
7fa400021000-7fa404000000 ---p 00000000 00:00 0 
7fa4040f9000-7fa404e80000 rw-p 00000000 00:00 0 
7fa404e80000-7fa405000000 ---p 00000000 00:00 0 
7fa405000000-7fa405780000 rwxp 00000000 00:00 0 
7fa405780000-7fa414000000 ---p 00000000 00:00 0 
7fa414000000-7fa4144eb000 rw-p 00000000 00:00 0 
7fa4144eb000-7fa418000000 ---p 00000000 00:00 0 
7fa418051000-7fa418455000 rw-p 00000000 00:00 0 
7fa418455000-7fa41862e000 r--s 03d09000 fc:01 3027746                    /usr/lib/jvm/java-8-oracle/jre/lib/rt.jar
7fa41862e000-7fa4188a4000 rw-p 00000000 00:00 0 
7fa4188a4000-7fa4188a5000 ---p 00000000 00:00 0 
7fa4188a5000-7fa4189a5000 rw-p 00000000 00:00 0                          [stack:15775]
7fa4189a5000-7fa4189a6000 ---p 00000000 00:00 0 
7fa4189a6000-7fa418aa6000 rw-p 00000000 00:00 0                          [stack:15774]
7fa418aa6000-7fa418aa7000 ---p 00000000 00:00 0 
7fa418aa7000-7fa418ba7000 rw-p 00000000 00:00 0                          [stack:15773]
7fa418ba7000-7fa418ba8000 ---p 00000000 00:00 0 
7fa418ba8000-7fa418ca8000 rw-p 00000000 00:00 0                          [stack:15772]
7fa418ca8000-7fa418ca9000 ---p 00000000 00:00 0 
7fa418ca9000-7fa418da9000 rw-p 00000000 00:00 0                          [stack:15770]
7fa418da9000-7fa418daa000 ---p 00000000 00:00 0 
7fa418daa000-7fa418eaa000 rw-p 00000000 00:00 0                          [stack:15769]
7fa418eaa000-7fa418eab000 ---p 00000000 00:00 0 
7fa418eab000-7fa418fab000 rw-p 00000000 00:00 0                          [stack:15768]
7fa418fab000-7fa418fac000 ---p 00000000 00:00 0 
7fa418fac000-7fa4190cb000 rw-p 00000000 00:00 0                          [stack:15767]
7fa4190cb000-7fa419202000 ---p 00000000 00:00 0 
7fa419202000-7fa419221000 rw-p 00000000 00:00 0 
7fa419221000-7fa419357000 ---p 00000000 00:00 0 
7fa419357000-7fa41938a000 rw-p 00000000 00:00 0 
7fa41938a000-7fa419402000 ---p 00000000 00:00 0 
7fa419402000-7fa419421000 rw-p 00000000 00:00 0 
7fa419421000-7fa4197c3000 ---p 00000000 00:00 0 
7fa4197c3000-7fa4197dd000 r-xp 00000000 fc:01 3026470                    /usr/lib/jvm/java-8-oracle/jre/lib/amd64/libzip.so
7fa4197dd000-7fa4199dd000 ---p 0001a000 fc:01 3026470                    /usr/lib/jvm/java-8-oracle/jre/lib/amd64/libzip.so
7fa4199dd000-7fa4199de000 rw-p 0001a000 fc:01 3026470                    /usr/lib/jvm/java-8-oracle/jre/lib/amd64/libzip.so
7fa4199de000-7fa4199e9000 r-xp 00000000 fc:01 8261846                    /lib/x86_64-linux-gnu/libnss_files-2.19.so
7fa4199e9000-7fa419be8000 ---p 0000b000 fc:01 8261846                    /lib/x86_64-linux-gnu/libnss_files-2.19.so
7fa419be8000-7fa419be9000 r--p 0000a000 fc:01 8261846                    /lib/x86_64-linux-gnu/libnss_files-2.19.so
7fa419be9000-7fa419bea000 rw-p 0000b000 fc:01 8261846                    /lib/x86_64-linux-gnu/libnss_files-2.19.so
7fa419bea000-7fa419bf5000 r-xp 00000000 fc:01 8261866                    /lib/x86_64-linux-gnu/libnss_nis-2.19.so
7fa419bf5000-7fa419df4000 ---p 0000b000 fc:01 8261866                    /lib/x86_64-linux-gnu/libnss_nis-2.19.so
7fa419df4000-7fa419df5000 r--p 0000a000 fc:01 8261866                    /lib/x86_64-linux-gnu/libnss_nis-2.19.so
7fa419df5000-7fa419df6000 rw-p 0000b000 fc:01 8261866                    /lib/x86_64-linux-gnu/libnss_nis-2.19.so
7fa419df6000-7fa419e0d000 r-xp 00000000 fc:01 8261855                    /lib/x86_64-linux-gnu/libnsl-2.19.so
7fa419e0d000-7fa41a00c000 ---p 00017000 fc:01 8261855                    /lib/x86_64-linux-gnu/libnsl-2.19.so
7fa41a00c000-7fa41a00d000 r--p 00016000 fc:01 8261855                    /lib/x86_64-linux-gnu/libnsl-2.19.so
7fa41a00d000-7fa41a00e000 rw-p 00017000 fc:01 8261855                    /lib/x86_64-linux-gnu/libnsl-2.19.so
7fa41a00e000-7fa41a010000 rw-p 00000000 00:00 0 
7fa41a010000-7fa41a019000 r-xp 00000000 fc:01 8261854                    /lib/x86_64-linux-gnu/libnss_compat-2.19.so
7fa41a019000-7fa41a218000 ---p 00009000 fc:01 8261854                    /lib/x86_64-linux-gnu/libnss_compat-2.19.so
7fa41a218000-7fa41a219000 r--p 00008000 fc:01 8261854                    /lib/x86_64-linux-gnu/libnss_compat-2.19.so
7fa41a219000-7fa41a21a000 rw-p 00009000 fc:01 8261854                    /lib/x86_64-linux-gnu/libnss_compat-2.19.so
7fa41a21a000-7fa41a244000 r-xp 00000000 fc:01 3027711                    /usr/lib/jvm/java-8-oracle/jre/lib/amd64/libjava.so
7fa41a244000-7fa41a444000 ---p 0002a000 fc:01 3027711                    /usr/lib/jvm/java-8-oracle/jre/lib/amd64/libjava.so
7fa41a444000-7fa41a446000 rw-p 0002a000 fc:01 3027711                    /usr/lib/jvm/java-8-oracle/jre/lib/amd64/libjava.so
7fa41a446000-7fa41a453000 r-xp 00000000 fc:01 3027732                    /usr/lib/jvm/java-8-oracle/jre/lib/amd64/libverify.so
7fa41a453000-7fa41a653000 ---p 0000d000 fc:01 3027732                    /usr/lib/jvm/java-8-oracle/jre/lib/amd64/libverify.so
7fa41a653000-7fa41a655000 rw-p 0000d000 fc:01 3027732                    /usr/lib/jvm/java-8-oracle/jre/lib/amd64/libverify.so
7fa41a655000-7fa41a65c000 r-xp 00000000 fc:01 8261863                    /lib/x86_64-linux-gnu/librt-2.19.so
7fa41a65c000-7fa41a85b000 ---p 00007000 fc:01 8261863                    /lib/x86_64-linux-gnu/librt-2.19.so
7fa41a85b000-7fa41a85c000 r--p 00006000 fc:01 8261863                    /lib/x86_64-linux-gnu/librt-2.19.so
7fa41a85c000-7fa41a85d000 rw-p 00007000 fc:01 8261863                    /lib/x86_64-linux-gnu/librt-2.19.so
7fa41a85d000-7fa41a962000 r-xp 00000000 fc:01 8257562                    /lib/x86_64-linux-gnu/libm-2.19.so
7fa41a962000-7fa41ab61000 ---p 00105000 fc:01 8257562                    /lib/x86_64-linux-gnu/libm-2.19.so
7fa41ab61000-7fa41ab62000 r--p 00104000 fc:01 8257562                    /lib/x86_64-linux-gnu/libm-2.19.so
7fa41ab62000-7fa41ab63000 rw-p 00105000 fc:01 8257562                    /lib/x86_64-linux-gnu/libm-2.19.so
7fa41ab63000-7fa41b811000 r-xp 00000000 fc:01 3027722                    /usr/lib/jvm/java-8-oracle/jre/lib/amd64/server/libjvm.so
7fa41b811000-7fa41ba10000 ---p 00cae000 fc:01 3027722                    /usr/lib/jvm/java-8-oracle/jre/lib/amd64/server/libjvm.so
7fa41ba10000-7fa41bae7000 rw-p 00cad000 fc:01 3027722                    /usr/lib/jvm/java-8-oracle/jre/lib/amd64/server/libjvm.so
7fa41bae7000-7fa41bb2b000 rw-p 00000000 00:00 0 
7fa41bb2b000-7fa41bce6000 r-xp 00000000 fc:01 8261860                    /lib/x86_64-linux-gnu/libc-2.19.so
7fa41bce6000-7fa41bee5000 ---p 001bb000 fc:01 8261860                    /lib/x86_64-linux-gnu/libc-2.19.so
7fa41bee5000-7fa41bee9000 r--p 001ba000 fc:01 8261860                    /lib/x86_64-linux-gnu/libc-2.19.so
7fa41bee9000-7fa41beeb000 rw-p 001be000 fc:01 8261860                    /lib/x86_64-linux-gnu/libc-2.19.so
7fa41beeb000-7fa41bef0000 rw-p 00000000 00:00 0 
7fa41bef0000-7fa41bef3000 r-xp 00000000 fc:01 8261849                    /lib/x86_64-linux-gnu/libdl-2.19.so
7fa41bef3000-7fa41c0f2000 ---p 00003000 fc:01 8261849                    /lib/x86_64-linux-gnu/libdl-2.19.so
7fa41c0f2000-7fa41c0f3000 r--p 00002000 fc:01 8261849                    /lib/x86_64-linux-gnu/libdl-2.19.so
7fa41c0f3000-7fa41c0f4000 rw-p 00003000 fc:01 8261849                    /lib/x86_64-linux-gnu/libdl-2.19.so
7fa41c0f4000-7fa41c109000 r-xp 00000000 fc:01 3026473                    /usr/lib/jvm/java-8-oracle/jre/lib/amd64/jli/libjli.so
7fa41c109000-7fa41c309000 ---p 00015000 fc:01 3026473                    /usr/lib/jvm/java-8-oracle/jre/lib/amd64/jli/libjli.so
7fa41c309000-7fa41c30a000 rw-p 00015000 fc:01 3026473                    /usr/lib/jvm/java-8-oracle/jre/lib/amd64/jli/libjli.so
7fa41c30a000-7fa41c323000 r-xp 00000000 fc:01 8261861                    /lib/x86_64-linux-gnu/libpthread-2.19.so
7fa41c323000-7fa41c522000 ---p 00019000 fc:01 8261861                    /lib/x86_64-linux-gnu/libpthread-2.19.so
7fa41c522000-7fa41c523000 r--p 00018000 fc:01 8261861                    /lib/x86_64-linux-gnu/libpthread-2.19.so
7fa41c523000-7fa41c524000 rw-p 00019000 fc:01 8261861                    /lib/x86_64-linux-gnu/libpthread-2.19.so
7fa41c524000-7fa41c528000 rw-p 00000000 00:00 0 
7fa41c528000-7fa41c54b000 r-xp 00000000 fc:01 8261857                    /lib/x86_64-linux-gnu/ld-2.19.so
7fa41c563000-7fa41c564000 rw-p 00000000 00:00 0 
7fa41c564000-7fa41c56c000 r--s 00077000 00:1a 12452617                   /home/victorpaul/android/pebble/app/build/intermediates/exploded-aar/com.android.support/appcompat-v7/22.0.0/classes.jar
7fa41c56c000-7fa41c62a000 rw-p 00000000 00:00 0 
7fa41c62a000-7fa41c62d000 ---p 00000000 00:00 0 
7fa41c62d000-7fa41c72f000 rw-p 00000000 00:00 0                          [stack:15732]
7fa41c72f000-7fa41c73e000 r--s 000dd000 00:1a 11666570                   /home/victorpaul/Android/Sdk/build-tools/21.1.2/lib/dx.jar
7fa41c73e000-7fa41c746000 rw-s 00000000 fc:01 13632337                   /tmp/hsperfdata_victorpaul/15714
7fa41c746000-7fa41c747000 rw-p 00000000 00:00 0 
7fa41c747000-7fa41c748000 ---p 00000000 00:00 0 
7fa41c748000-7fa41c74a000 rw-p 00000000 00:00 0 
7fa41c74a000-7fa41c74b000 r--p 00022000 fc:01 8261857                    /lib/x86_64-linux-gnu/ld-2.19.so
7fa41c74b000-7fa41c74c000 rw-p 00023000 fc:01 8261857                    /lib/x86_64-linux-gnu/ld-2.19.so
7fa41c74c000-7fa41c74d000 rw-p 00000000 00:00 0 
7ffd12356000-7ffd12377000 rw-p 00000000 00:00 0                          [stack]
7ffd123e3000-7ffd123e5000 r-xp 00000000 00:00 0                          [vdso]
7ffd123e5000-7ffd123e7000 r--p 00000000 00:00 0                          [vvar]
ffffffffff600000-ffffffffff601000 r-xp 00000000 00:00 0                  [vsyscall]

VM Arguments:
jvm_args: -Xmx1024M 
java_command: /home/victorpaul/Android/Sdk/build-tools/21.1.2/lib/dx.jar --dex --output /home/victorpaul/android/pebble/app/build/intermediates/pre-dexed/debug/classes-4f148e1a92279252482c4b87a5f62423e9cddec0.jar /home/victorpaul/android/pebble/app/build/intermediates/exploded-aar/com.android.support/appcompat-v7/22.0.0/classes.jar
java_class_path (initial): /home/victorpaul/Android/Sdk/build-tools/21.1.2/lib/dx.jar
Launcher Type: SUN_STANDARD

Environment Variables:
CLASSPATH=/home/victorpaul/android-studio/bin/../lib/bootstrap.jar:/home/victorpaul/android-studio/bin/../lib/extensions.jar:/home/victorpaul/android-studio/bin/../lib/util.jar:/home/victorpaul/android-studio/bin/../lib/jdom.jar:/home/victorpaul/android-studio/bin/../lib/log4j.jar:/home/victorpaul/android-studio/bin/../lib/trove4j.jar:/home/victorpaul/android-studio/bin/../lib/jna.jar:/usr/lib/jvm/java-8-oracle/lib/tools.jar
PATH=/usr/local/sbin:/usr/local/bin:/usr/sbin:/usr/bin:/sbin:/bin:/usr/games:/usr/local/games:/home/victorpaul/Android/Sdk/platform-tools
LD_LIBRARY_PATH=/home/victorpaul/android-studio/bin:
SHELL=/bin/bash
DISPLAY=:0

Signal Handlers:
SIGSEGV: [libjvm.so+0xaad1e0], sa_mask[0]=11111111011111111101111111111110, sa_flags=SA_RESTART|SA_SIGINFO
SIGBUS: [libjvm.so+0xaad1e0], sa_mask[0]=11111111011111111101111111111110, sa_flags=SA_RESTART|SA_SIGINFO
SIGFPE: [libjvm.so+0x90b450], sa_mask[0]=11111111011111111101111111111110, sa_flags=SA_RESTART|SA_SIGINFO
SIGPIPE: [libjvm.so+0x90b450], sa_mask[0]=11111111011111111101111111111110, sa_flags=SA_RESTART|SA_SIGINFO
SIGXFSZ: [libjvm.so+0x90b450], sa_mask[0]=11111111011111111101111111111110, sa_flags=SA_RESTART|SA_SIGINFO
SIGILL: [libjvm.so+0x90b450], sa_mask[0]=11111111011111111101111111111110, sa_flags=SA_RESTART|SA_SIGINFO
SIGUSR1: SIG_DFL, sa_mask[0]=00000000000000000000000000000000, sa_flags=none
SIGUSR2: [libjvm.so+0x90ca90], sa_mask[0]=00100000000000000000000000000000, sa_flags=SA_RESTART|SA_SIGINFO
SIGHUP: [libjvm.so+0x90dde0], sa_mask[0]=11111111011111111101111111111110, sa_flags=SA_RESTART|SA_SIGINFO
SIGINT: [libjvm.so+0x90dde0], sa_mask[0]=11111111011111111101111111111110, sa_flags=SA_RESTART|SA_SIGINFO
SIGTERM: [libjvm.so+0x90dde0], sa_mask[0]=11111111011111111101111111111110, sa_flags=SA_RESTART|SA_SIGINFO
SIGQUIT: [libjvm.so+0x90dde0], sa_mask[0]=11111111011111111101111111111110, sa_flags=SA_RESTART|SA_SIGINFO


---------------  S Y S T E M  ---------------

OS:DISTRIB_ID=Ubuntu
DISTRIB_RELEASE=14.04
DISTRIB_CODENAME=trusty
DISTRIB_DESCRIPTION="Ubuntu 14.04.2 LTS"

uname:Linux 3.16.0-34-generic #47~14.04.1-Ubuntu SMP Fri Apr 10 17:49:16 UTC 2015 x86_64
libc:glibc 2.19 NPTL 2.19 
rlimit: STACK 8192k, CORE 0k, NPROC 23200, NOFILE 4096, AS infinity
load average:25,64 6,48 2,43

/proc/meminfo:
MemTotal:        5970844 kB
MemFree:          122408 kB
MemAvailable:      86412 kB
Buffers:            3188 kB
Cached:           885944 kB
SwapCached:            0 kB
Active:          4791252 kB
Inactive:         772772 kB
Active(anon):    4770724 kB
Inactive(anon):   755636 kB
Active(file):      20528 kB
Inactive(file):    17136 kB
Unevictable:        1632 kB
Mlocked:            1632 kB
SwapTotal:             0 kB
SwapFree:              0 kB
Dirty:               376 kB
Writeback:             0 kB
AnonPages:       4678260 kB
Mapped:           233352 kB
Shmem:            849752 kB
Slab:             126360 kB
SReclaimable:      59284 kB
SUnreclaim:        67076 kB
KernelStack:       15200 kB
PageTables:        63400 kB
NFS_Unstable:          0 kB
Bounce:                0 kB
WritebackTmp:          0 kB
CommitLimit:     2985420 kB
Committed_AS:   12803804 kB
VmallocTotal:   34359738367 kB
VmallocUsed:      359108 kB
VmallocChunk:   34359250936 kB
HardwareCorrupted:     0 kB
AnonHugePages:    540672 kB
HugePages_Total:       0
HugePages_Free:        0
HugePages_Rsvd:        0
HugePages_Surp:        0
Hugepagesize:       2048 kB
DirectMap4k:      151944 kB
DirectMap2M:     5998592 kB
DirectMap1G:           0 kB


CPU:total 8 (4 cores per cpu, 2 threads per core) family 6 model 60 stepping 3, cmov, cx8, fxsr, mmx, sse, sse2, sse3, ssse3, sse4.1, sse4.2, popcnt, avx, avx2, aes, clmul, erms, rtm, lzcnt, ht, tsc, tscinvbit, bmi1, bmi2

/proc/cpuinfo:
processor	: 0
vendor_id	: GenuineIntel
cpu family	: 6
model		: 60
model name	: Intel(R) Core(TM) i7-4790 CPU @ 3.60GHz
stepping	: 3
microcode	: 0x17
cpu MHz		: 3799.968
cache size	: 8192 KB
physical id	: 0
siblings	: 8
core id		: 0
cpu cores	: 4
apicid		: 0
initial apicid	: 0
fpu		: yes
fpu_exception	: yes
cpuid level	: 13
wp		: yes
flags		: fpu vme de pse tsc msr pae mce cx8 apic sep mtrr pge mca cmov pat pse36 clflush dts acpi mmx fxsr sse sse2 ss ht tm pbe syscall nx pdpe1gb rdtscp lm constant_tsc arch_perfmon pebs bts rep_good nopl xtopology nonstop_tsc aperfmperf eagerfpu pni pclmulqdq dtes64 monitor ds_cpl vmx smx est tm2 ssse3 fma cx16 xtpr pdcm pcid sse4_1 sse4_2 x2apic movbe popcnt tsc_deadline_timer aes xsave avx f16c rdrand lahf_lm abm ida arat xsaveopt pln pts dtherm tpr_shadow vnmi flexpriority ept vpid fsgsbase tsc_adjust bmi1 hle avx2 smep bmi2 erms invpcid rtm
bogomips	: 7200.00
clflush size	: 64
cache_alignment	: 64
address sizes	: 39 bits physical, 48 bits virtual
power management:

processor	: 1
vendor_id	: GenuineIntel
cpu family	: 6
model		: 60
model name	: Intel(R) Core(TM) i7-4790 CPU @ 3.60GHz
stepping	: 3
microcode	: 0x17
cpu MHz		: 3799.968
cache size	: 8192 KB
physical id	: 0
siblings	: 8
core id		: 1
cpu cores	: 4
apicid		: 2
initial apicid	: 2
fpu		: yes
fpu_exception	: yes
cpuid level	: 13
wp		: yes
flags		: fpu vme de pse tsc msr pae mce cx8 apic sep mtrr pge mca cmov pat pse36 clflush dts acpi mmx fxsr sse sse2 ss ht tm pbe syscall nx pdpe1gb rdtscp lm constant_tsc arch_perfmon pebs bts rep_good nopl xtopology nonstop_tsc aperfmperf eagerfpu pni pclmulqdq dtes64 monitor ds_cpl vmx smx est tm2 ssse3 fma cx16 xtpr pdcm pcid sse4_1 sse4_2 x2apic movbe popcnt tsc_deadline_timer aes xsave avx f16c rdrand lahf_lm abm ida arat xsaveopt pln pts dtherm tpr_shadow vnmi flexpriority ept vpid fsgsbase tsc_adjust bmi1 hle avx2 smep bmi2 erms invpcid rtm
bogomips	: 7200.00
clflush size	: 64
cache_alignment	: 64
address sizes	: 39 bits physical, 48 bits virtual
power management:

processor	: 2
vendor_id	: GenuineIntel
cpu family	: 6
model		: 60
model name	: Intel(R) Core(TM) i7-4790 CPU @ 3.60GHz
stepping	: 3
microcode	: 0x17
cpu MHz		: 3799.968
cache size	: 8192 KB
physical id	: 0
siblings	: 8
core id		: 2
cpu cores	: 4
apicid		: 4
initial apicid	: 4
fpu		: yes
fpu_exception	: yes
cpuid level	: 13
wp		: yes
flags		: fpu vme de pse tsc msr pae mce cx8 apic sep mtrr pge mca cmov pat pse36 clflush dts acpi mmx fxsr sse sse2 ss ht tm pbe syscall nx pdpe1gb rdtscp lm constant_tsc arch_perfmon pebs bts rep_good nopl xtopology nonstop_tsc aperfmperf eagerfpu pni pclmulqdq dtes64 monitor ds_cpl vmx smx est tm2 ssse3 fma cx16 xtpr pdcm pcid sse4_1 sse4_2 x2apic movbe popcnt tsc_deadline_timer aes xsave avx f16c rdrand lahf_lm abm ida arat xsaveopt pln pts dtherm tpr_shadow vnmi flexpriority ept vpid fsgsbase tsc_adjust bmi1 hle avx2 smep bmi2 erms invpcid rtm
bogomips	: 7200.00
clflush size	: 64
cache_alignment	: 64
address sizes	: 39 bits physical, 48 bits virtual
power management:

processor	: 3
vendor_id	: GenuineIntel
cpu family	: 6
model		: 60
model name	: Intel(R) Core(TM) i7-4790 CPU @ 3.60GHz
stepping	: 3
microcode	: 0x17
cpu MHz		: 3799.968
cache size	: 8192 KB
physical id	: 0
siblings	: 8
core id		: 3
cpu cores	: 4
apicid		: 6
initial apicid	: 6
fpu		: yes
fpu_exception	: yes
cpuid level	: 13
wp		: yes
flags		: fpu vme de pse tsc msr pae mce cx8 apic sep mtrr pge mca cmov pat pse36 clflush dts acpi mmx fxsr sse sse2 ss ht tm pbe syscall nx pdpe1gb rdtscp lm constant_tsc arch_perfmon pebs bts rep_good nopl xtopology nonstop_tsc aperfmperf eagerfpu pni pclmulqdq dtes64 monitor ds_cpl vmx smx est tm2 ssse3 fma cx16 xtpr pdcm pcid sse4_1 sse4_2 x2apic movbe popcnt tsc_deadline_timer aes xsave avx f16c rdrand lahf_lm abm ida arat xsaveopt pln pts dtherm tpr_shadow vnmi flexpriority ept vpid fsgsbase tsc_adjust bmi1 hle avx2 smep bmi2 erms invpcid rtm
bogomips	: 7200.00
clflush size	: 64
cache_alignment	: 64
address sizes	: 39 bits physical, 48 bits virtual
power management:

processor	: 4
vendor_id	: GenuineIntel
cpu family	: 6
model		: 60
model name	: Intel(R) Core(TM) i7-4790 CPU @ 3.60GHz
stepping	: 3
microcode	: 0x17
cpu MHz		: 3799.968
cache size	: 8192 KB
physical id	: 0
siblings	: 8
core id		: 0
cpu cores	: 4
apicid		: 1
initial apicid	: 1
fpu		: yes
fpu_exception	: yes
cpuid level	: 13
wp		: yes
flags		: fpu vme de pse tsc msr pae mce cx8 apic sep mtrr pge mca cmov pat pse36 clflush dts acpi mmx fxsr sse sse2 ss ht tm pbe syscall nx pdpe1gb rdtscp lm constant_tsc arch_perfmon pebs bts rep_good nopl xtopology nonstop_tsc aperfmperf eagerfpu pni pclmulqdq dtes64 monitor ds_cpl vmx smx est tm2 ssse3 fma cx16 xtpr pdcm pcid sse4_1 sse4_2 x2apic movbe popcnt tsc_deadline_timer aes xsave avx f16c rdrand lahf_lm abm ida arat xsaveopt pln pts dtherm tpr_shadow vnmi flexpriority ept vpid fsgsbase tsc_adjust bmi1 hle avx2 smep bmi2 erms invpcid rtm
bogomips	: 7200.00
clflush size	: 64
cache_alignment	: 64
address sizes	: 39 bits physical, 48 bits virtual
power management:

processor	: 5
vendor_id	: GenuineIntel
cpu family	: 6
model		: 60
model name	: Intel(R) Core(TM) i7-4790 CPU @ 3.60GHz
stepping	: 3
microcode	: 0x17
cpu MHz		: 3799.968
cache size	: 8192 KB
physical id	: 0
siblings	: 8
core id		: 1
cpu cores	: 4
apicid		: 3
initial apicid	: 3
fpu		: yes
fpu_exception	: yes
cpuid level	: 13
wp		: yes
flags		: fpu vme de pse tsc msr pae mce cx8 apic sep mtrr pge mca cmov pat pse36 clflush dts acpi mmx fxsr sse sse2 ss ht tm pbe syscall nx pdpe1gb rdtscp lm constant_tsc arch_perfmon pebs bts rep_good nopl xtopology nonstop_tsc aperfmperf eagerfpu pni pclmulqdq dtes64 monitor ds_cpl vmx smx est tm2 ssse3 fma cx16 xtpr pdcm pcid sse4_1 sse4_2 x2apic movbe popcnt tsc_deadline_timer aes xsave avx f16c rdrand lahf_lm abm ida arat xsaveopt pln pts dtherm tpr_shadow vnmi flexpriority ept vpid fsgsbase tsc_adjust bmi1 hle avx2 smep bmi2 erms invpcid rtm
bogomips	: 7200.00
clflush size	: 64
cache_alignment	: 64
address sizes	: 39 bits physical, 48 bits virtual
power management:

processor	: 6
vendor_id	: GenuineIntel
cpu family	: 6
model		: 60
model name	: Intel(R) Core(TM) i7-4790 CPU @ 3.60GHz
stepping	: 3
microcode	: 0x17
cpu MHz		: 3799.968
cache size	: 8192 KB
physical id	: 0
siblings	: 8
core id		: 2
cpu cores	: 4
apicid		: 5
initial apicid	: 5
fpu		: yes
fpu_exception	: yes
cpuid level	: 13
wp		: yes
flags		: fpu vme de pse tsc msr pae mce cx8 apic sep mtrr pge mca cmov pat pse36 clflush dts acpi mmx fxsr sse sse2 ss ht tm pbe syscall nx pdpe1gb rdtscp lm constant_tsc arch_perfmon pebs bts rep_good nopl xtopology nonstop_tsc aperfmperf eagerfpu pni pclmulqdq dtes64 monitor ds_cpl vmx smx est tm2 ssse3 fma cx16 xtpr pdcm pcid sse4_1 sse4_2 x2apic movbe popcnt tsc_deadline_timer aes xsave avx f16c rdrand lahf_lm abm ida arat xsaveopt pln pts dtherm tpr_shadow vnmi flexpriority ept vpid fsgsbase tsc_adjust bmi1 hle avx2 smep bmi2 erms invpcid rtm
bogomips	: 7200.00
clflush size	: 64
cache_alignment	: 64
address sizes	: 39 bits physical, 48 bits virtual
power management:

processor	: 7
vendor_id	: GenuineIntel
cpu family	: 6
model		: 60
model name	: Intel(R) Core(TM) i7-4790 CPU @ 3.60GHz
stepping	: 3
microcode	: 0x17
cpu MHz		: 3799.968
cache size	: 8192 KB
physical id	: 0
siblings	: 8
core id		: 3
cpu cores	: 4
apicid		: 7
initial apicid	: 7
fpu		: yes
fpu_exception	: yes
cpuid level	: 13
wp		: yes
flags		: fpu vme de pse tsc msr pae mce cx8 apic sep mtrr pge mca cmov pat pse36 clflush dts acpi mmx fxsr sse sse2 ss ht tm pbe syscall nx pdpe1gb rdtscp lm constant_tsc arch_perfmon pebs bts rep_good nopl xtopology nonstop_tsc aperfmperf eagerfpu pni pclmulqdq dtes64 monitor ds_cpl vmx smx est tm2 ssse3 fma cx16 xtpr pdcm pcid sse4_1 sse4_2 x2apic movbe popcnt tsc_deadline_timer aes xsave avx f16c rdrand lahf_lm abm ida arat xsaveopt pln pts dtherm tpr_shadow vnmi flexpriority ept vpid fsgsbase tsc_adjust bmi1 hle avx2 smep bmi2 erms invpcid rtm
bogomips	: 7200.00
clflush size	: 64
cache_alignment	: 64
address sizes	: 39 bits physical, 48 bits virtual
power management:



Memory: 4k page, physical 5970844k(125936k free), swap 0k(0k free)

vm_info: Java HotSpot(TM) 64-Bit Server VM (25.45-b02) for linux-amd64 JRE (1.8.0_45-b14), built on Apr 10 2015 10:07:45 by "java_re" with gcc 4.3.0 20080428 (Red Hat 4.3.0-8)

time: Fri Apr 24 13:08:22 2015
elapsed time: 30 seconds (0d 0h 0m 30s)

