#
# There is insufficient memory for the Java Runtime Environment to continue.
# Native memory allocation (mmap) failed to map 132120576 bytes for committing reserved memory.
# Possible reasons:
#   The system is out of physical RAM or swap space
#   In 32 bit mode, the process size limit was hit
# Possible solutions:
#   Reduce memory load on the system
#   Increase physical memory or swap space
#   Check if swap backing store is full
#   Use 64 bit Java on a 64 bit OS
#   Decrease Java heap size (-Xmx/-Xms)
#   Decrease number of Java threads
#   Decrease Java thread stack sizes (-Xss)
#   Set larger code cache with -XX:ReservedCodeCacheSize=
# This output file may be truncated or incomplete.
#
#  Out of Memory Error (os_linux.cpp:2673), pid=16002, tid=139938708256512
#
# JRE version: Java(TM) SE Runtime Environment (8.0_45-b14) (build 1.8.0_45-b14)
# Java VM: Java HotSpot(TM) 64-Bit Server VM (25.45-b02 mixed mode linux-amd64 compressed oops)
# Failed to write core dump. Core dumps have been disabled. To enable core dumping, try "ulimit -c unlimited" before starting Java again
#

---------------  T H R E A D  ---------------

Current thread (0x00007f46341c7000):  VMThread [stack: 0x00007f4604eef000,0x00007f4604ff0000] [id=16020]

Stack: [0x00007f4604eef000,0x00007f4604ff0000],  sp=0x00007f4604fee1e0,  free space=1020k
Native frames: (J=compiled Java code, j=interpreted, Vv=VM code, C=native code)
V  [libjvm.so+0xaac99a]  VMError::report_and_die()+0x2ba
V  [libjvm.so+0x4f333b]  report_vm_out_of_memory(char const*, int, unsigned long, VMErrorType, char const*)+0x8b
V  [libjvm.so+0x90e7c3]  os::Linux::commit_memory_impl(char*, unsigned long, bool)+0x103
V  [libjvm.so+0x90ed19]  os::pd_commit_memory(char*, unsigned long, unsigned long, bool)+0x29
V  [libjvm.so+0x90867a]  os::commit_memory(char*, unsigned long, unsigned long, bool)+0x2a
V  [libjvm.so+0x97bac3]  PSVirtualSpace::expand_by(unsigned long)+0x53
V  [libjvm.so+0x97cec8]  PSYoungGen::resize_generation(unsigned long, unsigned long)+0xf8
V  [libjvm.so+0x97c022]  PSYoungGen::resize(unsigned long, unsigned long)+0x22
V  [libjvm.so+0x9792fb]  PSScavenge::invoke_no_policy()+0xf7b
V  [libjvm.so+0x979a81]  PSScavenge::invoke()+0x41
V  [libjvm.so+0x932050]  ParallelScavengeHeap::failed_mem_allocate(unsigned long)+0x70
V  [libjvm.so+0xaae1d7]  VM_ParallelGCFailedAllocation::doit()+0x97
V  [libjvm.so+0xab59c5]  VM_Operation::evaluate()+0x55
V  [libjvm.so+0xab3d9a]  VMThread::evaluate_operation(VM_Operation*)+0xba
V  [libjvm.so+0xab411e]  VMThread::loop()+0x1ce
V  [libjvm.so+0xab4590]  VMThread::run()+0x70
V  [libjvm.so+0x910de8]  java_start(Thread*)+0x108

VM_Operation (0x00007f463c6ef9e0): ParallelGCFailedAllocation, mode: safepoint, requested by thread 0x00007f463400a000


---------------  P R O C E S S  ---------------

Java Threads: ( => current thread )
  0x00007f4634212000 JavaThread "Service Thread" daemon [_thread_blocked, id=16029, stack(0x00007f45ebdfe000,0x00007f45ebeff000)]
  0x00007f463420d000 JavaThread "C1 CompilerThread3" daemon [_thread_blocked, id=16028, stack(0x00007f45ebeff000,0x00007f45ec000000)]
  0x00007f463420b800 JavaThread "C2 CompilerThread2" daemon [_thread_in_native, id=16026, stack(0x00007f460409d000,0x00007f460419e000)]
  0x00007f4634209800 JavaThread "C2 CompilerThread1" daemon [_thread_blocked, id=16025, stack(0x00007f460419e000,0x00007f460429f000)]
  0x00007f4634206800 JavaThread "C2 CompilerThread0" daemon [_thread_in_native, id=16024, stack(0x00007f460429f000,0x00007f46043a0000)]
  0x00007f4634205800 JavaThread "Signal Dispatcher" daemon [_thread_blocked, id=16023, stack(0x00007f46043a0000,0x00007f46044a1000)]
  0x00007f46341ce000 JavaThread "Finalizer" daemon [_thread_blocked, id=16022, stack(0x00007f4604ced000,0x00007f4604dee000)]
  0x00007f46341cc000 JavaThread "Reference Handler" daemon [_thread_blocked, id=16021, stack(0x00007f4604dee000,0x00007f4604eef000)]
  0x00007f463400a000 JavaThread "main" [_thread_blocked, id=16010, stack(0x00007f463c5f1000,0x00007f463c6f2000)]

Other Threads:
=>0x00007f46341c7000 VMThread [stack: 0x00007f4604eef000,0x00007f4604ff0000] [id=16020]
  0x00007f4634214800 WatcherThread [stack: 0x00007f45ebcfd000,0x00007f45ebdfe000] [id=16030]

VM state:at safepoint (normal execution)

VM Mutex/Monitor currently owned by a thread:  ([mutex/lock_event])
[0x00007f46340062c0] Threads_lock - owner thread: 0x00007f46341c7000
[0x00007f46340067c0] Heap_lock - owner thread: 0x00007f463400a000

Heap:
 PSYoungGen      total 99840K, used 3570K [0x00000000eab00000, 0x00000000f1000000, 0x0000000100000000)
  eden space 96256K, 0% used [0x00000000eab00000,0x00000000eab00000,0x00000000f0900000)
  from space 3584K, 99% used [0x00000000f0900000,0x00000000f0c7c978,0x00000000f0c80000)
  to   space 3584K, 0% used [0x00000000f0c80000,0x00000000f0c80000,0x00000000f1000000)
 ParOldGen       total 62976K, used 36627K [0x00000000c0000000, 0x00000000c3d80000, 0x00000000eab00000)
  object space 62976K, 58% used [0x00000000c0000000,0x00000000c23c4e70,0x00000000c3d80000)
 Metaspace       used 5916K, capacity 7088K, committed 7296K, reserved 1056768K
  class space    used 547K, capacity 616K, committed 640K, reserved 1048576K

Card table byte_map: [0x00007f46391c9000,0x00007f46393ca000] byte_map_base: 0x00007f4638bc9000

Marking Bits: (ParMarkBitMap*) 0x00007f463bac7760
 Begin Bits: [0x00007f4606000000, 0x00007f4607000000)
 End Bits:   [0x00007f4607000000, 0x00007f4608000000)

Polling page: 0x00007f463c70e000

CodeCache: size=245760Kb used=7556Kb max_used=7558Kb free=238203Kb
 bounds [0x00007f4625000000, 0x00007f4625770000, 0x00007f4634000000]
 total_blobs=2039 nmethods=1776 adapters=177
 compilation: enabled

Compilation events (10 events):
Event: 8,352 Thread 0x00007f4634209800 nmethod 1709 0x00007f4625765150 code [0x00007f46257653e0, 0x00007f4625766648]
Event: 8,352 Thread 0x00007f4634209800 1813       4       com.android.dx.ssa.SsaConverter::placePhiFunctions (394 bytes)
Event: 8,371 Thread 0x00007f463420d000 1822       2       com.android.dx.cf.direct.StdAttributeFactory::sourceFile (94 bytes)
Event: 8,372 Thread 0x00007f463420d000 nmethod 1822 0x00007f4625762950 code [0x00007f4625762c60, 0x00007f4625763bc8]
Event: 8,413 Thread 0x00007f463420d000 1829       1       com.android.dx.rop.cst.CstLiteral64::isCategory2 (2 bytes)
Event: 8,413 Thread 0x00007f463420d000 nmethod 1829 0x00007f4625760790 code [0x00007f46257608e0, 0x00007f46257609f0]
Event: 8,461 Thread 0x00007f463420d000 1833       2       com.android.dx.util.Bits::bitCount (29 bytes)
Event: 8,462 Thread 0x00007f463420d000 nmethod 1833 0x00007f46257624d0 code [0x00007f4625762640, 0x00007f4625762828]
Event: 8,462 Thread 0x00007f463420d000 1832       2       com.android.dx.util.BitIntSet::elements (8 bytes)
Event: 8,462 Thread 0x00007f463420d000 nmethod 1832 0x00007f4625762010 code [0x00007f4625762180, 0x00007f4625762388]

GC Heap History (9 events):
Event: 3,518 GC heap before
{Heap before GC invocations=1 (full 0):
 PSYoungGen      total 27648K, used 24064K [0x00000000eab00000, 0x00000000ec980000, 0x0000000100000000)
  eden space 24064K, 100% used [0x00000000eab00000,0x00000000ec280000,0x00000000ec280000)
  from space 3584K, 0% used [0x00000000ec600000,0x00000000ec600000,0x00000000ec980000)
  to   space 3584K, 0% used [0x00000000ec280000,0x00000000ec280000,0x00000000ec600000)
 ParOldGen       total 62976K, used 0K [0x00000000c0000000, 0x00000000c3d80000, 0x00000000eab00000)
  object space 62976K, 0% used [0x00000000c0000000,0x00000000c0000000,0x00000000c3d80000)
 Metaspace       used 5550K, capacity 6768K, committed 7040K, reserved 1056768K
  class space    used 546K, capacity 616K, committed 640K, reserved 1048576K
Event: 3,560 GC heap after
Heap after GC invocations=1 (full 0):
 PSYoungGen      total 27648K, used 3570K [0x00000000eab00000, 0x00000000ee100000, 0x0000000100000000)
  eden space 24064K, 0% used [0x00000000eab00000,0x00000000eab00000,0x00000000ec280000)
  from space 3584K, 99% used [0x00000000ec280000,0x00000000ec5fc948,0x00000000ec600000)
  to   space 3584K, 0% used [0x00000000edd80000,0x00000000edd80000,0x00000000ee100000)
 ParOldGen       total 62976K, used 2305K [0x00000000c0000000, 0x00000000c3d80000, 0x00000000eab00000)
  object space 62976K, 3% used [0x00000000c0000000,0x00000000c0240790,0x00000000c3d80000)
 Metaspace       used 5550K, capacity 6768K, committed 7040K, reserved 1056768K
  class space    used 546K, capacity 616K, committed 640K, reserved 1048576K
}
Event: 4,159 GC heap before
{Heap before GC invocations=2 (full 0):
 PSYoungGen      total 27648K, used 27634K [0x00000000eab00000, 0x00000000ee100000, 0x0000000100000000)
  eden space 24064K, 100% used [0x00000000eab00000,0x00000000ec280000,0x00000000ec280000)
  from space 3584K, 99% used [0x00000000ec280000,0x00000000ec5fc948,0x00000000ec600000)
  to   space 3584K, 0% used [0x00000000edd80000,0x00000000edd80000,0x00000000ee100000)
 ParOldGen       total 62976K, used 2305K [0x00000000c0000000, 0x00000000c3d80000, 0x00000000eab00000)
  object space 62976K, 3% used [0x00000000c0000000,0x00000000c0240790,0x00000000c3d80000)
 Metaspace       used 5709K, capacity 6960K, committed 7040K, reserved 1056768K
  class space    used 546K, capacity 616K, committed 640K, reserved 1048576K
Event: 4,195 GC heap after
Heap after GC invocations=2 (full 0):
 PSYoungGen      total 51712K, used 3556K [0x00000000eab00000, 0x00000000ee100000, 0x0000000100000000)
  eden space 48128K, 0% used [0x00000000eab00000,0x00000000eab00000,0x00000000eda00000)
  from space 3584K, 99% used [0x00000000edd80000,0x00000000ee0f9348,0x00000000ee100000)
  to   space 3584K, 0% used [0x00000000eda00000,0x00000000eda00000,0x00000000edd80000)
 ParOldGen       total 62976K, used 5505K [0x00000000c0000000, 0x00000000c3d80000, 0x00000000eab00000)
  object space 62976K, 8% used [0x00000000c0000000,0x00000000c0560450,0x00000000c3d80000)
 Metaspace       used 5709K, capacity 6960K, committed 7040K, reserved 1056768K
  class space    used 546K, capacity 616K, committed 640K, reserved 1048576K
}
Event: 5,391 GC heap before
{Heap before GC invocations=3 (full 0):
 PSYoungGen      total 51712K, used 51684K [0x00000000eab00000, 0x00000000ee100000, 0x0000000100000000)
  eden space 48128K, 100% used [0x00000000eab00000,0x00000000eda00000,0x00000000eda00000)
  from space 3584K, 99% used [0x00000000edd80000,0x00000000ee0f9348,0x00000000ee100000)
  to   space 3584K, 0% used [0x00000000eda00000,0x00000000eda00000,0x00000000edd80000)
 ParOldGen       total 62976K, used 5505K [0x00000000c0000000, 0x00000000c3d80000, 0x00000000eab00000)
  object space 62976K, 8% used [0x00000000c0000000,0x00000000c0560450,0x00000000c3d80000)
 Metaspace       used 5831K, capacity 7024K, committed 7296K, reserved 1056768K
  class space    used 546K, capacity 616K, committed 640K, reserved 1048576K
Event: 5,433 GC heap after
Heap after GC invocations=3 (full 0):
 PSYoungGen      total 51712K, used 3560K [0x00000000eab00000, 0x00000000f1000000, 0x0000000100000000)
  eden space 48128K, 0% used [0x00000000eab00000,0x00000000eab00000,0x00000000eda00000)
  from space 3584K, 99% used [0x00000000eda00000,0x00000000edd7a2b0,0x00000000edd80000)
  to   space 3584K, 0% used [0x00000000f0c80000,0x00000000f0c80000,0x00000000f1000000)
 ParOldGen       total 62976K, used 12964K [0x00000000c0000000, 0x00000000c3d80000, 0x00000000eab00000)
  object space 62976K, 20% used [0x00000000c0000000,0x00000000c0ca9120,0x00000000c3d80000)
 Metaspace       used 5831K, capacity 7024K, committed 7296K, reserved 1056768K
  class space    used 546K, capacity 616K, committed 640K, reserved 1048576K
}
Event: 6,417 GC heap before
{Heap before GC invocations=4 (full 0):
 PSYoungGen      total 51712K, used 51688K [0x00000000eab00000, 0x00000000f1000000, 0x0000000100000000)
  eden space 48128K, 100% used [0x00000000eab00000,0x00000000eda00000,0x00000000eda00000)
  from space 3584K, 99% used [0x00000000eda00000,0x00000000edd7a2b0,0x00000000edd80000)
  to   space 3584K, 0% used [0x00000000f0c80000,0x00000000f0c80000,0x00000000f1000000)
 ParOldGen       total 62976K, used 12964K [0x00000000c0000000, 0x00000000c3d80000, 0x00000000eab00000)
  object space 62976K, 20% used [0x00000000c0000000,0x00000000c0ca9120,0x00000000c3d80000)
 Metaspace       used 5863K, capacity 7088K, committed 7296K, reserved 1056768K
  class space    used 546K, capacity 616K, committed 640K, reserved 1048576K
Event: 6,488 GC heap after
Heap after GC invocations=4 (full 0):
 PSYoungGen      total 99840K, used 3556K [0x00000000eab00000, 0x00000000f1000000, 0x0000000100000000)
  eden space 96256K, 0% used [0x00000000eab00000,0x00000000eab00000,0x00000000f0900000)
  from space 3584K, 99% used [0x00000000f0c80000,0x00000000f0ff9100,0x00000000f1000000)
  to   space 3584K, 0% used [0x00000000f0900000,0x00000000f0900000,0x00000000f0c80000)
 ParOldGen       total 62976K, used 21027K [0x00000000c0000000, 0x00000000c3d80000, 0x00000000eab00000)
  object space 62976K, 33% used [0x00000000c0000000,0x00000000c1488c98,0x00000000c3d80000)
 Metaspace       used 5863K, capacity 7088K, committed 7296K, reserved 1056768K
  class space    used 546K, capacity 616K, committed 640K, reserved 1048576K
}
Event: 8,536 GC heap before
{Heap before GC invocations=5 (full 0):
 PSYoungGen      total 99840K, used 99812K [0x00000000eab00000, 0x00000000f1000000, 0x0000000100000000)
  eden space 96256K, 100% used [0x00000000eab00000,0x00000000f0900000,0x00000000f0900000)
  from space 3584K, 99% used [0x00000000f0c80000,0x00000000f0ff9100,0x00000000f1000000)
  to   space 3584K, 0% used [0x00000000f0900000,0x00000000f0900000,0x00000000f0c80000)
 ParOldGen       total 62976K, used 21027K [0x00000000c0000000, 0x00000000c3d80000, 0x00000000eab00000)
  object space 62976K, 33% used [0x00000000c0000000,0x00000000c1488c98,0x00000000c3d80000)
 Metaspace       used 5916K, capacity 7088K, committed 7296K, reserved 1056768K
  class space    used 547K, capacity 616K, committed 640K, reserved 1048576K

Deoptimization events (10 events):
Event: 6,071 Thread 0x00007f463400a000 Uncommon trap: reason=bimorphic action=maybe_recompile pc=0x00007f4625283774 method=java.util.HashMap.getNode(ILjava/lang/Object;)Ljava/util/HashMap$Node; @ 126
Event: 6,071 Thread 0x00007f463400a000 Uncommon trap: reason=bimorphic action=maybe_recompile pc=0x00007f462524972c method=java.util.HashMap.getNode(ILjava/lang/Object;)Ljava/util/HashMap$Node; @ 126
Event: 6,306 Thread 0x00007f463400a000 Uncommon trap: reason=bimorphic action=maybe_recompile pc=0x00007f4625642730 method=com.android.dx.ssa.SCCP.setLatticeValueTo(IILcom/android/dx/rop/cst/Constant;)Z @ 43
Event: 6,306 Thread 0x00007f463400a000 Uncommon trap: reason=bimorphic action=maybe_recompile pc=0x00007f4625642730 method=com.android.dx.ssa.SCCP.setLatticeValueTo(IILcom/android/dx/rop/cst/Constant;)Z @ 43
Event: 6,320 Thread 0x00007f463400a000 Uncommon trap: reason=bimorphic action=maybe_recompile pc=0x00007f4625642594 method=com.android.dx.ssa.SCCP.simulatePhi(Lcom/android/dx/ssa/PhiInsn;)V @ 124
Event: 6,320 Thread 0x00007f463400a000 Uncommon trap: reason=bimorphic action=maybe_recompile pc=0x00007f4625642730 method=com.android.dx.ssa.SCCP.setLatticeValueTo(IILcom/android/dx/rop/cst/Constant;)Z @ 43
Event: 6,320 Thread 0x00007f463400a000 Uncommon trap: reason=bimorphic action=maybe_recompile pc=0x00007f4625642730 method=com.android.dx.ssa.SCCP.setLatticeValueTo(IILcom/android/dx/rop/cst/Constant;)Z @ 43
Event: 6,666 Thread 0x00007f463400a000 Uncommon trap: reason=class_check action=maybe_recompile pc=0x00007f46256d5af8 method=com.android.dx.cf.code.RopperMachine.run(Lcom/android/dx/cf/code/Frame;II)V @ 988
Event: 6,666 Thread 0x00007f463400a000 Uncommon trap: reason=class_check action=maybe_recompile pc=0x00007f46256d5af8 method=com.android.dx.cf.code.RopperMachine.run(Lcom/android/dx/cf/code/Frame;II)V @ 988
Event: 6,863 Thread 0x00007f463400a000 Uncommon trap: reason=unstable_if action=reinterpret pc=0x00007f46256d5a50 method=com.android.dx.cf.code.RopperMachine.run(Lcom/android/dx/cf/code/Frame;II)V @ 1250

Internal exceptions (3 events):
Event: 0,421 Thread 0x00007f463400a000 Exception <a 'java/lang/NoSuchMethodError': Method sun.misc.Unsafe.defineClass(Ljava/lang/String;[BII)Ljava/lang/Class; name or signature does not match> (0x00000000eab12a38) thrown at [/RE-WORK/workspace/8-2-build-linux-amd64/jdk8u45/3457/hotspot/src/sha
Event: 0,421 Thread 0x00007f463400a000 Exception <a 'java/lang/NoSuchMethodError': Method sun.misc.Unsafe.prefetchRead(Ljava/lang/Object;J)V name or signature does not match> (0x00000000eab12cc8) thrown at [/RE-WORK/workspace/8-2-build-linux-amd64/jdk8u45/3457/hotspot/src/share/vm/prims/jni.cp
Event: 3,646 Thread 0x00007f463400a000 Implicit null exception at 0x00007f462531abe2 to 0x00007f462531acd6

Events (10 events):
Event: 6,863 Thread 0x00007f463400a000 Uncommon trap: trap_request=0xffffff65 fr.pc=0x00007f46256d5a50
Event: 6,863 Thread 0x00007f463400a000 DEOPT PACKING pc=0x00007f46256d5a50 sp=0x00007f463c6ef440
Event: 6,863 Thread 0x00007f463400a000 DEOPT UNPACKING pc=0x00007f4625005229 sp=0x00007f463c6ef408 mode 2
Event: 7,726 Thread 0x00007f463400a000 DEOPT PACKING pc=0x00007f462566de1f sp=0x00007f463c6f01d0
Event: 7,726 Thread 0x00007f463400a000 DEOPT UNPACKING pc=0x00007f4625047633 sp=0x00007f463c6efef0 mode 0
Event: 8,235 loading class com/android/dx/rop/code/RegisterSpec$1
Event: 8,235 loading class com/android/dx/rop/code/RegisterSpec$1 done
Event: 8,260 Thread 0x00007f463400a000 DEOPT PACKING pc=0x00007f4625469f08 sp=0x00007f463c6efb30
Event: 8,260 Thread 0x00007f463400a000 DEOPT UNPACKING pc=0x00007f4625047633 sp=0x00007f463c6ef980 mode 0
Event: 8,535 Executing VM operation: ParallelGCFailedAllocation


Dynamic libraries:
00400000-00401000 r-xp 00000000 fc:01 3280464                            /usr/lib/jvm/java-8-oracle/jre/bin/java
00600000-00601000 rw-p 00000000 fc:01 3280464                            /usr/lib/jvm/java-8-oracle/jre/bin/java
01111000-01132000 rw-p 00000000 00:00 0                                  [heap]
c0000000-c3d80000 rw-p 00000000 00:00 0 
c3d80000-eab00000 ---p 00000000 00:00 0 
eab00000-f1000000 rw-p 00000000 00:00 0 
f8e00000-100000000 ---p 00000000 00:00 0 
100000000-1000a0000 rw-p 00000000 00:00 0 
1000a0000-140000000 ---p 00000000 00:00 0 
7f45d0000000-7f45d0021000 rw-p 00000000 00:00 0 
7f45d0021000-7f45d4000000 ---p 00000000 00:00 0 
7f45d8000000-7f45d8b66000 rw-p 00000000 00:00 0 
7f45d8b66000-7f45dc000000 ---p 00000000 00:00 0 
7f45dc000000-7f45dc021000 rw-p 00000000 00:00 0 
7f45dc021000-7f45e0000000 ---p 00000000 00:00 0 
7f45e0000000-7f45e0914000 rw-p 00000000 00:00 0 
7f45e0914000-7f45e4000000 ---p 00000000 00:00 0 
7f45e4000000-7f45e4e94000 rw-p 00000000 00:00 0 
7f45e4e94000-7f45e8000000 ---p 00000000 00:00 0 
7f45ebcfd000-7f45ebcfe000 ---p 00000000 00:00 0 
7f45ebcfe000-7f45ebdfe000 rw-p 00000000 00:00 0                          [stack:16030]
7f45ebdfe000-7f45ebe01000 ---p 00000000 00:00 0 
7f45ebe01000-7f45ebeff000 rw-p 00000000 00:00 0                          [stack:16029]
7f45ebeff000-7f45ebf02000 ---p 00000000 00:00 0 
7f45ebf02000-7f45ec000000 rw-p 00000000 00:00 0                          [stack:16028]
7f45ec000000-7f45ec021000 rw-p 00000000 00:00 0 
7f45ec021000-7f45f0000000 ---p 00000000 00:00 0 
7f45f0000000-7f45f1678000 rw-p 00000000 00:00 0 
7f45f1678000-7f45f4000000 ---p 00000000 00:00 0 
7f45f4000000-7f45f4021000 rw-p 00000000 00:00 0 
7f45f4021000-7f45f8000000 ---p 00000000 00:00 0 
7f45f8000000-7f45f8021000 rw-p 00000000 00:00 0 
7f45f8021000-7f45fc000000 ---p 00000000 00:00 0 
7f45fc000000-7f45fc292000 rw-p 00000000 00:00 0 
7f45fc292000-7f4600000000 ---p 00000000 00:00 0 
7f4600000000-7f4600021000 rw-p 00000000 00:00 0 
7f4600021000-7f4604000000 ---p 00000000 00:00 0 
7f460409d000-7f46040a0000 ---p 00000000 00:00 0 
7f46040a0000-7f460419e000 rw-p 00000000 00:00 0                          [stack:16026]
7f460419e000-7f46041a1000 ---p 00000000 00:00 0 
7f46041a1000-7f460429f000 rw-p 00000000 00:00 0                          [stack:16025]
7f460429f000-7f46042a2000 ---p 00000000 00:00 0 
7f46042a2000-7f46043a0000 rw-p 00000000 00:00 0                          [stack:16024]
7f46043a0000-7f46043a3000 ---p 00000000 00:00 0 
7f46043a3000-7f46044a1000 rw-p 00000000 00:00 0                          [stack:16023]
7f46044a1000-7f4604ced000 r--p 00000000 fc:01 3021646                    /usr/lib/locale/locale-archive
7f4604ced000-7f4604cf0000 ---p 00000000 00:00 0 
7f4604cf0000-7f4604dee000 rw-p 00000000 00:00 0                          [stack:16022]
7f4604dee000-7f4604df1000 ---p 00000000 00:00 0 
7f4604df1000-7f4604eef000 rw-p 00000000 00:00 0                          [stack:16021]
7f4604eef000-7f4604ef0000 ---p 00000000 00:00 0 
7f4604ef0000-7f4608000000 rw-p 00000000 00:00 0                          [stack:16020]
7f4608000000-7f4608021000 rw-p 00000000 00:00 0 
7f4608021000-7f460c000000 ---p 00000000 00:00 0 
7f460c000000-7f460c021000 rw-p 00000000 00:00 0 
7f460c021000-7f4610000000 ---p 00000000 00:00 0 
7f4610000000-7f4610021000 rw-p 00000000 00:00 0 
7f4610021000-7f4614000000 ---p 00000000 00:00 0 
7f4614000000-7f4614021000 rw-p 00000000 00:00 0 
7f4614021000-7f4618000000 ---p 00000000 00:00 0 
7f4618000000-7f4618021000 rw-p 00000000 00:00 0 
7f4618021000-7f461c000000 ---p 00000000 00:00 0 
7f461c000000-7f461c021000 rw-p 00000000 00:00 0 
7f461c021000-7f4620000000 ---p 00000000 00:00 0 
7f4620000000-7f4620021000 rw-p 00000000 00:00 0 
7f4620021000-7f4624000000 ---p 00000000 00:00 0 
7f46240f9000-7f4624e80000 rw-p 00000000 00:00 0 
7f4624e80000-7f4625000000 ---p 00000000 00:00 0 
7f4625000000-7f4625770000 rwxp 00000000 00:00 0 
7f4625770000-7f4634000000 ---p 00000000 00:00 0 
7f4634000000-7f46344d9000 rw-p 00000000 00:00 0 
7f46344d9000-7f4638000000 ---p 00000000 00:00 0 
7f4638018000-7f463841c000 rw-p 00000000 00:00 0 
7f463841c000-7f46385f5000 r--s 03d09000 fc:01 3027746                    /usr/lib/jvm/java-8-oracle/jre/lib/rt.jar
7f46385f5000-7f463886b000 rw-p 00000000 00:00 0 
7f463886b000-7f463886c000 ---p 00000000 00:00 0 
7f463886c000-7f463896c000 rw-p 00000000 00:00 0                          [stack:16019]
7f463896c000-7f463896d000 ---p 00000000 00:00 0 
7f463896d000-7f4638a6d000 rw-p 00000000 00:00 0                          [stack:16018]
7f4638a6d000-7f4638a6e000 ---p 00000000 00:00 0 
7f4638a6e000-7f4638b6e000 rw-p 00000000 00:00 0                          [stack:16017]
7f4638b6e000-7f4638b6f000 ---p 00000000 00:00 0 
7f4638b6f000-7f4638c6f000 rw-p 00000000 00:00 0                          [stack:16016]
7f4638c6f000-7f4638c70000 ---p 00000000 00:00 0 
7f4638c70000-7f4638d70000 rw-p 00000000 00:00 0                          [stack:16015]
7f4638d70000-7f4638d71000 ---p 00000000 00:00 0 
7f4638d71000-7f4638e71000 rw-p 00000000 00:00 0                          [stack:16014]
7f4638e71000-7f4638e72000 ---p 00000000 00:00 0 
7f4638e72000-7f4638f72000 rw-p 00000000 00:00 0                          [stack:16013]
7f4638f72000-7f4638f73000 ---p 00000000 00:00 0 
7f4638f73000-7f4639092000 rw-p 00000000 00:00 0                          [stack:16012]
7f4639092000-7f46391c9000 ---p 00000000 00:00 0 
7f46391c9000-7f46391e8000 rw-p 00000000 00:00 0 
7f46391e8000-7f463931e000 ---p 00000000 00:00 0 
7f463931e000-7f4639351000 rw-p 00000000 00:00 0 
7f4639351000-7f46393c9000 ---p 00000000 00:00 0 
7f46393c9000-7f46393e8000 rw-p 00000000 00:00 0 
7f46393e8000-7f463978a000 ---p 00000000 00:00 0 
7f463978a000-7f46397a4000 r-xp 00000000 fc:01 3026470                    /usr/lib/jvm/java-8-oracle/jre/lib/amd64/libzip.so
7f46397a4000-7f46399a4000 ---p 0001a000 fc:01 3026470                    /usr/lib/jvm/java-8-oracle/jre/lib/amd64/libzip.so
7f46399a4000-7f46399a5000 rw-p 0001a000 fc:01 3026470                    /usr/lib/jvm/java-8-oracle/jre/lib/amd64/libzip.so
7f46399a5000-7f46399b0000 r-xp 00000000 fc:01 8261846                    /lib/x86_64-linux-gnu/libnss_files-2.19.so
7f46399b0000-7f4639baf000 ---p 0000b000 fc:01 8261846                    /lib/x86_64-linux-gnu/libnss_files-2.19.so
7f4639baf000-7f4639bb0000 r--p 0000a000 fc:01 8261846                    /lib/x86_64-linux-gnu/libnss_files-2.19.so
7f4639bb0000-7f4639bb1000 rw-p 0000b000 fc:01 8261846                    /lib/x86_64-linux-gnu/libnss_files-2.19.so
7f4639bb1000-7f4639bbc000 r-xp 00000000 fc:01 8261866                    /lib/x86_64-linux-gnu/libnss_nis-2.19.so
7f4639bbc000-7f4639dbb000 ---p 0000b000 fc:01 8261866                    /lib/x86_64-linux-gnu/libnss_nis-2.19.so
7f4639dbb000-7f4639dbc000 r--p 0000a000 fc:01 8261866                    /lib/x86_64-linux-gnu/libnss_nis-2.19.so
7f4639dbc000-7f4639dbd000 rw-p 0000b000 fc:01 8261866                    /lib/x86_64-linux-gnu/libnss_nis-2.19.so
7f4639dbd000-7f4639dd4000 r-xp 00000000 fc:01 8261855                    /lib/x86_64-linux-gnu/libnsl-2.19.so
7f4639dd4000-7f4639fd3000 ---p 00017000 fc:01 8261855                    /lib/x86_64-linux-gnu/libnsl-2.19.so
7f4639fd3000-7f4639fd4000 r--p 00016000 fc:01 8261855                    /lib/x86_64-linux-gnu/libnsl-2.19.so
7f4639fd4000-7f4639fd5000 rw-p 00017000 fc:01 8261855                    /lib/x86_64-linux-gnu/libnsl-2.19.so
7f4639fd5000-7f4639fd7000 rw-p 00000000 00:00 0 
7f4639fd7000-7f4639fe0000 r-xp 00000000 fc:01 8261854                    /lib/x86_64-linux-gnu/libnss_compat-2.19.so
7f4639fe0000-7f463a1df000 ---p 00009000 fc:01 8261854                    /lib/x86_64-linux-gnu/libnss_compat-2.19.so
7f463a1df000-7f463a1e0000 r--p 00008000 fc:01 8261854                    /lib/x86_64-linux-gnu/libnss_compat-2.19.so
7f463a1e0000-7f463a1e1000 rw-p 00009000 fc:01 8261854                    /lib/x86_64-linux-gnu/libnss_compat-2.19.so
7f463a1e1000-7f463a20b000 r-xp 00000000 fc:01 3027711                    /usr/lib/jvm/java-8-oracle/jre/lib/amd64/libjava.so
7f463a20b000-7f463a40b000 ---p 0002a000 fc:01 3027711                    /usr/lib/jvm/java-8-oracle/jre/lib/amd64/libjava.so
7f463a40b000-7f463a40d000 rw-p 0002a000 fc:01 3027711                    /usr/lib/jvm/java-8-oracle/jre/lib/amd64/libjava.so
7f463a40d000-7f463a41a000 r-xp 00000000 fc:01 3027732                    /usr/lib/jvm/java-8-oracle/jre/lib/amd64/libverify.so
7f463a41a000-7f463a61a000 ---p 0000d000 fc:01 3027732                    /usr/lib/jvm/java-8-oracle/jre/lib/amd64/libverify.so
7f463a61a000-7f463a61c000 rw-p 0000d000 fc:01 3027732                    /usr/lib/jvm/java-8-oracle/jre/lib/amd64/libverify.so
7f463a61c000-7f463a623000 r-xp 00000000 fc:01 8261863                    /lib/x86_64-linux-gnu/librt-2.19.so
7f463a623000-7f463a822000 ---p 00007000 fc:01 8261863                    /lib/x86_64-linux-gnu/librt-2.19.so
7f463a822000-7f463a823000 r--p 00006000 fc:01 8261863                    /lib/x86_64-linux-gnu/librt-2.19.so
7f463a823000-7f463a824000 rw-p 00007000 fc:01 8261863                    /lib/x86_64-linux-gnu/librt-2.19.so
7f463a824000-7f463a929000 r-xp 00000000 fc:01 8257562                    /lib/x86_64-linux-gnu/libm-2.19.so
7f463a929000-7f463ab28000 ---p 00105000 fc:01 8257562                    /lib/x86_64-linux-gnu/libm-2.19.so
7f463ab28000-7f463ab29000 r--p 00104000 fc:01 8257562                    /lib/x86_64-linux-gnu/libm-2.19.so
7f463ab29000-7f463ab2a000 rw-p 00105000 fc:01 8257562                    /lib/x86_64-linux-gnu/libm-2.19.so
7f463ab2a000-7f463b7d8000 r-xp 00000000 fc:01 3027722                    /usr/lib/jvm/java-8-oracle/jre/lib/amd64/server/libjvm.so
7f463b7d8000-7f463b9d7000 ---p 00cae000 fc:01 3027722                    /usr/lib/jvm/java-8-oracle/jre/lib/amd64/server/libjvm.so
7f463b9d7000-7f463baae000 rw-p 00cad000 fc:01 3027722                    /usr/lib/jvm/java-8-oracle/jre/lib/amd64/server/libjvm.so
7f463baae000-7f463baf2000 rw-p 00000000 00:00 0 
7f463baf2000-7f463bcad000 r-xp 00000000 fc:01 8261860                    /lib/x86_64-linux-gnu/libc-2.19.so
7f463bcad000-7f463beac000 ---p 001bb000 fc:01 8261860                    /lib/x86_64-linux-gnu/libc-2.19.so
7f463beac000-7f463beb0000 r--p 001ba000 fc:01 8261860                    /lib/x86_64-linux-gnu/libc-2.19.so
7f463beb0000-7f463beb2000 rw-p 001be000 fc:01 8261860                    /lib/x86_64-linux-gnu/libc-2.19.so
7f463beb2000-7f463beb7000 rw-p 00000000 00:00 0 
7f463beb7000-7f463beba000 r-xp 00000000 fc:01 8261849                    /lib/x86_64-linux-gnu/libdl-2.19.so
7f463beba000-7f463c0b9000 ---p 00003000 fc:01 8261849                    /lib/x86_64-linux-gnu/libdl-2.19.so
7f463c0b9000-7f463c0ba000 r--p 00002000 fc:01 8261849                    /lib/x86_64-linux-gnu/libdl-2.19.so
7f463c0ba000-7f463c0bb000 rw-p 00003000 fc:01 8261849                    /lib/x86_64-linux-gnu/libdl-2.19.so
7f463c0bb000-7f463c0d0000 r-xp 00000000 fc:01 3026473                    /usr/lib/jvm/java-8-oracle/jre/lib/amd64/jli/libjli.so
7f463c0d0000-7f463c2d0000 ---p 00015000 fc:01 3026473                    /usr/lib/jvm/java-8-oracle/jre/lib/amd64/jli/libjli.so
7f463c2d0000-7f463c2d1000 rw-p 00015000 fc:01 3026473                    /usr/lib/jvm/java-8-oracle/jre/lib/amd64/jli/libjli.so
7f463c2d1000-7f463c2ea000 r-xp 00000000 fc:01 8261861                    /lib/x86_64-linux-gnu/libpthread-2.19.so
7f463c2ea000-7f463c4e9000 ---p 00019000 fc:01 8261861                    /lib/x86_64-linux-gnu/libpthread-2.19.so
7f463c4e9000-7f463c4ea000 r--p 00018000 fc:01 8261861                    /lib/x86_64-linux-gnu/libpthread-2.19.so
7f463c4ea000-7f463c4eb000 rw-p 00019000 fc:01 8261861                    /lib/x86_64-linux-gnu/libpthread-2.19.so
7f463c4eb000-7f463c4ef000 rw-p 00000000 00:00 0 
7f463c4ef000-7f463c512000 r-xp 00000000 fc:01 8261857                    /lib/x86_64-linux-gnu/ld-2.19.so
7f463c521000-7f463c522000 rw-p 00000000 00:00 0 
7f463c522000-7f463c533000 r--s 000c3000 00:1a 12583516                   /home/victorpaul/.gradle/caches/modules-2/files-2.1/com.fasterxml.jackson.core/jackson-databind/2.2.2/3c8f6018eaa72d43b261181e801e6f8676c16ef6/jackson-databind-2.2.2.jar
7f463c533000-7f463c5f1000 rw-p 00000000 00:00 0 
7f463c5f1000-7f463c5f4000 ---p 00000000 00:00 0 
7f463c5f4000-7f463c6f6000 rw-p 00000000 00:00 0                          [stack:16010]
7f463c6f6000-7f463c705000 r--s 000dd000 00:1a 11666570                   /home/victorpaul/Android/Sdk/build-tools/21.1.2/lib/dx.jar
7f463c705000-7f463c70d000 rw-s 00000000 fc:01 13632334                   /tmp/hsperfdata_victorpaul/16002
7f463c70d000-7f463c70e000 rw-p 00000000 00:00 0 
7f463c70e000-7f463c70f000 ---p 00000000 00:00 0 
7f463c70f000-7f463c711000 rw-p 00000000 00:00 0 
7f463c711000-7f463c712000 r--p 00022000 fc:01 8261857                    /lib/x86_64-linux-gnu/ld-2.19.so
7f463c712000-7f463c713000 rw-p 00023000 fc:01 8261857                    /lib/x86_64-linux-gnu/ld-2.19.so
7f463c713000-7f463c714000 rw-p 00000000 00:00 0 
7ffe57cb4000-7ffe57cd5000 rw-p 00000000 00:00 0                          [stack]
7ffe57d28000-7ffe57d2a000 r-xp 00000000 00:00 0                          [vdso]
7ffe57d2a000-7ffe57d2c000 r--p 00000000 00:00 0                          [vvar]
ffffffffff600000-ffffffffff601000 r-xp 00000000 00:00 0                  [vsyscall]

VM Arguments:
jvm_args: -Xmx1024M 
java_command: /home/victorpaul/Android/Sdk/build-tools/21.1.2/lib/dx.jar --dex --output /home/victorpaul/android/pebble/app/build/intermediates/pre-dexed/debug/jackson-databind-2.2.2-c2cca43b151bc9b84fdd21aa0dc74bf2b8383e93.jar /home/victorpaul/.gradle/caches/modules-2/files-2.1/com.fasterxml.jackson.core/jackson-databind/2.2.2/3c8f6018eaa72d43b261181e801e6f8676c16ef6/jackson-databind-2.2.2.jar
java_class_path (initial): /home/victorpaul/Android/Sdk/build-tools/21.1.2/lib/dx.jar
Launcher Type: SUN_STANDARD

Environment Variables:
CLASSPATH=/home/victorpaul/android-studio/bin/../lib/bootstrap.jar:/home/victorpaul/android-studio/bin/../lib/extensions.jar:/home/victorpaul/android-studio/bin/../lib/util.jar:/home/victorpaul/android-studio/bin/../lib/jdom.jar:/home/victorpaul/android-studio/bin/../lib/log4j.jar:/home/victorpaul/android-studio/bin/../lib/trove4j.jar:/home/victorpaul/android-studio/bin/../lib/jna.jar:/usr/lib/jvm/java-8-oracle/lib/tools.jar
PATH=/usr/local/sbin:/usr/local/bin:/usr/sbin:/usr/bin:/sbin:/bin:/usr/games:/usr/local/games:/home/victorpaul/Android/Sdk/platform-tools
LD_LIBRARY_PATH=/home/victorpaul/android-studio/bin:
SHELL=/bin/bash
DISPLAY=:0

Signal Handlers:
SIGSEGV: [libjvm.so+0xaad1e0], sa_mask[0]=11111111011111111101111111111110, sa_flags=SA_RESTART|SA_SIGINFO
SIGBUS: [libjvm.so+0xaad1e0], sa_mask[0]=11111111011111111101111111111110, sa_flags=SA_RESTART|SA_SIGINFO
SIGFPE: [libjvm.so+0x90b450], sa_mask[0]=11111111011111111101111111111110, sa_flags=SA_RESTART|SA_SIGINFO
SIGPIPE: [libjvm.so+0x90b450], sa_mask[0]=11111111011111111101111111111110, sa_flags=SA_RESTART|SA_SIGINFO
SIGXFSZ: [libjvm.so+0x90b450], sa_mask[0]=11111111011111111101111111111110, sa_flags=SA_RESTART|SA_SIGINFO
SIGILL: [libjvm.so+0x90b450], sa_mask[0]=11111111011111111101111111111110, sa_flags=SA_RESTART|SA_SIGINFO
SIGUSR1: SIG_DFL, sa_mask[0]=00000000000000000000000000000000, sa_flags=none
SIGUSR2: [libjvm.so+0x90ca90], sa_mask[0]=00100000000000000000000000000000, sa_flags=SA_RESTART|SA_SIGINFO
SIGHUP: [libjvm.so+0x90dde0], sa_mask[0]=11111111011111111101111111111110, sa_flags=SA_RESTART|SA_SIGINFO
SIGINT: [libjvm.so+0x90dde0], sa_mask[0]=11111111011111111101111111111110, sa_flags=SA_RESTART|SA_SIGINFO
SIGTERM: [libjvm.so+0x90dde0], sa_mask[0]=11111111011111111101111111111110, sa_flags=SA_RESTART|SA_SIGINFO
SIGQUIT: [libjvm.so+0x90dde0], sa_mask[0]=11111111011111111101111111111110, sa_flags=SA_RESTART|SA_SIGINFO


---------------  S Y S T E M  ---------------

OS:DISTRIB_ID=Ubuntu
DISTRIB_RELEASE=14.04
DISTRIB_CODENAME=trusty
DISTRIB_DESCRIPTION="Ubuntu 14.04.2 LTS"

uname:Linux 3.16.0-34-generic #47~14.04.1-Ubuntu SMP Fri Apr 10 17:49:16 UTC 2015 x86_64
libc:glibc 2.19 NPTL 2.19 
rlimit: STACK 8192k, CORE 0k, NPROC 23200, NOFILE 4096, AS infinity
load average:25,27 6,72 2,53

/proc/meminfo:
MemTotal:        5970844 kB
MemFree:          134392 kB
MemAvailable:      94080 kB
Buffers:            1464 kB
Cached:           880280 kB
SwapCached:            0 kB
Active:          4782236 kB
Inactive:         770032 kB
Active(anon):    4767452 kB
Inactive(anon):   756260 kB
Active(file):      14784 kB
Inactive(file):    13772 kB
Unevictable:        1632 kB
Mlocked:            1632 kB
SwapTotal:             0 kB
SwapFree:              0 kB
Dirty:               536 kB
Writeback:             0 kB
AnonPages:       4674636 kB
Mapped:           227040 kB
Shmem:            850376 kB
Slab:             126624 kB
SReclaimable:      59756 kB
SUnreclaim:        66868 kB
KernelStack:       15152 kB
PageTables:        63432 kB
NFS_Unstable:          0 kB
Bounce:                0 kB
WritebackTmp:          0 kB
CommitLimit:     2985420 kB
Committed_AS:   12817072 kB
VmallocTotal:   34359738367 kB
VmallocUsed:      359108 kB
VmallocChunk:   34359250936 kB
HardwareCorrupted:     0 kB
AnonHugePages:    550912 kB
HugePages_Total:       0
HugePages_Free:        0
HugePages_Rsvd:        0
HugePages_Surp:        0
Hugepagesize:       2048 kB
DirectMap4k:      151944 kB
DirectMap2M:     5998592 kB
DirectMap1G:           0 kB


CPU:total 8 (4 cores per cpu, 2 threads per core) family 6 model 60 stepping 3, cmov, cx8, fxsr, mmx, sse, sse2, sse3, ssse3, sse4.1, sse4.2, popcnt, avx, avx2, aes, clmul, erms, rtm, lzcnt, ht, tsc, tscinvbit, bmi1, bmi2

/proc/cpuinfo:
processor	: 0
vendor_id	: GenuineIntel
cpu family	: 6
model		: 60
model name	: Intel(R) Core(TM) i7-4790 CPU @ 3.60GHz
stepping	: 3
microcode	: 0x17
cpu MHz		: 3799.968
cache size	: 8192 KB
physical id	: 0
siblings	: 8
core id		: 0
cpu cores	: 4
apicid		: 0
initial apicid	: 0
fpu		: yes
fpu_exception	: yes
cpuid level	: 13
wp		: yes
flags		: fpu vme de pse tsc msr pae mce cx8 apic sep mtrr pge mca cmov pat pse36 clflush dts acpi mmx fxsr sse sse2 ss ht tm pbe syscall nx pdpe1gb rdtscp lm constant_tsc arch_perfmon pebs bts rep_good nopl xtopology nonstop_tsc aperfmperf eagerfpu pni pclmulqdq dtes64 monitor ds_cpl vmx smx est tm2 ssse3 fma cx16 xtpr pdcm pcid sse4_1 sse4_2 x2apic movbe popcnt tsc_deadline_timer aes xsave avx f16c rdrand lahf_lm abm ida arat xsaveopt pln pts dtherm tpr_shadow vnmi flexpriority ept vpid fsgsbase tsc_adjust bmi1 hle avx2 smep bmi2 erms invpcid rtm
bogomips	: 7200.00
clflush size	: 64
cache_alignment	: 64
address sizes	: 39 bits physical, 48 bits virtual
power management:

processor	: 1
vendor_id	: GenuineIntel
cpu family	: 6
model		: 60
model name	: Intel(R) Core(TM) i7-4790 CPU @ 3.60GHz
stepping	: 3
microcode	: 0x17
cpu MHz		: 3799.968
cache size	: 8192 KB
physical id	: 0
siblings	: 8
core id		: 1
cpu cores	: 4
apicid		: 2
initial apicid	: 2
fpu		: yes
fpu_exception	: yes
cpuid level	: 13
wp		: yes
flags		: fpu vme de pse tsc msr pae mce cx8 apic sep mtrr pge mca cmov pat pse36 clflush dts acpi mmx fxsr sse sse2 ss ht tm pbe syscall nx pdpe1gb rdtscp lm constant_tsc arch_perfmon pebs bts rep_good nopl xtopology nonstop_tsc aperfmperf eagerfpu pni pclmulqdq dtes64 monitor ds_cpl vmx smx est tm2 ssse3 fma cx16 xtpr pdcm pcid sse4_1 sse4_2 x2apic movbe popcnt tsc_deadline_timer aes xsave avx f16c rdrand lahf_lm abm ida arat xsaveopt pln pts dtherm tpr_shadow vnmi flexpriority ept vpid fsgsbase tsc_adjust bmi1 hle avx2 smep bmi2 erms invpcid rtm
bogomips	: 7200.00
clflush size	: 64
cache_alignment	: 64
address sizes	: 39 bits physical, 48 bits virtual
power management:

processor	: 2
vendor_id	: GenuineIntel
cpu family	: 6
model		: 60
model name	: Intel(R) Core(TM) i7-4790 CPU @ 3.60GHz
stepping	: 3
microcode	: 0x17
cpu MHz		: 3799.968
cache size	: 8192 KB
physical id	: 0
siblings	: 8
core id		: 2
cpu cores	: 4
apicid		: 4
initial apicid	: 4
fpu		: yes
fpu_exception	: yes
cpuid level	: 13
wp		: yes
flags		: fpu vme de pse tsc msr pae mce cx8 apic sep mtrr pge mca cmov pat pse36 clflush dts acpi mmx fxsr sse sse2 ss ht tm pbe syscall nx pdpe1gb rdtscp lm constant_tsc arch_perfmon pebs bts rep_good nopl xtopology nonstop_tsc aperfmperf eagerfpu pni pclmulqdq dtes64 monitor ds_cpl vmx smx est tm2 ssse3 fma cx16 xtpr pdcm pcid sse4_1 sse4_2 x2apic movbe popcnt tsc_deadline_timer aes xsave avx f16c rdrand lahf_lm abm ida arat xsaveopt pln pts dtherm tpr_shadow vnmi flexpriority ept vpid fsgsbase tsc_adjust bmi1 hle avx2 smep bmi2 erms invpcid rtm
bogomips	: 7200.00
clflush size	: 64
cache_alignment	: 64
address sizes	: 39 bits physical, 48 bits virtual
power management:

processor	: 3
vendor_id	: GenuineIntel
cpu family	: 6
model		: 60
model name	: Intel(R) Core(TM) i7-4790 CPU @ 3.60GHz
stepping	: 3
microcode	: 0x17
cpu MHz		: 3799.968
cache size	: 8192 KB
physical id	: 0
siblings	: 8
core id		: 3
cpu cores	: 4
apicid		: 6
initial apicid	: 6
fpu		: yes
fpu_exception	: yes
cpuid level	: 13
wp		: yes
flags		: fpu vme de pse tsc msr pae mce cx8 apic sep mtrr pge mca cmov pat pse36 clflush dts acpi mmx fxsr sse sse2 ss ht tm pbe syscall nx pdpe1gb rdtscp lm constant_tsc arch_perfmon pebs bts rep_good nopl xtopology nonstop_tsc aperfmperf eagerfpu pni pclmulqdq dtes64 monitor ds_cpl vmx smx est tm2 ssse3 fma cx16 xtpr pdcm pcid sse4_1 sse4_2 x2apic movbe popcnt tsc_deadline_timer aes xsave avx f16c rdrand lahf_lm abm ida arat xsaveopt pln pts dtherm tpr_shadow vnmi flexpriority ept vpid fsgsbase tsc_adjust bmi1 hle avx2 smep bmi2 erms invpcid rtm
bogomips	: 7200.00
clflush size	: 64
cache_alignment	: 64
address sizes	: 39 bits physical, 48 bits virtual
power management:

processor	: 4
vendor_id	: GenuineIntel
cpu family	: 6
model		: 60
model name	: Intel(R) Core(TM) i7-4790 CPU @ 3.60GHz
stepping	: 3
microcode	: 0x17
cpu MHz		: 3799.968
cache size	: 8192 KB
physical id	: 0
siblings	: 8
core id		: 0
cpu cores	: 4
apicid		: 1
initial apicid	: 1
fpu		: yes
fpu_exception	: yes
cpuid level	: 13
wp		: yes
flags		: fpu vme de pse tsc msr pae mce cx8 apic sep mtrr pge mca cmov pat pse36 clflush dts acpi mmx fxsr sse sse2 ss ht tm pbe syscall nx pdpe1gb rdtscp lm constant_tsc arch_perfmon pebs bts rep_good nopl xtopology nonstop_tsc aperfmperf eagerfpu pni pclmulqdq dtes64 monitor ds_cpl vmx smx est tm2 ssse3 fma cx16 xtpr pdcm pcid sse4_1 sse4_2 x2apic movbe popcnt tsc_deadline_timer aes xsave avx f16c rdrand lahf_lm abm ida arat xsaveopt pln pts dtherm tpr_shadow vnmi flexpriority ept vpid fsgsbase tsc_adjust bmi1 hle avx2 smep bmi2 erms invpcid rtm
bogomips	: 7200.00
clflush size	: 64
cache_alignment	: 64
address sizes	: 39 bits physical, 48 bits virtual
power management:

processor	: 5
vendor_id	: GenuineIntel
cpu family	: 6
model		: 60
model name	: Intel(R) Core(TM) i7-4790 CPU @ 3.60GHz
stepping	: 3
microcode	: 0x17
cpu MHz		: 3799.968
cache size	: 8192 KB
physical id	: 0
siblings	: 8
core id		: 1
cpu cores	: 4
apicid		: 3
initial apicid	: 3
fpu		: yes
fpu_exception	: yes
cpuid level	: 13
wp		: yes
flags		: fpu vme de pse tsc msr pae mce cx8 apic sep mtrr pge mca cmov pat pse36 clflush dts acpi mmx fxsr sse sse2 ss ht tm pbe syscall nx pdpe1gb rdtscp lm constant_tsc arch_perfmon pebs bts rep_good nopl xtopology nonstop_tsc aperfmperf eagerfpu pni pclmulqdq dtes64 monitor ds_cpl vmx smx est tm2 ssse3 fma cx16 xtpr pdcm pcid sse4_1 sse4_2 x2apic movbe popcnt tsc_deadline_timer aes xsave avx f16c rdrand lahf_lm abm ida arat xsaveopt pln pts dtherm tpr_shadow vnmi flexpriority ept vpid fsgsbase tsc_adjust bmi1 hle avx2 smep bmi2 erms invpcid rtm
bogomips	: 7200.00
clflush size	: 64
cache_alignment	: 64
address sizes	: 39 bits physical, 48 bits virtual
power management:

processor	: 6
vendor_id	: GenuineIntel
cpu family	: 6
model		: 60
model name	: Intel(R) Core(TM) i7-4790 CPU @ 3.60GHz
stepping	: 3
microcode	: 0x17
cpu MHz		: 3799.968
cache size	: 8192 KB
physical id	: 0
siblings	: 8
core id		: 2
cpu cores	: 4
apicid		: 5
initial apicid	: 5
fpu		: yes
fpu_exception	: yes
cpuid level	: 13
wp		: yes
flags		: fpu vme de pse tsc msr pae mce cx8 apic sep mtrr pge mca cmov pat pse36 clflush dts acpi mmx fxsr sse sse2 ss ht tm pbe syscall nx pdpe1gb rdtscp lm constant_tsc arch_perfmon pebs bts rep_good nopl xtopology nonstop_tsc aperfmperf eagerfpu pni pclmulqdq dtes64 monitor ds_cpl vmx smx est tm2 ssse3 fma cx16 xtpr pdcm pcid sse4_1 sse4_2 x2apic movbe popcnt tsc_deadline_timer aes xsave avx f16c rdrand lahf_lm abm ida arat xsaveopt pln pts dtherm tpr_shadow vnmi flexpriority ept vpid fsgsbase tsc_adjust bmi1 hle avx2 smep bmi2 erms invpcid rtm
bogomips	: 7200.00
clflush size	: 64
cache_alignment	: 64
address sizes	: 39 bits physical, 48 bits virtual
power management:

processor	: 7
vendor_id	: GenuineIntel
cpu family	: 6
model		: 60
model name	: Intel(R) Core(TM) i7-4790 CPU @ 3.60GHz
stepping	: 3
microcode	: 0x17
cpu MHz		: 3799.968
cache size	: 8192 KB
physical id	: 0
siblings	: 8
core id		: 3
cpu cores	: 4
apicid		: 7
initial apicid	: 7
fpu		: yes
fpu_exception	: yes
cpuid level	: 13
wp		: yes
flags		: fpu vme de pse tsc msr pae mce cx8 apic sep mtrr pge mca cmov pat pse36 clflush dts acpi mmx fxsr sse sse2 ss ht tm pbe syscall nx pdpe1gb rdtscp lm constant_tsc arch_perfmon pebs bts rep_good nopl xtopology nonstop_tsc aperfmperf eagerfpu pni pclmulqdq dtes64 monitor ds_cpl vmx smx est tm2 ssse3 fma cx16 xtpr pdcm pcid sse4_1 sse4_2 x2apic movbe popcnt tsc_deadline_timer aes xsave avx f16c rdrand lahf_lm abm ida arat xsaveopt pln pts dtherm tpr_shadow vnmi flexpriority ept vpid fsgsbase tsc_adjust bmi1 hle avx2 smep bmi2 erms invpcid rtm
bogomips	: 7200.00
clflush size	: 64
cache_alignment	: 64
address sizes	: 39 bits physical, 48 bits virtual
power management:



Memory: 4k page, physical 5970844k(131400k free), swap 0k(0k free)

vm_info: Java HotSpot(TM) 64-Bit Server VM (25.45-b02) for linux-amd64 JRE (1.8.0_45-b14), built on Apr 10 2015 10:07:45 by "java_re" with gcc 4.3.0 20080428 (Red Hat 4.3.0-8)

time: Fri Apr 24 13:08:28 2015
elapsed time: 8 seconds (0d 0h 0m 8s)

