#
# There is insufficient memory for the Java Runtime Environment to continue.
# Native memory allocation (mmap) failed to map 123731968 bytes for committing reserved memory.
# Possible reasons:
#   The system is out of physical RAM or swap space
#   In 32 bit mode, the process size limit was hit
# Possible solutions:
#   Reduce memory load on the system
#   Increase physical memory or swap space
#   Check if swap backing store is full
#   Use 64 bit Java on a 64 bit OS
#   Decrease Java heap size (-Xmx/-Xms)
#   Decrease number of Java threads
#   Decrease Java thread stack sizes (-Xss)
#   Set larger code cache with -XX:ReservedCodeCacheSize=
# This output file may be truncated or incomplete.
#
#  Out of Memory Error (os_linux.cpp:2673), pid=11689, tid=139869785347840
#
# JRE version: Java(TM) SE Runtime Environment (8.0_45-b14) (build 1.8.0_45-b14)
# Java VM: Java HotSpot(TM) 64-Bit Server VM (25.45-b02 mixed mode linux-amd64 compressed oops)
# Failed to write core dump. Core dumps have been disabled. To enable core dumping, try "ulimit -c unlimited" before starting Java again
#

---------------  T H R E A D  ---------------

Current thread (0x00007f362c1c7000):  VMThread [stack: 0x00007f35f8ced000,0x00007f35f8dee000] [id=11707]

Stack: [0x00007f35f8ced000,0x00007f35f8dee000],  sp=0x00007f35f8dec260,  free space=1020k
Native frames: (J=compiled Java code, j=interpreted, Vv=VM code, C=native code)
V  [libjvm.so+0xaac99a]  VMError::report_and_die()+0x2ba
V  [libjvm.so+0x4f333b]  report_vm_out_of_memory(char const*, int, unsigned long, VMErrorType, char const*)+0x8b
V  [libjvm.so+0x90e7c3]  os::Linux::commit_memory_impl(char*, unsigned long, bool)+0x103
V  [libjvm.so+0x90ed19]  os::pd_commit_memory(char*, unsigned long, unsigned long, bool)+0x29
V  [libjvm.so+0x90867a]  os::commit_memory(char*, unsigned long, unsigned long, bool)+0x2a
V  [libjvm.so+0x97bac3]  PSVirtualSpace::expand_by(unsigned long)+0x53
V  [libjvm.so+0x97cec8]  PSYoungGen::resize_generation(unsigned long, unsigned long)+0xf8
V  [libjvm.so+0x97c022]  PSYoungGen::resize(unsigned long, unsigned long)+0x22
V  [libjvm.so+0x9792fb]  PSScavenge::invoke_no_policy()+0xf7b
V  [libjvm.so+0x979a81]  PSScavenge::invoke()+0x41
V  [libjvm.so+0x932050]  ParallelScavengeHeap::failed_mem_allocate(unsigned long)+0x70
V  [libjvm.so+0xaae1d7]  VM_ParallelGCFailedAllocation::doit()+0x97
V  [libjvm.so+0xab59c5]  VM_Operation::evaluate()+0x55
V  [libjvm.so+0xab3d9a]  VMThread::evaluate_operation(VM_Operation*)+0xba
V  [libjvm.so+0xab411e]  VMThread::loop()+0x1ce
V  [libjvm.so+0xab4590]  VMThread::run()+0x70
V  [libjvm.so+0x910de8]  java_start(Thread*)+0x108

VM_Operation (0x00007f36344dc0d0): ParallelGCFailedAllocation, mode: safepoint, requested by thread 0x00007f362c00a000


---------------  P R O C E S S  ---------------

Java Threads: ( => current thread )
  0x00007f362c21c800 JavaThread "Service Thread" daemon [_thread_blocked, id=11715, stack(0x00007f35e3bfc000,0x00007f35e3cfd000)]
  0x00007f362c20f800 JavaThread "C1 CompilerThread3" daemon [_thread_blocked, id=11714, stack(0x00007f35e3cfd000,0x00007f35e3dfe000)]
  0x00007f362c20d800 JavaThread "C2 CompilerThread2" daemon [_thread_in_native, id=11713, stack(0x00007f35e3dfe000,0x00007f35e3eff000)]
  0x00007f362c20b800 JavaThread "C2 CompilerThread1" daemon [_thread_blocked, id=11712, stack(0x00007f35e3eff000,0x00007f35e4000000)]
  0x00007f362c208800 JavaThread "C2 CompilerThread0" daemon [_thread_in_native, id=11711, stack(0x00007f35f809d000,0x00007f35f819e000)]
  0x00007f362c207800 JavaThread "Signal Dispatcher" daemon [_thread_blocked, id=11710, stack(0x00007f35f819e000,0x00007f35f829f000)]
  0x00007f362c1ce000 JavaThread "Finalizer" daemon [_thread_blocked, id=11709, stack(0x00007f35f8aeb000,0x00007f35f8bec000)]
  0x00007f362c1cc000 JavaThread "Reference Handler" daemon [_thread_blocked, id=11708, stack(0x00007f35f8bec000,0x00007f35f8ced000)]
  0x00007f362c00a000 JavaThread "main" [_thread_blocked, id=11698, stack(0x00007f36343dd000,0x00007f36344de000)]

Other Threads:
=>0x00007f362c1c7000 VMThread [stack: 0x00007f35f8ced000,0x00007f35f8dee000] [id=11707]
  0x00007f362c21f000 WatcherThread [stack: 0x00007f35e3afb000,0x00007f35e3bfc000] [id=11716]

VM state:at safepoint (normal execution)

VM Mutex/Monitor currently owned by a thread:  ([mutex/lock_event])
[0x00007f362c0061a0] Threads_lock - owner thread: 0x00007f362c1c7000
[0x00007f362c0066a0] Heap_lock - owner thread: 0x00007f362c00a000

Heap:
 PSYoungGen      total 99840K, used 3272K [0x00000000eab00000, 0x00000000f1000000, 0x0000000100000000)
  eden space 96256K, 0% used [0x00000000eab00000,0x00000000eab00000,0x00000000f0900000)
  from space 3584K, 91% used [0x00000000f0900000,0x00000000f0c32240,0x00000000f0c80000)
  to   space 3584K, 0% used [0x00000000f0c80000,0x00000000f0c80000,0x00000000f1000000)
 ParOldGen       total 62976K, used 25934K [0x00000000c0000000, 0x00000000c3d80000, 0x00000000eab00000)
  object space 62976K, 41% used [0x00000000c0000000,0x00000000c19538d0,0x00000000c3d80000)
 Metaspace       used 7525K, capacity 8062K, committed 8192K, reserved 1056768K
  class space    used 709K, capacity 753K, committed 768K, reserved 1048576K

Card table byte_map: [0x00007f3630fb5000,0x00007f36311b6000] byte_map_base: 0x00007f36309b5000

Marking Bits: (ParMarkBitMap*) 0x00007f36338b3760
 Begin Bits: [0x00007f35fa000000, 0x00007f35fb000000)
 End Bits:   [0x00007f35fb000000, 0x00007f35fc000000)

Polling page: 0x00007f36344fa000

CodeCache: size=245760Kb used=9247Kb max_used=9260Kb free=236512Kb
 bounds [0x00007f361d000000, 0x00007f361d920000, 0x00007f362c000000]
 total_blobs=2926 nmethods=2631 adapters=209
 compilation: enabled

Compilation events (10 events):
Event: 1,624 Thread 0x00007f362c20f800 2644       3       java.util.regex.Pattern$GroupTail::match (111 bytes)
Event: 1,624 Thread 0x00007f362c20f800 nmethod 2644 0x00007f361d900f10 code [0x00007f361d9010a0, 0x00007f361d901468]
Event: 1,624 Thread 0x00007f362c20f800 2645       3       java.lang.String::subSequence (7 bytes)
Event: 1,624 Thread 0x00007f362c20f800 nmethod 2645 0x00007f361d900b10 code [0x00007f361d900c80, 0x00007f361d900e88]
Event: 1,633 Thread 0x00007f362c20b800 nmethod 2626 0x00007f361d913150 code [0x00007f361d913460, 0x00007f361d9150f0]
Event: 1,633 Thread 0x00007f362c20b800 2636       4       com.android.dx.io.instructions.InstructionCodec$10::encode (30 bytes)
Event: 1,634 Thread 0x00007f362c20b800 nmethod 2636 0x00007f361d90d350 code [0x00007f361d90d4c0, 0x00007f361d90d6d8]
Event: 1,634 Thread 0x00007f362c20b800 2625       4       com.android.dx.merge.DexMerger$7::read (8 bytes)
Event: 1,637 Thread 0x00007f362c20f800 2647       3       java.util.HashMap$TreeNode::balanceInsertion (245 bytes)
Event: 1,637 Thread 0x00007f362c20f800 nmethod 2647 0x00007f361d90dd10 code [0x00007f361d90df40, 0x00007f361d90e8d8]

GC Heap History (9 events):
Event: 0,562 GC heap before
{Heap before GC invocations=1 (full 0):
 PSYoungGen      total 27648K, used 24064K [0x00000000eab00000, 0x00000000ec980000, 0x0000000100000000)
  eden space 24064K, 100% used [0x00000000eab00000,0x00000000ec280000,0x00000000ec280000)
  from space 3584K, 0% used [0x00000000ec600000,0x00000000ec600000,0x00000000ec980000)
  to   space 3584K, 0% used [0x00000000ec280000,0x00000000ec280000,0x00000000ec600000)
 ParOldGen       total 62976K, used 0K [0x00000000c0000000, 0x00000000c3d80000, 0x00000000eab00000)
  object space 62976K, 0% used [0x00000000c0000000,0x00000000c0000000,0x00000000c3d80000)
 Metaspace       used 5522K, capacity 6832K, committed 7040K, reserved 1056768K
  class space    used 546K, capacity 616K, committed 640K, reserved 1048576K
Event: 0,568 GC heap after
Heap after GC invocations=1 (full 0):
 PSYoungGen      total 27648K, used 3554K [0x00000000eab00000, 0x00000000ee100000, 0x0000000100000000)
  eden space 24064K, 0% used [0x00000000eab00000,0x00000000eab00000,0x00000000ec280000)
  from space 3584K, 99% used [0x00000000ec280000,0x00000000ec5f8908,0x00000000ec600000)
  to   space 3584K, 0% used [0x00000000edd80000,0x00000000edd80000,0x00000000ee100000)
 ParOldGen       total 62976K, used 1817K [0x00000000c0000000, 0x00000000c3d80000, 0x00000000eab00000)
  object space 62976K, 2% used [0x00000000c0000000,0x00000000c01c65b0,0x00000000c3d80000)
 Metaspace       used 5522K, capacity 6832K, committed 7040K, reserved 1056768K
  class space    used 546K, capacity 616K, committed 640K, reserved 1048576K
}
Event: 0,799 GC heap before
{Heap before GC invocations=2 (full 0):
 PSYoungGen      total 27648K, used 27429K [0x00000000eab00000, 0x00000000ee100000, 0x0000000100000000)
  eden space 24064K, 99% used [0x00000000eab00000,0x00000000ec250cb8,0x00000000ec280000)
  from space 3584K, 99% used [0x00000000ec280000,0x00000000ec5f8908,0x00000000ec600000)
  to   space 3584K, 0% used [0x00000000edd80000,0x00000000edd80000,0x00000000ee100000)
 ParOldGen       total 62976K, used 1817K [0x00000000c0000000, 0x00000000c3d80000, 0x00000000eab00000)
  object space 62976K, 2% used [0x00000000c0000000,0x00000000c01c65b0,0x00000000c3d80000)
 Metaspace       used 5722K, capacity 6960K, committed 7040K, reserved 1056768K
  class space    used 547K, capacity 616K, committed 640K, reserved 1048576K
Event: 0,825 GC heap after
Heap after GC invocations=2 (full 0):
 PSYoungGen      total 51712K, used 3567K [0x00000000eab00000, 0x00000000ee100000, 0x0000000100000000)
  eden space 48128K, 0% used [0x00000000eab00000,0x00000000eab00000,0x00000000eda00000)
  from space 3584K, 99% used [0x00000000edd80000,0x00000000ee0fbc50,0x00000000ee100000)
  to   space 3584K, 0% used [0x00000000eda00000,0x00000000eda00000,0x00000000edd80000)
 ParOldGen       total 62976K, used 8149K [0x00000000c0000000, 0x00000000c3d80000, 0x00000000eab00000)
  object space 62976K, 12% used [0x00000000c0000000,0x00000000c07f55d8,0x00000000c3d80000)
 Metaspace       used 5722K, capacity 6960K, committed 7040K, reserved 1056768K
  class space    used 547K, capacity 616K, committed 640K, reserved 1048576K
}
Event: 1,242 GC heap before
{Heap before GC invocations=3 (full 0):
 PSYoungGen      total 51712K, used 51194K [0x00000000eab00000, 0x00000000ee100000, 0x0000000100000000)
  eden space 48128K, 98% used [0x00000000eab00000,0x00000000ed982e48,0x00000000eda00000)
  from space 3584K, 99% used [0x00000000edd80000,0x00000000ee0fbc50,0x00000000ee100000)
  to   space 3584K, 0% used [0x00000000eda00000,0x00000000eda00000,0x00000000edd80000)
 ParOldGen       total 62976K, used 8149K [0x00000000c0000000, 0x00000000c3d80000, 0x00000000eab00000)
  object space 62976K, 12% used [0x00000000c0000000,0x00000000c07f55d8,0x00000000c3d80000)
 Metaspace       used 7369K, capacity 7992K, committed 8192K, reserved 1056768K
  class space    used 700K, capacity 752K, committed 768K, reserved 1048576K
Event: 1,251 GC heap after
Heap after GC invocations=3 (full 0):
 PSYoungGen      total 51712K, used 3563K [0x00000000eab00000, 0x00000000f1000000, 0x0000000100000000)
  eden space 48128K, 0% used [0x00000000eab00000,0x00000000eab00000,0x00000000eda00000)
  from space 3584K, 99% used [0x00000000eda00000,0x00000000edd7af90,0x00000000edd80000)
  to   space 3584K, 0% used [0x00000000f0c80000,0x00000000f0c80000,0x00000000f1000000)
 ParOldGen       total 62976K, used 17973K [0x00000000c0000000, 0x00000000c3d80000, 0x00000000eab00000)
  object space 62976K, 28% used [0x00000000c0000000,0x00000000c118d778,0x00000000c3d80000)
 Metaspace       used 7369K, capacity 7992K, committed 8192K, reserved 1056768K
  class space    used 700K, capacity 752K, committed 768K, reserved 1048576K
}
Event: 1,440 GC heap before
{Heap before GC invocations=4 (full 0):
 PSYoungGen      total 51712K, used 51691K [0x00000000eab00000, 0x00000000f1000000, 0x0000000100000000)
  eden space 48128K, 100% used [0x00000000eab00000,0x00000000eda00000,0x00000000eda00000)
  from space 3584K, 99% used [0x00000000eda00000,0x00000000edd7af90,0x00000000edd80000)
  to   space 3584K, 0% used [0x00000000f0c80000,0x00000000f0c80000,0x00000000f1000000)
 ParOldGen       total 62976K, used 17973K [0x00000000c0000000, 0x00000000c3d80000, 0x00000000eab00000)
  object space 62976K, 28% used [0x00000000c0000000,0x00000000c118d778,0x00000000c3d80000)
 Metaspace       used 7419K, capacity 7992K, committed 8192K, reserved 1056768K
  class space    used 701K, capacity 752K, committed 768K, reserved 1048576K
Event: 1,448 GC heap after
Heap after GC invocations=4 (full 0):
 PSYoungGen      total 99840K, used 3582K [0x00000000eab00000, 0x00000000f1000000, 0x0000000100000000)
  eden space 96256K, 0% used [0x00000000eab00000,0x00000000eab00000,0x00000000f0900000)
  from space 3584K, 99% used [0x00000000f0c80000,0x00000000f0fff800,0x00000000f1000000)
  to   space 3584K, 0% used [0x00000000f0900000,0x00000000f0900000,0x00000000f0c80000)
 ParOldGen       total 62976K, used 18245K [0x00000000c0000000, 0x00000000c3d80000, 0x00000000eab00000)
  object space 62976K, 28% used [0x00000000c0000000,0x00000000c11d1790,0x00000000c3d80000)
 Metaspace       used 7419K, capacity 7992K, committed 8192K, reserved 1056768K
  class space    used 701K, capacity 752K, committed 768K, reserved 1048576K
}
Event: 1,642 GC heap before
{Heap before GC invocations=5 (full 0):
 PSYoungGen      total 99840K, used 99838K [0x00000000eab00000, 0x00000000f1000000, 0x0000000100000000)
  eden space 96256K, 100% used [0x00000000eab00000,0x00000000f0900000,0x00000000f0900000)
  from space 3584K, 99% used [0x00000000f0c80000,0x00000000f0fff800,0x00000000f1000000)
  to   space 3584K, 0% used [0x00000000f0900000,0x00000000f0900000,0x00000000f0c80000)
 ParOldGen       total 62976K, used 18245K [0x00000000c0000000, 0x00000000c3d80000, 0x00000000eab00000)
  object space 62976K, 28% used [0x00000000c0000000,0x00000000c11d1790,0x00000000c3d80000)
 Metaspace       used 7525K, capacity 8062K, committed 8192K, reserved 1056768K
  class space    used 709K, capacity 753K, committed 768K, reserved 1048576K

Deoptimization events (10 events):
Event: 1,075 Thread 0x00007f362c00a000 Uncommon trap: reason=unstable_if action=reinterpret pc=0x00007f361d70562c method=java.util.HashMap.putVal(ILjava/lang/Object;Ljava/lang/Object;ZZ)Ljava/lang/Object; @ 162
Event: 1,107 Thread 0x00007f362c00a000 Uncommon trap: reason=unstable_if action=reinterpret pc=0x00007f361d7487d4 method=com.android.dx.merge.IndexMap.adjustString(I)I @ 2
Event: 1,126 Thread 0x00007f362c00a000 Uncommon trap: reason=predicate action=maybe_recompile pc=0x00007f361d79d258 method=com.android.dex.Leb128.readUnsignedLeb128(Lcom/android/dex/util/ByteInput;)I @ 41
Event: 1,171 Thread 0x00007f362c00a000 Uncommon trap: reason=unstable_if action=reinterpret pc=0x00007f361d60ae54 method=java.util.HashMap.getNode(ILjava/lang/Object;)Ljava/util/HashMap$Node; @ 84
Event: 1,171 Thread 0x00007f362c00a000 Uncommon trap: reason=unstable_if action=reinterpret pc=0x00007f361d61e3c0 method=java.util.HashMap.getNode(ILjava/lang/Object;)Ljava/util/HashMap$Node; @ 84
Event: 1,190 Thread 0x00007f362c00a000 Uncommon trap: reason=unstable_if action=reinterpret pc=0x00007f361d745ee0 method=com.android.dex.FieldId.compareTo(Lcom/android/dex/FieldId;)I @ 8
Event: 1,191 Thread 0x00007f362c00a000 Uncommon trap: reason=unstable_if action=reinterpret pc=0x00007f361d73a7d4 method=com.android.dex.FieldId.compareTo(Lcom/android/dex/FieldId;)I @ 8
Event: 1,452 Thread 0x00007f362c00a000 Uncommon trap: reason=unstable_if action=reinterpret pc=0x00007f361d8846dc method=com.android.dex.EncodedValueCodec.readUnsignedInt(Lcom/android/dex/util/ByteInput;IZ)I @ 3
Event: 1,632 Thread 0x00007f362c00a000 Uncommon trap: reason=unstable_if action=reinterpret pc=0x00007f361d8ddd20 method=java.util.HashMap$TreeNode.balanceInsertion(Ljava/util/HashMap$TreeNode;Ljava/util/HashMap$TreeNode;)Ljava/util/HashMap$TreeNode; @ 189
Event: 1,638 Thread 0x00007f362c00a000 Uncommon trap: reason=unstable_if action=reinterpret pc=0x00007f361d251b5c method=java.lang.Long.numberOfTrailingZeros(J)I @ 3

Internal exceptions (2 events):
Event: 0,060 Thread 0x00007f362c00a000 Exception <a 'java/lang/NoSuchMethodError': Method sun.misc.Unsafe.defineClass(Ljava/lang/String;[BII)Ljava/lang/Class; name or signature does not match> (0x00000000eab12a38) thrown at [/RE-WORK/workspace/8-2-build-linux-amd64/jdk8u45/3457/hotspot/src/sha
Event: 0,060 Thread 0x00007f362c00a000 Exception <a 'java/lang/NoSuchMethodError': Method sun.misc.Unsafe.prefetchRead(Ljava/lang/Object;J)V name or signature does not match> (0x00000000eab12cc8) thrown at [/RE-WORK/workspace/8-2-build-linux-amd64/jdk8u45/3457/hotspot/src/share/vm/prims/jni.cp

Events (10 events):
Event: 1,476 loading class sun/reflect/ClassDefiner$1 done
Event: 1,477 loading class sun/reflect/BootstrapConstructorAccessorImpl
Event: 1,477 loading class sun/reflect/BootstrapConstructorAccessorImpl done
Event: 1,632 Thread 0x00007f362c00a000 Uncommon trap: trap_request=0xffffff65 fr.pc=0x00007f361d8ddd20
Event: 1,632 Thread 0x00007f362c00a000 DEOPT PACKING pc=0x00007f361d8ddd20 sp=0x00007f36344dc2a0
Event: 1,632 Thread 0x00007f362c00a000 DEOPT UNPACKING pc=0x00007f361d005229 sp=0x00007f36344dc250 mode 2
Event: 1,638 Thread 0x00007f362c00a000 Uncommon trap: trap_request=0xffffff65 fr.pc=0x00007f361d251b5c
Event: 1,638 Thread 0x00007f362c00a000 DEOPT PACKING pc=0x00007f361d251b5c sp=0x00007f36344dc170
Event: 1,638 Thread 0x00007f362c00a000 DEOPT UNPACKING pc=0x00007f361d005229 sp=0x00007f36344dc120 mode 2
Event: 1,642 Executing VM operation: ParallelGCFailedAllocation


Dynamic libraries:
00400000-00401000 r-xp 00000000 fc:01 3280464                            /usr/lib/jvm/java-8-oracle/jre/bin/java
00600000-00601000 rw-p 00000000 fc:01 3280464                            /usr/lib/jvm/java-8-oracle/jre/bin/java
0181a000-0183b000 rw-p 00000000 00:00 0                                  [heap]
c0000000-c3d80000 rw-p 00000000 00:00 0 
c3d80000-eab00000 ---p 00000000 00:00 0 
eab00000-f1000000 rw-p 00000000 00:00 0 
f8600000-100000000 ---p 00000000 00:00 0 
100000000-1000c0000 rw-p 00000000 00:00 0 
1000c0000-140000000 ---p 00000000 00:00 0 
7f35cc000000-7f35cc021000 rw-p 00000000 00:00 0 
7f35cc021000-7f35d0000000 ---p 00000000 00:00 0 
7f35d0000000-7f35d0021000 rw-p 00000000 00:00 0 
7f35d0021000-7f35d4000000 ---p 00000000 00:00 0 
7f35d4000000-7f35d4868000 rw-p 00000000 00:00 0 
7f35d4868000-7f35d8000000 ---p 00000000 00:00 0 
7f35d8000000-7f35d88ff000 rw-p 00000000 00:00 0 
7f35d88ff000-7f35dc000000 ---p 00000000 00:00 0 
7f35dc000000-7f35dc771000 rw-p 00000000 00:00 0 
7f35dc771000-7f35e0000000 ---p 00000000 00:00 0 
7f35e3afb000-7f35e3afc000 ---p 00000000 00:00 0 
7f35e3afc000-7f35e3bfc000 rw-p 00000000 00:00 0                          [stack:11716]
7f35e3bfc000-7f35e3bff000 ---p 00000000 00:00 0 
7f35e3bff000-7f35e3cfd000 rw-p 00000000 00:00 0                          [stack:11715]
7f35e3cfd000-7f35e3d00000 ---p 00000000 00:00 0 
7f35e3d00000-7f35e3dfe000 rw-p 00000000 00:00 0                          [stack:11714]
7f35e3dfe000-7f35e3e01000 ---p 00000000 00:00 0 
7f35e3e01000-7f35e3eff000 rw-p 00000000 00:00 0                          [stack:11713]
7f35e3eff000-7f35e3f02000 ---p 00000000 00:00 0 
7f35e3f02000-7f35e4000000 rw-p 00000000 00:00 0                          [stack:11712]
7f35e4000000-7f35e4021000 rw-p 00000000 00:00 0 
7f35e4021000-7f35e8000000 ---p 00000000 00:00 0 
7f35e8000000-7f35e8d43000 rw-p 00000000 00:00 0 
7f35e8d43000-7f35ec000000 ---p 00000000 00:00 0 
7f35ec000000-7f35ec021000 rw-p 00000000 00:00 0 
7f35ec021000-7f35f0000000 ---p 00000000 00:00 0 
7f35f0000000-7f35f0021000 rw-p 00000000 00:00 0 
7f35f0021000-7f35f4000000 ---p 00000000 00:00 0 
7f35f4000000-7f35f428a000 rw-p 00000000 00:00 0 
7f35f428a000-7f35f8000000 ---p 00000000 00:00 0 
7f35f809d000-7f35f80a0000 ---p 00000000 00:00 0 
7f35f80a0000-7f35f819e000 rw-p 00000000 00:00 0                          [stack:11711]
7f35f819e000-7f35f81a1000 ---p 00000000 00:00 0 
7f35f81a1000-7f35f829f000 rw-p 00000000 00:00 0                          [stack:11710]
7f35f829f000-7f35f8aeb000 r--p 00000000 fc:01 3021646                    /usr/lib/locale/locale-archive
7f35f8aeb000-7f35f8aee000 ---p 00000000 00:00 0 
7f35f8aee000-7f35f8bec000 rw-p 00000000 00:00 0                          [stack:11709]
7f35f8bec000-7f35f8bef000 ---p 00000000 00:00 0 
7f35f8bef000-7f35f8ced000 rw-p 00000000 00:00 0                          [stack:11708]
7f35f8ced000-7f35f8cee000 ---p 00000000 00:00 0 
7f35f8cee000-7f35fc000000 rw-p 00000000 00:00 0                          [stack:11707]
7f35fc000000-7f35fc021000 rw-p 00000000 00:00 0 
7f35fc021000-7f3600000000 ---p 00000000 00:00 0 
7f3600000000-7f3600021000 rw-p 00000000 00:00 0 
7f3600021000-7f3604000000 ---p 00000000 00:00 0 
7f3604000000-7f3604021000 rw-p 00000000 00:00 0 
7f3604021000-7f3608000000 ---p 00000000 00:00 0 
7f3608000000-7f3608021000 rw-p 00000000 00:00 0 
7f3608021000-7f360c000000 ---p 00000000 00:00 0 
7f360c000000-7f360c021000 rw-p 00000000 00:00 0 
7f360c021000-7f3610000000 ---p 00000000 00:00 0 
7f3610000000-7f3610021000 rw-p 00000000 00:00 0 
7f3610021000-7f3614000000 ---p 00000000 00:00 0 
7f3614000000-7f3614021000 rw-p 00000000 00:00 0 
7f3614021000-7f3618000000 ---p 00000000 00:00 0 
7f3618000000-7f3618021000 rw-p 00000000 00:00 0 
7f3618021000-7f361c000000 ---p 00000000 00:00 0 
7f361c0f9000-7f361cf40000 rw-p 00000000 00:00 0 
7f361cf40000-7f361d000000 ---p 00000000 00:00 0 
7f361d000000-7f361d920000 rwxp 00000000 00:00 0 
7f361d920000-7f362c000000 ---p 00000000 00:00 0 
7f362c000000-7f362c4e3000 rw-p 00000000 00:00 0 
7f362c4e3000-7f3630000000 ---p 00000000 00:00 0 
7f3630006000-7f3630208000 rw-p 00000000 00:00 0 
7f3630208000-7f36303e1000 r--s 03d09000 fc:01 3027746                    /usr/lib/jvm/java-8-oracle/jre/lib/rt.jar
7f36303e1000-7f3630657000 rw-p 00000000 00:00 0 
7f3630657000-7f3630658000 ---p 00000000 00:00 0 
7f3630658000-7f3630758000 rw-p 00000000 00:00 0                          [stack:11706]
7f3630758000-7f3630759000 ---p 00000000 00:00 0 
7f3630759000-7f3630859000 rw-p 00000000 00:00 0                          [stack:11705]
7f3630859000-7f363085a000 ---p 00000000 00:00 0 
7f363085a000-7f363095a000 rw-p 00000000 00:00 0                          [stack:11704]
7f363095a000-7f363095b000 ---p 00000000 00:00 0 
7f363095b000-7f3630a5b000 rw-p 00000000 00:00 0                          [stack:11703]
7f3630a5b000-7f3630a5c000 ---p 00000000 00:00 0 
7f3630a5c000-7f3630b5c000 rw-p 00000000 00:00 0                          [stack:11702]
7f3630b5c000-7f3630b5d000 ---p 00000000 00:00 0 
7f3630b5d000-7f3630c5d000 rw-p 00000000 00:00 0                          [stack:11701]
7f3630c5d000-7f3630c5e000 ---p 00000000 00:00 0 
7f3630c5e000-7f3630d5e000 rw-p 00000000 00:00 0                          [stack:11700]
7f3630d5e000-7f3630d5f000 ---p 00000000 00:00 0 
7f3630d5f000-7f3630e7e000 rw-p 00000000 00:00 0                          [stack:11699]
7f3630e7e000-7f3630fb5000 ---p 00000000 00:00 0 
7f3630fb5000-7f3630fd4000 rw-p 00000000 00:00 0 
7f3630fd4000-7f363110a000 ---p 00000000 00:00 0 
7f363110a000-7f363113d000 rw-p 00000000 00:00 0 
7f363113d000-7f36311b5000 ---p 00000000 00:00 0 
7f36311b5000-7f36311db000 rw-p 00000000 00:00 0 
7f36311db000-7f3631576000 ---p 00000000 00:00 0 
7f3631576000-7f3631590000 r-xp 00000000 fc:01 3026470                    /usr/lib/jvm/java-8-oracle/jre/lib/amd64/libzip.so
7f3631590000-7f3631790000 ---p 0001a000 fc:01 3026470                    /usr/lib/jvm/java-8-oracle/jre/lib/amd64/libzip.so
7f3631790000-7f3631791000 rw-p 0001a000 fc:01 3026470                    /usr/lib/jvm/java-8-oracle/jre/lib/amd64/libzip.so
7f3631791000-7f363179c000 r-xp 00000000 fc:01 8261846                    /lib/x86_64-linux-gnu/libnss_files-2.19.so
7f363179c000-7f363199b000 ---p 0000b000 fc:01 8261846                    /lib/x86_64-linux-gnu/libnss_files-2.19.so
7f363199b000-7f363199c000 r--p 0000a000 fc:01 8261846                    /lib/x86_64-linux-gnu/libnss_files-2.19.so
7f363199c000-7f363199d000 rw-p 0000b000 fc:01 8261846                    /lib/x86_64-linux-gnu/libnss_files-2.19.so
7f363199d000-7f36319a8000 r-xp 00000000 fc:01 8261866                    /lib/x86_64-linux-gnu/libnss_nis-2.19.so
7f36319a8000-7f3631ba7000 ---p 0000b000 fc:01 8261866                    /lib/x86_64-linux-gnu/libnss_nis-2.19.so
7f3631ba7000-7f3631ba8000 r--p 0000a000 fc:01 8261866                    /lib/x86_64-linux-gnu/libnss_nis-2.19.so
7f3631ba8000-7f3631ba9000 rw-p 0000b000 fc:01 8261866                    /lib/x86_64-linux-gnu/libnss_nis-2.19.so
7f3631ba9000-7f3631bc0000 r-xp 00000000 fc:01 8261855                    /lib/x86_64-linux-gnu/libnsl-2.19.so
7f3631bc0000-7f3631dbf000 ---p 00017000 fc:01 8261855                    /lib/x86_64-linux-gnu/libnsl-2.19.so
7f3631dbf000-7f3631dc0000 r--p 00016000 fc:01 8261855                    /lib/x86_64-linux-gnu/libnsl-2.19.so
7f3631dc0000-7f3631dc1000 rw-p 00017000 fc:01 8261855                    /lib/x86_64-linux-gnu/libnsl-2.19.so
7f3631dc1000-7f3631dc3000 rw-p 00000000 00:00 0 
7f3631dc3000-7f3631dcc000 r-xp 00000000 fc:01 8261854                    /lib/x86_64-linux-gnu/libnss_compat-2.19.so
7f3631dcc000-7f3631fcb000 ---p 00009000 fc:01 8261854                    /lib/x86_64-linux-gnu/libnss_compat-2.19.so
7f3631fcb000-7f3631fcc000 r--p 00008000 fc:01 8261854                    /lib/x86_64-linux-gnu/libnss_compat-2.19.so
7f3631fcc000-7f3631fcd000 rw-p 00009000 fc:01 8261854                    /lib/x86_64-linux-gnu/libnss_compat-2.19.so
7f3631fcd000-7f3631ff7000 r-xp 00000000 fc:01 3027711                    /usr/lib/jvm/java-8-oracle/jre/lib/amd64/libjava.so
7f3631ff7000-7f36321f7000 ---p 0002a000 fc:01 3027711                    /usr/lib/jvm/java-8-oracle/jre/lib/amd64/libjava.so
7f36321f7000-7f36321f9000 rw-p 0002a000 fc:01 3027711                    /usr/lib/jvm/java-8-oracle/jre/lib/amd64/libjava.so
7f36321f9000-7f3632206000 r-xp 00000000 fc:01 3027732                    /usr/lib/jvm/java-8-oracle/jre/lib/amd64/libverify.so
7f3632206000-7f3632406000 ---p 0000d000 fc:01 3027732                    /usr/lib/jvm/java-8-oracle/jre/lib/amd64/libverify.so
7f3632406000-7f3632408000 rw-p 0000d000 fc:01 3027732                    /usr/lib/jvm/java-8-oracle/jre/lib/amd64/libverify.so
7f3632408000-7f363240f000 r-xp 00000000 fc:01 8261863                    /lib/x86_64-linux-gnu/librt-2.19.so
7f363240f000-7f363260e000 ---p 00007000 fc:01 8261863                    /lib/x86_64-linux-gnu/librt-2.19.so
7f363260e000-7f363260f000 r--p 00006000 fc:01 8261863                    /lib/x86_64-linux-gnu/librt-2.19.so
7f363260f000-7f3632610000 rw-p 00007000 fc:01 8261863                    /lib/x86_64-linux-gnu/librt-2.19.so
7f3632610000-7f3632715000 r-xp 00000000 fc:01 8257562                    /lib/x86_64-linux-gnu/libm-2.19.so
7f3632715000-7f3632914000 ---p 00105000 fc:01 8257562                    /lib/x86_64-linux-gnu/libm-2.19.so
7f3632914000-7f3632915000 r--p 00104000 fc:01 8257562                    /lib/x86_64-linux-gnu/libm-2.19.so
7f3632915000-7f3632916000 rw-p 00105000 fc:01 8257562                    /lib/x86_64-linux-gnu/libm-2.19.so
7f3632916000-7f36335c4000 r-xp 00000000 fc:01 3027722                    /usr/lib/jvm/java-8-oracle/jre/lib/amd64/server/libjvm.so
7f36335c4000-7f36337c3000 ---p 00cae000 fc:01 3027722                    /usr/lib/jvm/java-8-oracle/jre/lib/amd64/server/libjvm.so
7f36337c3000-7f363389a000 rw-p 00cad000 fc:01 3027722                    /usr/lib/jvm/java-8-oracle/jre/lib/amd64/server/libjvm.so
7f363389a000-7f36338de000 rw-p 00000000 00:00 0 
7f36338de000-7f3633a99000 r-xp 00000000 fc:01 8261860                    /lib/x86_64-linux-gnu/libc-2.19.so
7f3633a99000-7f3633c98000 ---p 001bb000 fc:01 8261860                    /lib/x86_64-linux-gnu/libc-2.19.so
7f3633c98000-7f3633c9c000 r--p 001ba000 fc:01 8261860                    /lib/x86_64-linux-gnu/libc-2.19.so
7f3633c9c000-7f3633c9e000 rw-p 001be000 fc:01 8261860                    /lib/x86_64-linux-gnu/libc-2.19.so
7f3633c9e000-7f3633ca3000 rw-p 00000000 00:00 0 
7f3633ca3000-7f3633ca6000 r-xp 00000000 fc:01 8261849                    /lib/x86_64-linux-gnu/libdl-2.19.so
7f3633ca6000-7f3633ea5000 ---p 00003000 fc:01 8261849                    /lib/x86_64-linux-gnu/libdl-2.19.so
7f3633ea5000-7f3633ea6000 r--p 00002000 fc:01 8261849                    /lib/x86_64-linux-gnu/libdl-2.19.so
7f3633ea6000-7f3633ea7000 rw-p 00003000 fc:01 8261849                    /lib/x86_64-linux-gnu/libdl-2.19.so
7f3633ea7000-7f3633ebc000 r-xp 00000000 fc:01 3026473                    /usr/lib/jvm/java-8-oracle/jre/lib/amd64/jli/libjli.so
7f3633ebc000-7f36340bc000 ---p 00015000 fc:01 3026473                    /usr/lib/jvm/java-8-oracle/jre/lib/amd64/jli/libjli.so
7f36340bc000-7f36340bd000 rw-p 00015000 fc:01 3026473                    /usr/lib/jvm/java-8-oracle/jre/lib/amd64/jli/libjli.so
7f36340bd000-7f36340d6000 r-xp 00000000 fc:01 8261861                    /lib/x86_64-linux-gnu/libpthread-2.19.so
7f36340d6000-7f36342d5000 ---p 00019000 fc:01 8261861                    /lib/x86_64-linux-gnu/libpthread-2.19.so
7f36342d5000-7f36342d6000 r--p 00018000 fc:01 8261861                    /lib/x86_64-linux-gnu/libpthread-2.19.so
7f36342d6000-7f36342d7000 rw-p 00019000 fc:01 8261861                    /lib/x86_64-linux-gnu/libpthread-2.19.so
7f36342d7000-7f36342db000 rw-p 00000000 00:00 0 
7f36342db000-7f36342fe000 r-xp 00000000 fc:01 8261857                    /lib/x86_64-linux-gnu/ld-2.19.so
7f3634319000-7f363431a000 rw-p 00000000 00:00 0 
7f363431a000-7f363431f000 r--s 00094000 fc:01 3027745                    /usr/lib/jvm/java-8-oracle/jre/lib/jsse.jar
7f363431f000-7f36343dd000 rw-p 00000000 00:00 0 
7f36343dd000-7f36343e0000 ---p 00000000 00:00 0 
7f36343e0000-7f36344e2000 rw-p 00000000 00:00 0                          [stack:11698]
7f36344e2000-7f36344f1000 r--s 000dd000 00:1a 11666570                   /home/victorpaul/Android/Sdk/build-tools/21.1.2/lib/dx.jar
7f36344f1000-7f36344f9000 rw-s 00000000 fc:01 13631586                   /tmp/hsperfdata_victorpaul/11689
7f36344f9000-7f36344fa000 rw-p 00000000 00:00 0 
7f36344fa000-7f36344fb000 ---p 00000000 00:00 0 
7f36344fb000-7f36344fd000 rw-p 00000000 00:00 0 
7f36344fd000-7f36344fe000 r--p 00022000 fc:01 8261857                    /lib/x86_64-linux-gnu/ld-2.19.so
7f36344fe000-7f36344ff000 rw-p 00023000 fc:01 8261857                    /lib/x86_64-linux-gnu/ld-2.19.so
7f36344ff000-7f3634500000 rw-p 00000000 00:00 0 
7fff7ed28000-7fff7ed49000 rw-p 00000000 00:00 0                          [stack]
7fff7ed90000-7fff7ed92000 r-xp 00000000 00:00 0                          [vdso]
7fff7ed92000-7fff7ed94000 r--p 00000000 00:00 0                          [vvar]
ffffffffff600000-ffffffffff601000 r-xp 00000000 00:00 0                  [vsyscall]

VM Arguments:
jvm_args: -Xmx1024M 
java_command: /home/victorpaul/Android/Sdk/build-tools/21.1.2/lib/dx.jar --dex --output /home/victorpaul/android/pebble/app/build/intermediates/dex/release --input-list=/home/victorpaul/android/pebble/app/build/intermediates/tmp/dex/release/inputList.txt
java_class_path (initial): /home/victorpaul/Android/Sdk/build-tools/21.1.2/lib/dx.jar
Launcher Type: SUN_STANDARD

Environment Variables:
CLASSPATH=/home/victorpaul/android-studio/bin/../lib/bootstrap.jar:/home/victorpaul/android-studio/bin/../lib/extensions.jar:/home/victorpaul/android-studio/bin/../lib/util.jar:/home/victorpaul/android-studio/bin/../lib/jdom.jar:/home/victorpaul/android-studio/bin/../lib/log4j.jar:/home/victorpaul/android-studio/bin/../lib/trove4j.jar:/home/victorpaul/android-studio/bin/../lib/jna.jar:/usr/lib/jvm/java-8-oracle/lib/tools.jar
PATH=/usr/local/sbin:/usr/local/bin:/usr/sbin:/usr/bin:/sbin:/bin:/usr/games:/usr/local/games:/home/victorpaul/Android/Sdk/platform-tools
LD_LIBRARY_PATH=/home/victorpaul/android-studio/bin:
SHELL=/bin/bash
DISPLAY=:0

Signal Handlers:
SIGSEGV: [libjvm.so+0xaad1e0], sa_mask[0]=11111111011111111101111111111110, sa_flags=SA_RESTART|SA_SIGINFO
SIGBUS: [libjvm.so+0xaad1e0], sa_mask[0]=11111111011111111101111111111110, sa_flags=SA_RESTART|SA_SIGINFO
SIGFPE: [libjvm.so+0x90b450], sa_mask[0]=11111111011111111101111111111110, sa_flags=SA_RESTART|SA_SIGINFO
SIGPIPE: [libjvm.so+0x90b450], sa_mask[0]=11111111011111111101111111111110, sa_flags=SA_RESTART|SA_SIGINFO
SIGXFSZ: [libjvm.so+0x90b450], sa_mask[0]=11111111011111111101111111111110, sa_flags=SA_RESTART|SA_SIGINFO
SIGILL: [libjvm.so+0x90b450], sa_mask[0]=11111111011111111101111111111110, sa_flags=SA_RESTART|SA_SIGINFO
SIGUSR1: SIG_DFL, sa_mask[0]=00000000000000000000000000000000, sa_flags=none
SIGUSR2: [libjvm.so+0x90ca90], sa_mask[0]=00100000000000000000000000000000, sa_flags=SA_RESTART|SA_SIGINFO
SIGHUP: [libjvm.so+0x90dde0], sa_mask[0]=11111111011111111101111111111110, sa_flags=SA_RESTART|SA_SIGINFO
SIGINT: [libjvm.so+0x90dde0], sa_mask[0]=11111111011111111101111111111110, sa_flags=SA_RESTART|SA_SIGINFO
SIGTERM: [libjvm.so+0x90dde0], sa_mask[0]=11111111011111111101111111111110, sa_flags=SA_RESTART|SA_SIGINFO
SIGQUIT: [libjvm.so+0x90dde0], sa_mask[0]=11111111011111111101111111111110, sa_flags=SA_RESTART|SA_SIGINFO


---------------  S Y S T E M  ---------------

OS:DISTRIB_ID=Ubuntu
DISTRIB_RELEASE=14.04
DISTRIB_CODENAME=trusty
DISTRIB_DESCRIPTION="Ubuntu 14.04.2 LTS"

uname:Linux 3.16.0-34-generic #47~14.04.1-Ubuntu SMP Fri Apr 10 17:49:16 UTC 2015 x86_64
libc:glibc 2.19 NPTL 2.19 
rlimit: STACK 8192k, CORE 0k, NPROC 23200, NOFILE 4096, AS infinity
load average:1,02 1,01 0,72

/proc/meminfo:
MemTotal:        5970844 kB
MemFree:          112136 kB
MemAvailable:      91664 kB
Buffers:            2200 kB
Cached:           973808 kB
SwapCached:            0 kB
Active:          4748100 kB
Inactive:         826412 kB
Active(anon):    4705396 kB
Inactive(anon):   798188 kB
Active(file):      42704 kB
Inactive(file):    28224 kB
Unevictable:         464 kB
Mlocked:             464 kB
SwapTotal:             0 kB
SwapFree:              0 kB
Dirty:                44 kB
Writeback:             0 kB
AnonPages:       4601052 kB
Mapped:           331532 kB
Shmem:            903048 kB
Slab:             123444 kB
SReclaimable:      57072 kB
SUnreclaim:        66372 kB
KernelStack:       14240 kB
PageTables:        62060 kB
NFS_Unstable:          0 kB
Bounce:                0 kB
WritebackTmp:          0 kB
CommitLimit:     2985420 kB
Committed_AS:   11874616 kB
VmallocTotal:   34359738367 kB
VmallocUsed:      359068 kB
VmallocChunk:   34359275392 kB
HardwareCorrupted:     0 kB
AnonHugePages:    618496 kB
HugePages_Total:       0
HugePages_Free:        0
HugePages_Rsvd:        0
HugePages_Surp:        0
Hugepagesize:       2048 kB
DirectMap4k:       88456 kB
DirectMap2M:     1867776 kB
DirectMap1G:     4194304 kB


CPU:total 8 (4 cores per cpu, 2 threads per core) family 6 model 60 stepping 3, cmov, cx8, fxsr, mmx, sse, sse2, sse3, ssse3, sse4.1, sse4.2, popcnt, avx, avx2, aes, clmul, erms, rtm, lzcnt, ht, tsc, tscinvbit, bmi1, bmi2

/proc/cpuinfo:
processor	: 0
vendor_id	: GenuineIntel
cpu family	: 6
model		: 60
model name	: Intel(R) Core(TM) i7-4790 CPU @ 3.60GHz
stepping	: 3
microcode	: 0x17
cpu MHz		: 3801.093
cache size	: 8192 KB
physical id	: 0
siblings	: 8
core id		: 0
cpu cores	: 4
apicid		: 0
initial apicid	: 0
fpu		: yes
fpu_exception	: yes
cpuid level	: 13
wp		: yes
flags		: fpu vme de pse tsc msr pae mce cx8 apic sep mtrr pge mca cmov pat pse36 clflush dts acpi mmx fxsr sse sse2 ss ht tm pbe syscall nx pdpe1gb rdtscp lm constant_tsc arch_perfmon pebs bts rep_good nopl xtopology nonstop_tsc aperfmperf eagerfpu pni pclmulqdq dtes64 monitor ds_cpl vmx smx est tm2 ssse3 fma cx16 xtpr pdcm pcid sse4_1 sse4_2 x2apic movbe popcnt tsc_deadline_timer aes xsave avx f16c rdrand lahf_lm abm ida arat xsaveopt pln pts dtherm tpr_shadow vnmi flexpriority ept vpid fsgsbase tsc_adjust bmi1 hle avx2 smep bmi2 erms invpcid rtm
bogomips	: 7200.38
clflush size	: 64
cache_alignment	: 64
address sizes	: 39 bits physical, 48 bits virtual
power management:

processor	: 1
vendor_id	: GenuineIntel
cpu family	: 6
model		: 60
model name	: Intel(R) Core(TM) i7-4790 CPU @ 3.60GHz
stepping	: 3
microcode	: 0x17
cpu MHz		: 3838.218
cache size	: 8192 KB
physical id	: 0
siblings	: 8
core id		: 1
cpu cores	: 4
apicid		: 2
initial apicid	: 2
fpu		: yes
fpu_exception	: yes
cpuid level	: 13
wp		: yes
flags		: fpu vme de pse tsc msr pae mce cx8 apic sep mtrr pge mca cmov pat pse36 clflush dts acpi mmx fxsr sse sse2 ss ht tm pbe syscall nx pdpe1gb rdtscp lm constant_tsc arch_perfmon pebs bts rep_good nopl xtopology nonstop_tsc aperfmperf eagerfpu pni pclmulqdq dtes64 monitor ds_cpl vmx smx est tm2 ssse3 fma cx16 xtpr pdcm pcid sse4_1 sse4_2 x2apic movbe popcnt tsc_deadline_timer aes xsave avx f16c rdrand lahf_lm abm ida arat xsaveopt pln pts dtherm tpr_shadow vnmi flexpriority ept vpid fsgsbase tsc_adjust bmi1 hle avx2 smep bmi2 erms invpcid rtm
bogomips	: 7200.38
clflush size	: 64
cache_alignment	: 64
address sizes	: 39 bits physical, 48 bits virtual
power management:

processor	: 2
vendor_id	: GenuineIntel
cpu family	: 6
model		: 60
model name	: Intel(R) Core(TM) i7-4790 CPU @ 3.60GHz
stepping	: 3
microcode	: 0x17
cpu MHz		: 3806.015
cache size	: 8192 KB
physical id	: 0
siblings	: 8
core id		: 2
cpu cores	: 4
apicid		: 4
initial apicid	: 4
fpu		: yes
fpu_exception	: yes
cpuid level	: 13
wp		: yes
flags		: fpu vme de pse tsc msr pae mce cx8 apic sep mtrr pge mca cmov pat pse36 clflush dts acpi mmx fxsr sse sse2 ss ht tm pbe syscall nx pdpe1gb rdtscp lm constant_tsc arch_perfmon pebs bts rep_good nopl xtopology nonstop_tsc aperfmperf eagerfpu pni pclmulqdq dtes64 monitor ds_cpl vmx smx est tm2 ssse3 fma cx16 xtpr pdcm pcid sse4_1 sse4_2 x2apic movbe popcnt tsc_deadline_timer aes xsave avx f16c rdrand lahf_lm abm ida arat xsaveopt pln pts dtherm tpr_shadow vnmi flexpriority ept vpid fsgsbase tsc_adjust bmi1 hle avx2 smep bmi2 erms invpcid rtm
bogomips	: 7200.38
clflush size	: 64
cache_alignment	: 64
address sizes	: 39 bits physical, 48 bits virtual
power management:

processor	: 3
vendor_id	: GenuineIntel
cpu family	: 6
model		: 60
model name	: Intel(R) Core(TM) i7-4790 CPU @ 3.60GHz
stepping	: 3
microcode	: 0x17
cpu MHz		: 3800.390
cache size	: 8192 KB
physical id	: 0
siblings	: 8
core id		: 3
cpu cores	: 4
apicid		: 6
initial apicid	: 6
fpu		: yes
fpu_exception	: yes
cpuid level	: 13
wp		: yes
flags		: fpu vme de pse tsc msr pae mce cx8 apic sep mtrr pge mca cmov pat pse36 clflush dts acpi mmx fxsr sse sse2 ss ht tm pbe syscall nx pdpe1gb rdtscp lm constant_tsc arch_perfmon pebs bts rep_good nopl xtopology nonstop_tsc aperfmperf eagerfpu pni pclmulqdq dtes64 monitor ds_cpl vmx smx est tm2 ssse3 fma cx16 xtpr pdcm pcid sse4_1 sse4_2 x2apic movbe popcnt tsc_deadline_timer aes xsave avx f16c rdrand lahf_lm abm ida arat xsaveopt pln pts dtherm tpr_shadow vnmi flexpriority ept vpid fsgsbase tsc_adjust bmi1 hle avx2 smep bmi2 erms invpcid rtm
bogomips	: 7200.38
clflush size	: 64
cache_alignment	: 64
address sizes	: 39 bits physical, 48 bits virtual
power management:

processor	: 4
vendor_id	: GenuineIntel
cpu family	: 6
model		: 60
model name	: Intel(R) Core(TM) i7-4790 CPU @ 3.60GHz
stepping	: 3
microcode	: 0x17
cpu MHz		: 3838.500
cache size	: 8192 KB
physical id	: 0
siblings	: 8
core id		: 0
cpu cores	: 4
apicid		: 1
initial apicid	: 1
fpu		: yes
fpu_exception	: yes
cpuid level	: 13
wp		: yes
flags		: fpu vme de pse tsc msr pae mce cx8 apic sep mtrr pge mca cmov pat pse36 clflush dts acpi mmx fxsr sse sse2 ss ht tm pbe syscall nx pdpe1gb rdtscp lm constant_tsc arch_perfmon pebs bts rep_good nopl xtopology nonstop_tsc aperfmperf eagerfpu pni pclmulqdq dtes64 monitor ds_cpl vmx smx est tm2 ssse3 fma cx16 xtpr pdcm pcid sse4_1 sse4_2 x2apic movbe popcnt tsc_deadline_timer aes xsave avx f16c rdrand lahf_lm abm ida arat xsaveopt pln pts dtherm tpr_shadow vnmi flexpriority ept vpid fsgsbase tsc_adjust bmi1 hle avx2 smep bmi2 erms invpcid rtm
bogomips	: 7200.38
clflush size	: 64
cache_alignment	: 64
address sizes	: 39 bits physical, 48 bits virtual
power management:

processor	: 5
vendor_id	: GenuineIntel
cpu family	: 6
model		: 60
model name	: Intel(R) Core(TM) i7-4790 CPU @ 3.60GHz
stepping	: 3
microcode	: 0x17
cpu MHz		: 3799.968
cache size	: 8192 KB
physical id	: 0
siblings	: 8
core id		: 1
cpu cores	: 4
apicid		: 3
initial apicid	: 3
fpu		: yes
fpu_exception	: yes
cpuid level	: 13
wp		: yes
flags		: fpu vme de pse tsc msr pae mce cx8 apic sep mtrr pge mca cmov pat pse36 clflush dts acpi mmx fxsr sse sse2 ss ht tm pbe syscall nx pdpe1gb rdtscp lm constant_tsc arch_perfmon pebs bts rep_good nopl xtopology nonstop_tsc aperfmperf eagerfpu pni pclmulqdq dtes64 monitor ds_cpl vmx smx est tm2 ssse3 fma cx16 xtpr pdcm pcid sse4_1 sse4_2 x2apic movbe popcnt tsc_deadline_timer aes xsave avx f16c rdrand lahf_lm abm ida arat xsaveopt pln pts dtherm tpr_shadow vnmi flexpriority ept vpid fsgsbase tsc_adjust bmi1 hle avx2 smep bmi2 erms invpcid rtm
bogomips	: 7200.38
clflush size	: 64
cache_alignment	: 64
address sizes	: 39 bits physical, 48 bits virtual
power management:

processor	: 6
vendor_id	: GenuineIntel
cpu family	: 6
model		: 60
model name	: Intel(R) Core(TM) i7-4790 CPU @ 3.60GHz
stepping	: 3
microcode	: 0x17
cpu MHz		: 3800.390
cache size	: 8192 KB
physical id	: 0
siblings	: 8
core id		: 2
cpu cores	: 4
apicid		: 5
initial apicid	: 5
fpu		: yes
fpu_exception	: yes
cpuid level	: 13
wp		: yes
flags		: fpu vme de pse tsc msr pae mce cx8 apic sep mtrr pge mca cmov pat pse36 clflush dts acpi mmx fxsr sse sse2 ss ht tm pbe syscall nx pdpe1gb rdtscp lm constant_tsc arch_perfmon pebs bts rep_good nopl xtopology nonstop_tsc aperfmperf eagerfpu pni pclmulqdq dtes64 monitor ds_cpl vmx smx est tm2 ssse3 fma cx16 xtpr pdcm pcid sse4_1 sse4_2 x2apic movbe popcnt tsc_deadline_timer aes xsave avx f16c rdrand lahf_lm abm ida arat xsaveopt pln pts dtherm tpr_shadow vnmi flexpriority ept vpid fsgsbase tsc_adjust bmi1 hle avx2 smep bmi2 erms invpcid rtm
bogomips	: 7200.38
clflush size	: 64
cache_alignment	: 64
address sizes	: 39 bits physical, 48 bits virtual
power management:

processor	: 7
vendor_id	: GenuineIntel
cpu family	: 6
model		: 60
model name	: Intel(R) Core(TM) i7-4790 CPU @ 3.60GHz
stepping	: 3
microcode	: 0x17
cpu MHz		: 3801.375
cache size	: 8192 KB
physical id	: 0
siblings	: 8
core id		: 3
cpu cores	: 4
apicid		: 7
initial apicid	: 7
fpu		: yes
fpu_exception	: yes
cpuid level	: 13
wp		: yes
flags		: fpu vme de pse tsc msr pae mce cx8 apic sep mtrr pge mca cmov pat pse36 clflush dts acpi mmx fxsr sse sse2 ss ht tm pbe syscall nx pdpe1gb rdtscp lm constant_tsc arch_perfmon pebs bts rep_good nopl xtopology nonstop_tsc aperfmperf eagerfpu pni pclmulqdq dtes64 monitor ds_cpl vmx smx est tm2 ssse3 fma cx16 xtpr pdcm pcid sse4_1 sse4_2 x2apic movbe popcnt tsc_deadline_timer aes xsave avx f16c rdrand lahf_lm abm ida arat xsaveopt pln pts dtherm tpr_shadow vnmi flexpriority ept vpid fsgsbase tsc_adjust bmi1 hle avx2 smep bmi2 erms invpcid rtm
bogomips	: 7200.38
clflush size	: 64
cache_alignment	: 64
address sizes	: 39 bits physical, 48 bits virtual
power management:



Memory: 4k page, physical 5970844k(115160k free), swap 0k(0k free)

vm_info: Java HotSpot(TM) 64-Bit Server VM (25.45-b02) for linux-amd64 JRE (1.8.0_45-b14), built on Apr 10 2015 10:07:45 by "java_re" with gcc 4.3.0 20080428 (Red Hat 4.3.0-8)

time: Mon Apr 27 13:45:50 2015
elapsed time: 1 seconds (0d 0h 0m 1s)

